The system is: Linux - 5.10.104-linuxkit - armv7l
Compiling the C compiler identification source file "CMakeCCompilerId.c" succeeded.
Compiler: /usr/bin/cc 
Build flags: 
Id flags:  

The output was:
0


Compilation of the C compiler identification source "CMakeCCompilerId.c" produced "a.out"

The C compiler identification is GNU, found in "/home/nanodet/demo_ncnn/build/CMakeFiles/3.22.1/CompilerIdC/a.out"

Compiling the CXX compiler identification source file "CMakeCXXCompilerId.cpp" succeeded.
Compiler: /usr/bin/c++ 
Build flags: 
Id flags:  

The output was:
0


Compilation of the CXX compiler identification source "CMakeCXXCompilerId.cpp" produced "a.out"

The CXX compiler identification is GNU, found in "/home/nanodet/demo_ncnn/build/CMakeFiles/3.22.1/CompilerIdCXX/a.out"

Detecting C compiler ABI info compiled with the following output:
Change Dir: /home/nanodet/demo_ncnn/build/CMakeFiles/CMakeTmp

Run Build Command(s):/usr/bin/gmake -f Makefile cmTC_927eb/fast && /usr/bin/gmake  -f CMakeFiles/cmTC_927eb.dir/build.make CMakeFiles/cmTC_927eb.dir/build
gmake[1]: Entering directory '/home/nanodet/demo_ncnn/build/CMakeFiles/CMakeTmp'
Building C object CMakeFiles/cmTC_927eb.dir/CMakeCCompilerABI.c.o
/usr/bin/cc   -v -o CMakeFiles/cmTC_927eb.dir/CMakeCCompilerABI.c.o -c /usr/share/cmake-3.22/Modules/CMakeCCompilerABI.c
Using built-in specs.
COLLECT_GCC=/usr/bin/cc
Target: arm-linux-gnueabihf
Configured with: ../src/configure -v --with-pkgversion='Ubuntu 11.3.0-1ubuntu1~22.04' --with-bugurl=file:///usr/share/doc/gcc-11/README.Bugs --enable-languages=c,ada,c++,go,d,fortran,objc,obj-c++,m2 --prefix=/usr --with-gcc-major-version-only --program-suffix=-11 --program-prefix=arm-linux-gnueabihf- --enable-shared --enable-linker-build-id --libexecdir=/usr/lib --without-included-gettext --enable-threads=posix --libdir=/usr/lib --enable-nls --enable-bootstrap --enable-clocale=gnu --enable-libstdcxx-debug --enable-libstdcxx-time=yes --with-default-libstdcxx-abi=new --enable-gnu-unique-object --disable-libitm --disable-libquadmath --disable-libquadmath-support --enable-plugin --enable-default-pie --with-system-zlib --enable-libphobos-checking=release --with-target-system-zlib=auto --enable-objc-gc=auto --enable-multiarch --disable-sjlj-exceptions --with-arch=armv7-a+fp --with-float=hard --with-mode=thumb --disable-werror --enable-checking=release --build=arm-linux-gnueabihf --host=arm-linux-gnueabihf --target=arm-linux-gnueabihf
Thread model: posix
Supported LTO compression algorithms: zlib zstd
gcc version 11.3.0 (Ubuntu 11.3.0-1ubuntu1~22.04) 
COLLECT_GCC_OPTIONS='-v' '-o' 'CMakeFiles/cmTC_927eb.dir/CMakeCCompilerABI.c.o' '-c'  '-mfloat-abi=hard' '-mtls-dialect=gnu' '-mthumb' '-mlibarch=armv7-a+fp' '-march=armv7-a+fp' '-dumpdir' 'CMakeFiles/cmTC_927eb.dir/'
 /usr/lib/gcc/arm-linux-gnueabihf/11/cc1 -quiet -v -imultilib . -imultiarch arm-linux-gnueabihf /usr/share/cmake-3.22/Modules/CMakeCCompilerABI.c -quiet -dumpdir CMakeFiles/cmTC_927eb.dir/ -dumpbase CMakeCCompilerABI.c.c -dumpbase-ext .c -mfloat-abi=hard -mtls-dialect=gnu -mthumb -mlibarch=armv7-a+fp -march=armv7-a+fp -version -fstack-protector-strong -Wformat -Wformat-security -o /tmp/ccho9XD0.s
GNU C17 (Ubuntu 11.3.0-1ubuntu1~22.04) version 11.3.0 (arm-linux-gnueabihf)
	compiled by GNU C version 11.3.0, GMP version 6.2.1, MPFR version 4.1.0, MPC version 1.2.1, isl version isl-0.24-GMP

GGC heuristics: --param ggc-min-expand=100 --param ggc-min-heapsize=131072
ignoring nonexistent directory "/usr/local/include/arm-linux-gnueabihf"
ignoring nonexistent directory "/usr/lib/gcc/arm-linux-gnueabihf/11/include-fixed"
ignoring nonexistent directory "/usr/lib/gcc/arm-linux-gnueabihf/11/../../../../arm-linux-gnueabihf/include"
#include "..." search starts here:
#include <...> search starts here:
 /usr/lib/gcc/arm-linux-gnueabihf/11/include
 /usr/local/include
 /usr/include/arm-linux-gnueabihf
 /usr/include
End of search list.
GNU C17 (Ubuntu 11.3.0-1ubuntu1~22.04) version 11.3.0 (arm-linux-gnueabihf)
	compiled by GNU C version 11.3.0, GMP version 6.2.1, MPFR version 4.1.0, MPC version 1.2.1, isl version isl-0.24-GMP

GGC heuristics: --param ggc-min-expand=100 --param ggc-min-heapsize=131072
Compiler executable checksum: d7401bf2273b6cc8b73cdd1092c26419
COLLECT_GCC_OPTIONS='-v' '-o' 'CMakeFiles/cmTC_927eb.dir/CMakeCCompilerABI.c.o' '-c'  '-mfloat-abi=hard' '-mtls-dialect=gnu' '-mthumb' '-mlibarch=armv7-a+fp' '-march=armv7-a+fp' '-dumpdir' 'CMakeFiles/cmTC_927eb.dir/'
 as -v -march=armv7-a -mfloat-abi=hard -meabi=5 -o CMakeFiles/cmTC_927eb.dir/CMakeCCompilerABI.c.o /tmp/ccho9XD0.s
GNU assembler version 2.38 (arm-linux-gnueabihf) using BFD version (GNU Binutils for Ubuntu) 2.38
COMPILER_PATH=/usr/lib/gcc/arm-linux-gnueabihf/11/:/usr/lib/gcc/arm-linux-gnueabihf/11/:/usr/lib/gcc/arm-linux-gnueabihf/:/usr/lib/gcc/arm-linux-gnueabihf/11/:/usr/lib/gcc/arm-linux-gnueabihf/
LIBRARY_PATH=/usr/lib/gcc/arm-linux-gnueabihf/11/:/usr/lib/gcc/arm-linux-gnueabihf/11/../../../arm-linux-gnueabihf/:/usr/lib/gcc/arm-linux-gnueabihf/11/../../../:/lib/arm-linux-gnueabihf/:/lib/:/usr/lib/arm-linux-gnueabihf/:/usr/lib/
COLLECT_GCC_OPTIONS='-v' '-o' 'CMakeFiles/cmTC_927eb.dir/CMakeCCompilerABI.c.o' '-c'  '-mfloat-abi=hard' '-mtls-dialect=gnu' '-mthumb' '-mlibarch=armv7-a+fp' '-march=armv7-a+fp' '-dumpdir' 'CMakeFiles/cmTC_927eb.dir/CMakeCCompilerABI.c.'
Linking C executable cmTC_927eb
/usr/bin/cmake -E cmake_link_script CMakeFiles/cmTC_927eb.dir/link.txt --verbose=1
/usr/bin/cc  -v CMakeFiles/cmTC_927eb.dir/CMakeCCompilerABI.c.o -o cmTC_927eb 
Using built-in specs.
COLLECT_GCC=/usr/bin/cc
COLLECT_LTO_WRAPPER=/usr/lib/gcc/arm-linux-gnueabihf/11/lto-wrapper
Target: arm-linux-gnueabihf
Configured with: ../src/configure -v --with-pkgversion='Ubuntu 11.3.0-1ubuntu1~22.04' --with-bugurl=file:///usr/share/doc/gcc-11/README.Bugs --enable-languages=c,ada,c++,go,d,fortran,objc,obj-c++,m2 --prefix=/usr --with-gcc-major-version-only --program-suffix=-11 --program-prefix=arm-linux-gnueabihf- --enable-shared --enable-linker-build-id --libexecdir=/usr/lib --without-included-gettext --enable-threads=posix --libdir=/usr/lib --enable-nls --enable-bootstrap --enable-clocale=gnu --enable-libstdcxx-debug --enable-libstdcxx-time=yes --with-default-libstdcxx-abi=new --enable-gnu-unique-object --disable-libitm --disable-libquadmath --disable-libquadmath-support --enable-plugin --enable-default-pie --with-system-zlib --enable-libphobos-checking=release --with-target-system-zlib=auto --enable-objc-gc=auto --enable-multiarch --disable-sjlj-exceptions --with-arch=armv7-a+fp --with-float=hard --with-mode=thumb --disable-werror --enable-checking=release --build=arm-linux-gnueabihf --host=arm-linux-gnueabihf --target=arm-linux-gnueabihf
Thread model: posix
Supported LTO compression algorithms: zlib zstd
gcc version 11.3.0 (Ubuntu 11.3.0-1ubuntu1~22.04) 
COMPILER_PATH=/usr/lib/gcc/arm-linux-gnueabihf/11/:/usr/lib/gcc/arm-linux-gnueabihf/11/:/usr/lib/gcc/arm-linux-gnueabihf/:/usr/lib/gcc/arm-linux-gnueabihf/11/:/usr/lib/gcc/arm-linux-gnueabihf/
LIBRARY_PATH=/usr/lib/gcc/arm-linux-gnueabihf/11/:/usr/lib/gcc/arm-linux-gnueabihf/11/../../../arm-linux-gnueabihf/:/usr/lib/gcc/arm-linux-gnueabihf/11/../../../:/lib/arm-linux-gnueabihf/:/lib/:/usr/lib/arm-linux-gnueabihf/:/usr/lib/
COLLECT_GCC_OPTIONS='-v' '-o' 'cmTC_927eb'  '-mfloat-abi=hard' '-mtls-dialect=gnu' '-mthumb' '-mlibarch=armv7-a+fp' '-march=armv7-a+fp' '-dumpdir' 'cmTC_927eb.'
 /usr/lib/gcc/arm-linux-gnueabihf/11/collect2 -plugin /usr/lib/gcc/arm-linux-gnueabihf/11/liblto_plugin.so -plugin-opt=/usr/lib/gcc/arm-linux-gnueabihf/11/lto-wrapper -plugin-opt=-fresolution=/tmp/ccZPh71C.res -plugin-opt=-pass-through=-lgcc -plugin-opt=-pass-through=-lgcc_s -plugin-opt=-pass-through=-lc -plugin-opt=-pass-through=-lgcc -plugin-opt=-pass-through=-lgcc_s --build-id --eh-frame-hdr -dynamic-linker /lib/ld-linux-armhf.so.3 -X --hash-style=gnu --as-needed -m armelf_linux_eabi -pie -z now -z relro -o cmTC_927eb /usr/lib/gcc/arm-linux-gnueabihf/11/../../../arm-linux-gnueabihf/Scrt1.o /usr/lib/gcc/arm-linux-gnueabihf/11/../../../arm-linux-gnueabihf/crti.o /usr/lib/gcc/arm-linux-gnueabihf/11/crtbeginS.o -L/usr/lib/gcc/arm-linux-gnueabihf/11 -L/usr/lib/gcc/arm-linux-gnueabihf/11/../../../arm-linux-gnueabihf -L/usr/lib/gcc/arm-linux-gnueabihf/11/../../.. -L/lib/arm-linux-gnueabihf -L/usr/lib/arm-linux-gnueabihf CMakeFiles/cmTC_927eb.dir/CMakeCCompilerABI.c.o -lgcc --push-state --as-needed -lgcc_s --pop-state -lc -lgcc --push-state --as-needed -lgcc_s --pop-state /usr/lib/gcc/arm-linux-gnueabihf/11/crtendS.o /usr/lib/gcc/arm-linux-gnueabihf/11/../../../arm-linux-gnueabihf/crtn.o
COLLECT_GCC_OPTIONS='-v' '-o' 'cmTC_927eb'  '-mfloat-abi=hard' '-mtls-dialect=gnu' '-mthumb' '-mlibarch=armv7-a+fp' '-march=armv7-a+fp' '-dumpdir' 'cmTC_927eb.'
gmake[1]: Leaving directory '/home/nanodet/demo_ncnn/build/CMakeFiles/CMakeTmp'



Parsed C implicit include dir info from above output: rv=done
  found start of include info
  found start of implicit include info
    add: [/usr/lib/gcc/arm-linux-gnueabihf/11/include]
    add: [/usr/local/include]
    add: [/usr/include/arm-linux-gnueabihf]
    add: [/usr/include]
  end of search list found
  collapse include dir [/usr/lib/gcc/arm-linux-gnueabihf/11/include] ==> [/usr/lib/gcc/arm-linux-gnueabihf/11/include]
  collapse include dir [/usr/local/include] ==> [/usr/local/include]
  collapse include dir [/usr/include/arm-linux-gnueabihf] ==> [/usr/include/arm-linux-gnueabihf]
  collapse include dir [/usr/include] ==> [/usr/include]
  implicit include dirs: [/usr/lib/gcc/arm-linux-gnueabihf/11/include;/usr/local/include;/usr/include/arm-linux-gnueabihf;/usr/include]


Parsed C implicit link information from above output:
  link line regex: [^( *|.*[/\])(ld|CMAKE_LINK_STARTFILE-NOTFOUND|([^/\]+-)?ld|collect2)[^/\]*( |$)]
  ignore line: [Change Dir: /home/nanodet/demo_ncnn/build/CMakeFiles/CMakeTmp]
  ignore line: []
  ignore line: [Run Build Command(s):/usr/bin/gmake -f Makefile cmTC_927eb/fast && /usr/bin/gmake  -f CMakeFiles/cmTC_927eb.dir/build.make CMakeFiles/cmTC_927eb.dir/build]
  ignore line: [gmake[1]: Entering directory '/home/nanodet/demo_ncnn/build/CMakeFiles/CMakeTmp']
  ignore line: [Building C object CMakeFiles/cmTC_927eb.dir/CMakeCCompilerABI.c.o]
  ignore line: [/usr/bin/cc   -v -o CMakeFiles/cmTC_927eb.dir/CMakeCCompilerABI.c.o -c /usr/share/cmake-3.22/Modules/CMakeCCompilerABI.c]
  ignore line: [Using built-in specs.]
  ignore line: [COLLECT_GCC=/usr/bin/cc]
  ignore line: [Target: arm-linux-gnueabihf]
  ignore line: [Configured with: ../src/configure -v --with-pkgversion='Ubuntu 11.3.0-1ubuntu1~22.04' --with-bugurl=file:///usr/share/doc/gcc-11/README.Bugs --enable-languages=c ada c++ go d fortran objc obj-c++ m2 --prefix=/usr --with-gcc-major-version-only --program-suffix=-11 --program-prefix=arm-linux-gnueabihf- --enable-shared --enable-linker-build-id --libexecdir=/usr/lib --without-included-gettext --enable-threads=posix --libdir=/usr/lib --enable-nls --enable-bootstrap --enable-clocale=gnu --enable-libstdcxx-debug --enable-libstdcxx-time=yes --with-default-libstdcxx-abi=new --enable-gnu-unique-object --disable-libitm --disable-libquadmath --disable-libquadmath-support --enable-plugin --enable-default-pie --with-system-zlib --enable-libphobos-checking=release --with-target-system-zlib=auto --enable-objc-gc=auto --enable-multiarch --disable-sjlj-exceptions --with-arch=armv7-a+fp --with-float=hard --with-mode=thumb --disable-werror --enable-checking=release --build=arm-linux-gnueabihf --host=arm-linux-gnueabihf --target=arm-linux-gnueabihf]
  ignore line: [Thread model: posix]
  ignore line: [Supported LTO compression algorithms: zlib zstd]
  ignore line: [gcc version 11.3.0 (Ubuntu 11.3.0-1ubuntu1~22.04) ]
  ignore line: [COLLECT_GCC_OPTIONS='-v' '-o' 'CMakeFiles/cmTC_927eb.dir/CMakeCCompilerABI.c.o' '-c'  '-mfloat-abi=hard' '-mtls-dialect=gnu' '-mthumb' '-mlibarch=armv7-a+fp' '-march=armv7-a+fp' '-dumpdir' 'CMakeFiles/cmTC_927eb.dir/']
  ignore line: [ /usr/lib/gcc/arm-linux-gnueabihf/11/cc1 -quiet -v -imultilib . -imultiarch arm-linux-gnueabihf /usr/share/cmake-3.22/Modules/CMakeCCompilerABI.c -quiet -dumpdir CMakeFiles/cmTC_927eb.dir/ -dumpbase CMakeCCompilerABI.c.c -dumpbase-ext .c -mfloat-abi=hard -mtls-dialect=gnu -mthumb -mlibarch=armv7-a+fp -march=armv7-a+fp -version -fstack-protector-strong -Wformat -Wformat-security -o /tmp/ccho9XD0.s]
  ignore line: [GNU C17 (Ubuntu 11.3.0-1ubuntu1~22.04) version 11.3.0 (arm-linux-gnueabihf)]
  ignore line: [	compiled by GNU C version 11.3.0  GMP version 6.2.1  MPFR version 4.1.0  MPC version 1.2.1  isl version isl-0.24-GMP]
  ignore line: []
  ignore line: [GGC heuristics: --param ggc-min-expand=100 --param ggc-min-heapsize=131072]
  ignore line: [ignoring nonexistent directory "/usr/local/include/arm-linux-gnueabihf"]
  ignore line: [ignoring nonexistent directory "/usr/lib/gcc/arm-linux-gnueabihf/11/include-fixed"]
  ignore line: [ignoring nonexistent directory "/usr/lib/gcc/arm-linux-gnueabihf/11/../../../../arm-linux-gnueabihf/include"]
  ignore line: [#include "..." search starts here:]
  ignore line: [#include <...> search starts here:]
  ignore line: [ /usr/lib/gcc/arm-linux-gnueabihf/11/include]
  ignore line: [ /usr/local/include]
  ignore line: [ /usr/include/arm-linux-gnueabihf]
  ignore line: [ /usr/include]
  ignore line: [End of search list.]
  ignore line: [GNU C17 (Ubuntu 11.3.0-1ubuntu1~22.04) version 11.3.0 (arm-linux-gnueabihf)]
  ignore line: [	compiled by GNU C version 11.3.0  GMP version 6.2.1  MPFR version 4.1.0  MPC version 1.2.1  isl version isl-0.24-GMP]
  ignore line: []
  ignore line: [GGC heuristics: --param ggc-min-expand=100 --param ggc-min-heapsize=131072]
  ignore line: [Compiler executable checksum: d7401bf2273b6cc8b73cdd1092c26419]
  ignore line: [COLLECT_GCC_OPTIONS='-v' '-o' 'CMakeFiles/cmTC_927eb.dir/CMakeCCompilerABI.c.o' '-c'  '-mfloat-abi=hard' '-mtls-dialect=gnu' '-mthumb' '-mlibarch=armv7-a+fp' '-march=armv7-a+fp' '-dumpdir' 'CMakeFiles/cmTC_927eb.dir/']
  ignore line: [ as -v -march=armv7-a -mfloat-abi=hard -meabi=5 -o CMakeFiles/cmTC_927eb.dir/CMakeCCompilerABI.c.o /tmp/ccho9XD0.s]
  ignore line: [GNU assembler version 2.38 (arm-linux-gnueabihf) using BFD version (GNU Binutils for Ubuntu) 2.38]
  ignore line: [COMPILER_PATH=/usr/lib/gcc/arm-linux-gnueabihf/11/:/usr/lib/gcc/arm-linux-gnueabihf/11/:/usr/lib/gcc/arm-linux-gnueabihf/:/usr/lib/gcc/arm-linux-gnueabihf/11/:/usr/lib/gcc/arm-linux-gnueabihf/]
  ignore line: [LIBRARY_PATH=/usr/lib/gcc/arm-linux-gnueabihf/11/:/usr/lib/gcc/arm-linux-gnueabihf/11/../../../arm-linux-gnueabihf/:/usr/lib/gcc/arm-linux-gnueabihf/11/../../../:/lib/arm-linux-gnueabihf/:/lib/:/usr/lib/arm-linux-gnueabihf/:/usr/lib/]
  ignore line: [COLLECT_GCC_OPTIONS='-v' '-o' 'CMakeFiles/cmTC_927eb.dir/CMakeCCompilerABI.c.o' '-c'  '-mfloat-abi=hard' '-mtls-dialect=gnu' '-mthumb' '-mlibarch=armv7-a+fp' '-march=armv7-a+fp' '-dumpdir' 'CMakeFiles/cmTC_927eb.dir/CMakeCCompilerABI.c.']
  ignore line: [Linking C executable cmTC_927eb]
  ignore line: [/usr/bin/cmake -E cmake_link_script CMakeFiles/cmTC_927eb.dir/link.txt --verbose=1]
  ignore line: [/usr/bin/cc  -v CMakeFiles/cmTC_927eb.dir/CMakeCCompilerABI.c.o -o cmTC_927eb ]
  ignore line: [Using built-in specs.]
  ignore line: [COLLECT_GCC=/usr/bin/cc]
  ignore line: [COLLECT_LTO_WRAPPER=/usr/lib/gcc/arm-linux-gnueabihf/11/lto-wrapper]
  ignore line: [Target: arm-linux-gnueabihf]
  ignore line: [Configured with: ../src/configure -v --with-pkgversion='Ubuntu 11.3.0-1ubuntu1~22.04' --with-bugurl=file:///usr/share/doc/gcc-11/README.Bugs --enable-languages=c ada c++ go d fortran objc obj-c++ m2 --prefix=/usr --with-gcc-major-version-only --program-suffix=-11 --program-prefix=arm-linux-gnueabihf- --enable-shared --enable-linker-build-id --libexecdir=/usr/lib --without-included-gettext --enable-threads=posix --libdir=/usr/lib --enable-nls --enable-bootstrap --enable-clocale=gnu --enable-libstdcxx-debug --enable-libstdcxx-time=yes --with-default-libstdcxx-abi=new --enable-gnu-unique-object --disable-libitm --disable-libquadmath --disable-libquadmath-support --enable-plugin --enable-default-pie --with-system-zlib --enable-libphobos-checking=release --with-target-system-zlib=auto --enable-objc-gc=auto --enable-multiarch --disable-sjlj-exceptions --with-arch=armv7-a+fp --with-float=hard --with-mode=thumb --disable-werror --enable-checking=release --build=arm-linux-gnueabihf --host=arm-linux-gnueabihf --target=arm-linux-gnueabihf]
  ignore line: [Thread model: posix]
  ignore line: [Supported LTO compression algorithms: zlib zstd]
  ignore line: [gcc version 11.3.0 (Ubuntu 11.3.0-1ubuntu1~22.04) ]
  ignore line: [COMPILER_PATH=/usr/lib/gcc/arm-linux-gnueabihf/11/:/usr/lib/gcc/arm-linux-gnueabihf/11/:/usr/lib/gcc/arm-linux-gnueabihf/:/usr/lib/gcc/arm-linux-gnueabihf/11/:/usr/lib/gcc/arm-linux-gnueabihf/]
  ignore line: [LIBRARY_PATH=/usr/lib/gcc/arm-linux-gnueabihf/11/:/usr/lib/gcc/arm-linux-gnueabihf/11/../../../arm-linux-gnueabihf/:/usr/lib/gcc/arm-linux-gnueabihf/11/../../../:/lib/arm-linux-gnueabihf/:/lib/:/usr/lib/arm-linux-gnueabihf/:/usr/lib/]
  ignore line: [COLLECT_GCC_OPTIONS='-v' '-o' 'cmTC_927eb'  '-mfloat-abi=hard' '-mtls-dialect=gnu' '-mthumb' '-mlibarch=armv7-a+fp' '-march=armv7-a+fp' '-dumpdir' 'cmTC_927eb.']
  link line: [ /usr/lib/gcc/arm-linux-gnueabihf/11/collect2 -plugin /usr/lib/gcc/arm-linux-gnueabihf/11/liblto_plugin.so -plugin-opt=/usr/lib/gcc/arm-linux-gnueabihf/11/lto-wrapper -plugin-opt=-fresolution=/tmp/ccZPh71C.res -plugin-opt=-pass-through=-lgcc -plugin-opt=-pass-through=-lgcc_s -plugin-opt=-pass-through=-lc -plugin-opt=-pass-through=-lgcc -plugin-opt=-pass-through=-lgcc_s --build-id --eh-frame-hdr -dynamic-linker /lib/ld-linux-armhf.so.3 -X --hash-style=gnu --as-needed -m armelf_linux_eabi -pie -z now -z relro -o cmTC_927eb /usr/lib/gcc/arm-linux-gnueabihf/11/../../../arm-linux-gnueabihf/Scrt1.o /usr/lib/gcc/arm-linux-gnueabihf/11/../../../arm-linux-gnueabihf/crti.o /usr/lib/gcc/arm-linux-gnueabihf/11/crtbeginS.o -L/usr/lib/gcc/arm-linux-gnueabihf/11 -L/usr/lib/gcc/arm-linux-gnueabihf/11/../../../arm-linux-gnueabihf -L/usr/lib/gcc/arm-linux-gnueabihf/11/../../.. -L/lib/arm-linux-gnueabihf -L/usr/lib/arm-linux-gnueabihf CMakeFiles/cmTC_927eb.dir/CMakeCCompilerABI.c.o -lgcc --push-state --as-needed -lgcc_s --pop-state -lc -lgcc --push-state --as-needed -lgcc_s --pop-state /usr/lib/gcc/arm-linux-gnueabihf/11/crtendS.o /usr/lib/gcc/arm-linux-gnueabihf/11/../../../arm-linux-gnueabihf/crtn.o]
    arg [/usr/lib/gcc/arm-linux-gnueabihf/11/collect2] ==> ignore
    arg [-plugin] ==> ignore
    arg [/usr/lib/gcc/arm-linux-gnueabihf/11/liblto_plugin.so] ==> ignore
    arg [-plugin-opt=/usr/lib/gcc/arm-linux-gnueabihf/11/lto-wrapper] ==> ignore
    arg [-plugin-opt=-fresolution=/tmp/ccZPh71C.res] ==> ignore
    arg [-plugin-opt=-pass-through=-lgcc] ==> ignore
    arg [-plugin-opt=-pass-through=-lgcc_s] ==> ignore
    arg [-plugin-opt=-pass-through=-lc] ==> ignore
    arg [-plugin-opt=-pass-through=-lgcc] ==> ignore
    arg [-plugin-opt=-pass-through=-lgcc_s] ==> ignore
    arg [--build-id] ==> ignore
    arg [--eh-frame-hdr] ==> ignore
    arg [-dynamic-linker] ==> ignore
    arg [/lib/ld-linux-armhf.so.3] ==> ignore
    arg [-X] ==> ignore
    arg [--hash-style=gnu] ==> ignore
    arg [--as-needed] ==> ignore
    arg [-m] ==> ignore
    arg [armelf_linux_eabi] ==> ignore
    arg [-pie] ==> ignore
    arg [-znow] ==> ignore
    arg [-zrelro] ==> ignore
    arg [-o] ==> ignore
    arg [cmTC_927eb] ==> ignore
    arg [/usr/lib/gcc/arm-linux-gnueabihf/11/../../../arm-linux-gnueabihf/Scrt1.o] ==> obj [/usr/lib/gcc/arm-linux-gnueabihf/11/../../../arm-linux-gnueabihf/Scrt1.o]
    arg [/usr/lib/gcc/arm-linux-gnueabihf/11/../../../arm-linux-gnueabihf/crti.o] ==> obj [/usr/lib/gcc/arm-linux-gnueabihf/11/../../../arm-linux-gnueabihf/crti.o]
    arg [/usr/lib/gcc/arm-linux-gnueabihf/11/crtbeginS.o] ==> obj [/usr/lib/gcc/arm-linux-gnueabihf/11/crtbeginS.o]
    arg [-L/usr/lib/gcc/arm-linux-gnueabihf/11] ==> dir [/usr/lib/gcc/arm-linux-gnueabihf/11]
    arg [-L/usr/lib/gcc/arm-linux-gnueabihf/11/../../../arm-linux-gnueabihf] ==> dir [/usr/lib/gcc/arm-linux-gnueabihf/11/../../../arm-linux-gnueabihf]
    arg [-L/usr/lib/gcc/arm-linux-gnueabihf/11/../../..] ==> dir [/usr/lib/gcc/arm-linux-gnueabihf/11/../../..]
    arg [-L/lib/arm-linux-gnueabihf] ==> dir [/lib/arm-linux-gnueabihf]
    arg [-L/usr/lib/arm-linux-gnueabihf] ==> dir [/usr/lib/arm-linux-gnueabihf]
    arg [CMakeFiles/cmTC_927eb.dir/CMakeCCompilerABI.c.o] ==> ignore
    arg [-lgcc] ==> lib [gcc]
    arg [--push-state] ==> ignore
    arg [--as-needed] ==> ignore
    arg [-lgcc_s] ==> lib [gcc_s]
    arg [--pop-state] ==> ignore
    arg [-lc] ==> lib [c]
    arg [-lgcc] ==> lib [gcc]
    arg [--push-state] ==> ignore
    arg [--as-needed] ==> ignore
    arg [-lgcc_s] ==> lib [gcc_s]
    arg [--pop-state] ==> ignore
    arg [/usr/lib/gcc/arm-linux-gnueabihf/11/crtendS.o] ==> obj [/usr/lib/gcc/arm-linux-gnueabihf/11/crtendS.o]
    arg [/usr/lib/gcc/arm-linux-gnueabihf/11/../../../arm-linux-gnueabihf/crtn.o] ==> obj [/usr/lib/gcc/arm-linux-gnueabihf/11/../../../arm-linux-gnueabihf/crtn.o]
  collapse obj [/usr/lib/gcc/arm-linux-gnueabihf/11/../../../arm-linux-gnueabihf/Scrt1.o] ==> [/usr/lib/arm-linux-gnueabihf/Scrt1.o]
  collapse obj [/usr/lib/gcc/arm-linux-gnueabihf/11/../../../arm-linux-gnueabihf/crti.o] ==> [/usr/lib/arm-linux-gnueabihf/crti.o]
  collapse obj [/usr/lib/gcc/arm-linux-gnueabihf/11/../../../arm-linux-gnueabihf/crtn.o] ==> [/usr/lib/arm-linux-gnueabihf/crtn.o]
  collapse library dir [/usr/lib/gcc/arm-linux-gnueabihf/11] ==> [/usr/lib/gcc/arm-linux-gnueabihf/11]
  collapse library dir [/usr/lib/gcc/arm-linux-gnueabihf/11/../../../arm-linux-gnueabihf] ==> [/usr/lib/arm-linux-gnueabihf]
  collapse library dir [/usr/lib/gcc/arm-linux-gnueabihf/11/../../..] ==> [/usr/lib]
  collapse library dir [/lib/arm-linux-gnueabihf] ==> [/lib/arm-linux-gnueabihf]
  collapse library dir [/usr/lib/arm-linux-gnueabihf] ==> [/usr/lib/arm-linux-gnueabihf]
  implicit libs: [gcc;gcc_s;c;gcc;gcc_s]
  implicit objs: [/usr/lib/arm-linux-gnueabihf/Scrt1.o;/usr/lib/arm-linux-gnueabihf/crti.o;/usr/lib/gcc/arm-linux-gnueabihf/11/crtbeginS.o;/usr/lib/gcc/arm-linux-gnueabihf/11/crtendS.o;/usr/lib/arm-linux-gnueabihf/crtn.o]
  implicit dirs: [/usr/lib/gcc/arm-linux-gnueabihf/11;/usr/lib/arm-linux-gnueabihf;/usr/lib;/lib/arm-linux-gnueabihf]
  implicit fwks: []


Detecting CXX compiler ABI info compiled with the following output:
Change Dir: /home/nanodet/demo_ncnn/build/CMakeFiles/CMakeTmp

Run Build Command(s):/usr/bin/gmake -f Makefile cmTC_9c825/fast && /usr/bin/gmake  -f CMakeFiles/cmTC_9c825.dir/build.make CMakeFiles/cmTC_9c825.dir/build
gmake[1]: Entering directory '/home/nanodet/demo_ncnn/build/CMakeFiles/CMakeTmp'
Building CXX object CMakeFiles/cmTC_9c825.dir/CMakeCXXCompilerABI.cpp.o
/usr/bin/c++   -v -o CMakeFiles/cmTC_9c825.dir/CMakeCXXCompilerABI.cpp.o -c /usr/share/cmake-3.22/Modules/CMakeCXXCompilerABI.cpp
Using built-in specs.
COLLECT_GCC=/usr/bin/c++
Target: arm-linux-gnueabihf
Configured with: ../src/configure -v --with-pkgversion='Ubuntu 11.3.0-1ubuntu1~22.04' --with-bugurl=file:///usr/share/doc/gcc-11/README.Bugs --enable-languages=c,ada,c++,go,d,fortran,objc,obj-c++,m2 --prefix=/usr --with-gcc-major-version-only --program-suffix=-11 --program-prefix=arm-linux-gnueabihf- --enable-shared --enable-linker-build-id --libexecdir=/usr/lib --without-included-gettext --enable-threads=posix --libdir=/usr/lib --enable-nls --enable-bootstrap --enable-clocale=gnu --enable-libstdcxx-debug --enable-libstdcxx-time=yes --with-default-libstdcxx-abi=new --enable-gnu-unique-object --disable-libitm --disable-libquadmath --disable-libquadmath-support --enable-plugin --enable-default-pie --with-system-zlib --enable-libphobos-checking=release --with-target-system-zlib=auto --enable-objc-gc=auto --enable-multiarch --disable-sjlj-exceptions --with-arch=armv7-a+fp --with-float=hard --with-mode=thumb --disable-werror --enable-checking=release --build=arm-linux-gnueabihf --host=arm-linux-gnueabihf --target=arm-linux-gnueabihf
Thread model: posix
Supported LTO compression algorithms: zlib zstd
gcc version 11.3.0 (Ubuntu 11.3.0-1ubuntu1~22.04) 
COLLECT_GCC_OPTIONS='-v' '-o' 'CMakeFiles/cmTC_9c825.dir/CMakeCXXCompilerABI.cpp.o' '-c' '-shared-libgcc'  '-mfloat-abi=hard' '-mtls-dialect=gnu' '-mthumb' '-mlibarch=armv7-a+fp' '-march=armv7-a+fp' '-dumpdir' 'CMakeFiles/cmTC_9c825.dir/'
 /usr/lib/gcc/arm-linux-gnueabihf/11/cc1plus -quiet -v -imultilib . -imultiarch arm-linux-gnueabihf -D_GNU_SOURCE /usr/share/cmake-3.22/Modules/CMakeCXXCompilerABI.cpp -quiet -dumpdir CMakeFiles/cmTC_9c825.dir/ -dumpbase CMakeCXXCompilerABI.cpp.cpp -dumpbase-ext .cpp -mfloat-abi=hard -mtls-dialect=gnu -mthumb -mlibarch=armv7-a+fp -march=armv7-a+fp -version -fstack-protector-strong -Wformat -Wformat-security -o /tmp/ccGHsaCz.s
GNU C++17 (Ubuntu 11.3.0-1ubuntu1~22.04) version 11.3.0 (arm-linux-gnueabihf)
	compiled by GNU C version 11.3.0, GMP version 6.2.1, MPFR version 4.1.0, MPC version 1.2.1, isl version isl-0.24-GMP

GGC heuristics: --param ggc-min-expand=100 --param ggc-min-heapsize=131072
ignoring duplicate directory "/usr/include/arm-linux-gnueabihf/c++/11"
ignoring nonexistent directory "/usr/local/include/arm-linux-gnueabihf"
ignoring nonexistent directory "/usr/lib/gcc/arm-linux-gnueabihf/11/include-fixed"
ignoring nonexistent directory "/usr/lib/gcc/arm-linux-gnueabihf/11/../../../../arm-linux-gnueabihf/include"
#include "..." search starts here:
#include <...> search starts here:
 /usr/include/c++/11
 /usr/include/arm-linux-gnueabihf/c++/11
 /usr/include/c++/11/backward
 /usr/lib/gcc/arm-linux-gnueabihf/11/include
 /usr/local/include
 /usr/include/arm-linux-gnueabihf
 /usr/include
End of search list.
GNU C++17 (Ubuntu 11.3.0-1ubuntu1~22.04) version 11.3.0 (arm-linux-gnueabihf)
	compiled by GNU C version 11.3.0, GMP version 6.2.1, MPFR version 4.1.0, MPC version 1.2.1, isl version isl-0.24-GMP

GGC heuristics: --param ggc-min-expand=100 --param ggc-min-heapsize=131072
Compiler executable checksum: e9308bb36dba8d45aea3ac1aa6a35bdb
COLLECT_GCC_OPTIONS='-v' '-o' 'CMakeFiles/cmTC_9c825.dir/CMakeCXXCompilerABI.cpp.o' '-c' '-shared-libgcc'  '-mfloat-abi=hard' '-mtls-dialect=gnu' '-mthumb' '-mlibarch=armv7-a+fp' '-march=armv7-a+fp' '-dumpdir' 'CMakeFiles/cmTC_9c825.dir/'
 as -v -march=armv7-a -mfloat-abi=hard -meabi=5 -o CMakeFiles/cmTC_9c825.dir/CMakeCXXCompilerABI.cpp.o /tmp/ccGHsaCz.s
GNU assembler version 2.38 (arm-linux-gnueabihf) using BFD version (GNU Binutils for Ubuntu) 2.38
COMPILER_PATH=/usr/lib/gcc/arm-linux-gnueabihf/11/:/usr/lib/gcc/arm-linux-gnueabihf/11/:/usr/lib/gcc/arm-linux-gnueabihf/:/usr/lib/gcc/arm-linux-gnueabihf/11/:/usr/lib/gcc/arm-linux-gnueabihf/
LIBRARY_PATH=/usr/lib/gcc/arm-linux-gnueabihf/11/:/usr/lib/gcc/arm-linux-gnueabihf/11/../../../arm-linux-gnueabihf/:/usr/lib/gcc/arm-linux-gnueabihf/11/../../../:/lib/arm-linux-gnueabihf/:/lib/:/usr/lib/arm-linux-gnueabihf/:/usr/lib/
COLLECT_GCC_OPTIONS='-v' '-o' 'CMakeFiles/cmTC_9c825.dir/CMakeCXXCompilerABI.cpp.o' '-c' '-shared-libgcc'  '-mfloat-abi=hard' '-mtls-dialect=gnu' '-mthumb' '-mlibarch=armv7-a+fp' '-march=armv7-a+fp' '-dumpdir' 'CMakeFiles/cmTC_9c825.dir/CMakeCXXCompilerABI.cpp.'
Linking CXX executable cmTC_9c825
/usr/bin/cmake -E cmake_link_script CMakeFiles/cmTC_9c825.dir/link.txt --verbose=1
/usr/bin/c++  -v CMakeFiles/cmTC_9c825.dir/CMakeCXXCompilerABI.cpp.o -o cmTC_9c825 
Using built-in specs.
COLLECT_GCC=/usr/bin/c++
COLLECT_LTO_WRAPPER=/usr/lib/gcc/arm-linux-gnueabihf/11/lto-wrapper
Target: arm-linux-gnueabihf
Configured with: ../src/configure -v --with-pkgversion='Ubuntu 11.3.0-1ubuntu1~22.04' --with-bugurl=file:///usr/share/doc/gcc-11/README.Bugs --enable-languages=c,ada,c++,go,d,fortran,objc,obj-c++,m2 --prefix=/usr --with-gcc-major-version-only --program-suffix=-11 --program-prefix=arm-linux-gnueabihf- --enable-shared --enable-linker-build-id --libexecdir=/usr/lib --without-included-gettext --enable-threads=posix --libdir=/usr/lib --enable-nls --enable-bootstrap --enable-clocale=gnu --enable-libstdcxx-debug --enable-libstdcxx-time=yes --with-default-libstdcxx-abi=new --enable-gnu-unique-object --disable-libitm --disable-libquadmath --disable-libquadmath-support --enable-plugin --enable-default-pie --with-system-zlib --enable-libphobos-checking=release --with-target-system-zlib=auto --enable-objc-gc=auto --enable-multiarch --disable-sjlj-exceptions --with-arch=armv7-a+fp --with-float=hard --with-mode=thumb --disable-werror --enable-checking=release --build=arm-linux-gnueabihf --host=arm-linux-gnueabihf --target=arm-linux-gnueabihf
Thread model: posix
Supported LTO compression algorithms: zlib zstd
gcc version 11.3.0 (Ubuntu 11.3.0-1ubuntu1~22.04) 
COMPILER_PATH=/usr/lib/gcc/arm-linux-gnueabihf/11/:/usr/lib/gcc/arm-linux-gnueabihf/11/:/usr/lib/gcc/arm-linux-gnueabihf/:/usr/lib/gcc/arm-linux-gnueabihf/11/:/usr/lib/gcc/arm-linux-gnueabihf/
LIBRARY_PATH=/usr/lib/gcc/arm-linux-gnueabihf/11/:/usr/lib/gcc/arm-linux-gnueabihf/11/../../../arm-linux-gnueabihf/:/usr/lib/gcc/arm-linux-gnueabihf/11/../../../:/lib/arm-linux-gnueabihf/:/lib/:/usr/lib/arm-linux-gnueabihf/:/usr/lib/
COLLECT_GCC_OPTIONS='-v' '-o' 'cmTC_9c825' '-shared-libgcc'  '-mfloat-abi=hard' '-mtls-dialect=gnu' '-mthumb' '-mlibarch=armv7-a+fp' '-march=armv7-a+fp' '-dumpdir' 'cmTC_9c825.'
 /usr/lib/gcc/arm-linux-gnueabihf/11/collect2 -plugin /usr/lib/gcc/arm-linux-gnueabihf/11/liblto_plugin.so -plugin-opt=/usr/lib/gcc/arm-linux-gnueabihf/11/lto-wrapper -plugin-opt=-fresolution=/tmp/ccySsloy.res -plugin-opt=-pass-through=-lgcc_s -plugin-opt=-pass-through=-lgcc -plugin-opt=-pass-through=-lc -plugin-opt=-pass-through=-lgcc_s -plugin-opt=-pass-through=-lgcc --build-id --eh-frame-hdr -dynamic-linker /lib/ld-linux-armhf.so.3 -X --hash-style=gnu --as-needed -m armelf_linux_eabi -pie -z now -z relro -o cmTC_9c825 /usr/lib/gcc/arm-linux-gnueabihf/11/../../../arm-linux-gnueabihf/Scrt1.o /usr/lib/gcc/arm-linux-gnueabihf/11/../../../arm-linux-gnueabihf/crti.o /usr/lib/gcc/arm-linux-gnueabihf/11/crtbeginS.o -L/usr/lib/gcc/arm-linux-gnueabihf/11 -L/usr/lib/gcc/arm-linux-gnueabihf/11/../../../arm-linux-gnueabihf -L/usr/lib/gcc/arm-linux-gnueabihf/11/../../.. -L/lib/arm-linux-gnueabihf -L/usr/lib/arm-linux-gnueabihf CMakeFiles/cmTC_9c825.dir/CMakeCXXCompilerABI.cpp.o -lstdc++ -lm -lgcc_s -lgcc -lc -lgcc_s -lgcc /usr/lib/gcc/arm-linux-gnueabihf/11/crtendS.o /usr/lib/gcc/arm-linux-gnueabihf/11/../../../arm-linux-gnueabihf/crtn.o
COLLECT_GCC_OPTIONS='-v' '-o' 'cmTC_9c825' '-shared-libgcc'  '-mfloat-abi=hard' '-mtls-dialect=gnu' '-mthumb' '-mlibarch=armv7-a+fp' '-march=armv7-a+fp' '-dumpdir' 'cmTC_9c825.'
gmake[1]: Leaving directory '/home/nanodet/demo_ncnn/build/CMakeFiles/CMakeTmp'



Parsed CXX implicit include dir info from above output: rv=done
  found start of include info
  found start of implicit include info
    add: [/usr/include/c++/11]
    add: [/usr/include/arm-linux-gnueabihf/c++/11]
    add: [/usr/include/c++/11/backward]
    add: [/usr/lib/gcc/arm-linux-gnueabihf/11/include]
    add: [/usr/local/include]
    add: [/usr/include/arm-linux-gnueabihf]
    add: [/usr/include]
  end of search list found
  collapse include dir [/usr/include/c++/11] ==> [/usr/include/c++/11]
  collapse include dir [/usr/include/arm-linux-gnueabihf/c++/11] ==> [/usr/include/arm-linux-gnueabihf/c++/11]
  collapse include dir [/usr/include/c++/11/backward] ==> [/usr/include/c++/11/backward]
  collapse include dir [/usr/lib/gcc/arm-linux-gnueabihf/11/include] ==> [/usr/lib/gcc/arm-linux-gnueabihf/11/include]
  collapse include dir [/usr/local/include] ==> [/usr/local/include]
  collapse include dir [/usr/include/arm-linux-gnueabihf] ==> [/usr/include/arm-linux-gnueabihf]
  collapse include dir [/usr/include] ==> [/usr/include]
  implicit include dirs: [/usr/include/c++/11;/usr/include/arm-linux-gnueabihf/c++/11;/usr/include/c++/11/backward;/usr/lib/gcc/arm-linux-gnueabihf/11/include;/usr/local/include;/usr/include/arm-linux-gnueabihf;/usr/include]


Parsed CXX implicit link information from above output:
  link line regex: [^( *|.*[/\])(ld|CMAKE_LINK_STARTFILE-NOTFOUND|([^/\]+-)?ld|collect2)[^/\]*( |$)]
  ignore line: [Change Dir: /home/nanodet/demo_ncnn/build/CMakeFiles/CMakeTmp]
  ignore line: []
  ignore line: [Run Build Command(s):/usr/bin/gmake -f Makefile cmTC_9c825/fast && /usr/bin/gmake  -f CMakeFiles/cmTC_9c825.dir/build.make CMakeFiles/cmTC_9c825.dir/build]
  ignore line: [gmake[1]: Entering directory '/home/nanodet/demo_ncnn/build/CMakeFiles/CMakeTmp']
  ignore line: [Building CXX object CMakeFiles/cmTC_9c825.dir/CMakeCXXCompilerABI.cpp.o]
  ignore line: [/usr/bin/c++   -v -o CMakeFiles/cmTC_9c825.dir/CMakeCXXCompilerABI.cpp.o -c /usr/share/cmake-3.22/Modules/CMakeCXXCompilerABI.cpp]
  ignore line: [Using built-in specs.]
  ignore line: [COLLECT_GCC=/usr/bin/c++]
  ignore line: [Target: arm-linux-gnueabihf]
  ignore line: [Configured with: ../src/configure -v --with-pkgversion='Ubuntu 11.3.0-1ubuntu1~22.04' --with-bugurl=file:///usr/share/doc/gcc-11/README.Bugs --enable-languages=c ada c++ go d fortran objc obj-c++ m2 --prefix=/usr --with-gcc-major-version-only --program-suffix=-11 --program-prefix=arm-linux-gnueabihf- --enable-shared --enable-linker-build-id --libexecdir=/usr/lib --without-included-gettext --enable-threads=posix --libdir=/usr/lib --enable-nls --enable-bootstrap --enable-clocale=gnu --enable-libstdcxx-debug --enable-libstdcxx-time=yes --with-default-libstdcxx-abi=new --enable-gnu-unique-object --disable-libitm --disable-libquadmath --disable-libquadmath-support --enable-plugin --enable-default-pie --with-system-zlib --enable-libphobos-checking=release --with-target-system-zlib=auto --enable-objc-gc=auto --enable-multiarch --disable-sjlj-exceptions --with-arch=armv7-a+fp --with-float=hard --with-mode=thumb --disable-werror --enable-checking=release --build=arm-linux-gnueabihf --host=arm-linux-gnueabihf --target=arm-linux-gnueabihf]
  ignore line: [Thread model: posix]
  ignore line: [Supported LTO compression algorithms: zlib zstd]
  ignore line: [gcc version 11.3.0 (Ubuntu 11.3.0-1ubuntu1~22.04) ]
  ignore line: [COLLECT_GCC_OPTIONS='-v' '-o' 'CMakeFiles/cmTC_9c825.dir/CMakeCXXCompilerABI.cpp.o' '-c' '-shared-libgcc'  '-mfloat-abi=hard' '-mtls-dialect=gnu' '-mthumb' '-mlibarch=armv7-a+fp' '-march=armv7-a+fp' '-dumpdir' 'CMakeFiles/cmTC_9c825.dir/']
  ignore line: [ /usr/lib/gcc/arm-linux-gnueabihf/11/cc1plus -quiet -v -imultilib . -imultiarch arm-linux-gnueabihf -D_GNU_SOURCE /usr/share/cmake-3.22/Modules/CMakeCXXCompilerABI.cpp -quiet -dumpdir CMakeFiles/cmTC_9c825.dir/ -dumpbase CMakeCXXCompilerABI.cpp.cpp -dumpbase-ext .cpp -mfloat-abi=hard -mtls-dialect=gnu -mthumb -mlibarch=armv7-a+fp -march=armv7-a+fp -version -fstack-protector-strong -Wformat -Wformat-security -o /tmp/ccGHsaCz.s]
  ignore line: [GNU C++17 (Ubuntu 11.3.0-1ubuntu1~22.04) version 11.3.0 (arm-linux-gnueabihf)]
  ignore line: [	compiled by GNU C version 11.3.0  GMP version 6.2.1  MPFR version 4.1.0  MPC version 1.2.1  isl version isl-0.24-GMP]
  ignore line: []
  ignore line: [GGC heuristics: --param ggc-min-expand=100 --param ggc-min-heapsize=131072]
  ignore line: [ignoring duplicate directory "/usr/include/arm-linux-gnueabihf/c++/11"]
  ignore line: [ignoring nonexistent directory "/usr/local/include/arm-linux-gnueabihf"]
  ignore line: [ignoring nonexistent directory "/usr/lib/gcc/arm-linux-gnueabihf/11/include-fixed"]
  ignore line: [ignoring nonexistent directory "/usr/lib/gcc/arm-linux-gnueabihf/11/../../../../arm-linux-gnueabihf/include"]
  ignore line: [#include "..." search starts here:]
  ignore line: [#include <...> search starts here:]
  ignore line: [ /usr/include/c++/11]
  ignore line: [ /usr/include/arm-linux-gnueabihf/c++/11]
  ignore line: [ /usr/include/c++/11/backward]
  ignore line: [ /usr/lib/gcc/arm-linux-gnueabihf/11/include]
  ignore line: [ /usr/local/include]
  ignore line: [ /usr/include/arm-linux-gnueabihf]
  ignore line: [ /usr/include]
  ignore line: [End of search list.]
  ignore line: [GNU C++17 (Ubuntu 11.3.0-1ubuntu1~22.04) version 11.3.0 (arm-linux-gnueabihf)]
  ignore line: [	compiled by GNU C version 11.3.0  GMP version 6.2.1  MPFR version 4.1.0  MPC version 1.2.1  isl version isl-0.24-GMP]
  ignore line: []
  ignore line: [GGC heuristics: --param ggc-min-expand=100 --param ggc-min-heapsize=131072]
  ignore line: [Compiler executable checksum: e9308bb36dba8d45aea3ac1aa6a35bdb]
  ignore line: [COLLECT_GCC_OPTIONS='-v' '-o' 'CMakeFiles/cmTC_9c825.dir/CMakeCXXCompilerABI.cpp.o' '-c' '-shared-libgcc'  '-mfloat-abi=hard' '-mtls-dialect=gnu' '-mthumb' '-mlibarch=armv7-a+fp' '-march=armv7-a+fp' '-dumpdir' 'CMakeFiles/cmTC_9c825.dir/']
  ignore line: [ as -v -march=armv7-a -mfloat-abi=hard -meabi=5 -o CMakeFiles/cmTC_9c825.dir/CMakeCXXCompilerABI.cpp.o /tmp/ccGHsaCz.s]
  ignore line: [GNU assembler version 2.38 (arm-linux-gnueabihf) using BFD version (GNU Binutils for Ubuntu) 2.38]
  ignore line: [COMPILER_PATH=/usr/lib/gcc/arm-linux-gnueabihf/11/:/usr/lib/gcc/arm-linux-gnueabihf/11/:/usr/lib/gcc/arm-linux-gnueabihf/:/usr/lib/gcc/arm-linux-gnueabihf/11/:/usr/lib/gcc/arm-linux-gnueabihf/]
  ignore line: [LIBRARY_PATH=/usr/lib/gcc/arm-linux-gnueabihf/11/:/usr/lib/gcc/arm-linux-gnueabihf/11/../../../arm-linux-gnueabihf/:/usr/lib/gcc/arm-linux-gnueabihf/11/../../../:/lib/arm-linux-gnueabihf/:/lib/:/usr/lib/arm-linux-gnueabihf/:/usr/lib/]
  ignore line: [COLLECT_GCC_OPTIONS='-v' '-o' 'CMakeFiles/cmTC_9c825.dir/CMakeCXXCompilerABI.cpp.o' '-c' '-shared-libgcc'  '-mfloat-abi=hard' '-mtls-dialect=gnu' '-mthumb' '-mlibarch=armv7-a+fp' '-march=armv7-a+fp' '-dumpdir' 'CMakeFiles/cmTC_9c825.dir/CMakeCXXCompilerABI.cpp.']
  ignore line: [Linking CXX executable cmTC_9c825]
  ignore line: [/usr/bin/cmake -E cmake_link_script CMakeFiles/cmTC_9c825.dir/link.txt --verbose=1]
  ignore line: [/usr/bin/c++  -v CMakeFiles/cmTC_9c825.dir/CMakeCXXCompilerABI.cpp.o -o cmTC_9c825 ]
  ignore line: [Using built-in specs.]
  ignore line: [COLLECT_GCC=/usr/bin/c++]
  ignore line: [COLLECT_LTO_WRAPPER=/usr/lib/gcc/arm-linux-gnueabihf/11/lto-wrapper]
  ignore line: [Target: arm-linux-gnueabihf]
  ignore line: [Configured with: ../src/configure -v --with-pkgversion='Ubuntu 11.3.0-1ubuntu1~22.04' --with-bugurl=file:///usr/share/doc/gcc-11/README.Bugs --enable-languages=c ada c++ go d fortran objc obj-c++ m2 --prefix=/usr --with-gcc-major-version-only --program-suffix=-11 --program-prefix=arm-linux-gnueabihf- --enable-shared --enable-linker-build-id --libexecdir=/usr/lib --without-included-gettext --enable-threads=posix --libdir=/usr/lib --enable-nls --enable-bootstrap --enable-clocale=gnu --enable-libstdcxx-debug --enable-libstdcxx-time=yes --with-default-libstdcxx-abi=new --enable-gnu-unique-object --disable-libitm --disable-libquadmath --disable-libquadmath-support --enable-plugin --enable-default-pie --with-system-zlib --enable-libphobos-checking=release --with-target-system-zlib=auto --enable-objc-gc=auto --enable-multiarch --disable-sjlj-exceptions --with-arch=armv7-a+fp --with-float=hard --with-mode=thumb --disable-werror --enable-checking=release --build=arm-linux-gnueabihf --host=arm-linux-gnueabihf --target=arm-linux-gnueabihf]
  ignore line: [Thread model: posix]
  ignore line: [Supported LTO compression algorithms: zlib zstd]
  ignore line: [gcc version 11.3.0 (Ubuntu 11.3.0-1ubuntu1~22.04) ]
  ignore line: [COMPILER_PATH=/usr/lib/gcc/arm-linux-gnueabihf/11/:/usr/lib/gcc/arm-linux-gnueabihf/11/:/usr/lib/gcc/arm-linux-gnueabihf/:/usr/lib/gcc/arm-linux-gnueabihf/11/:/usr/lib/gcc/arm-linux-gnueabihf/]
  ignore line: [LIBRARY_PATH=/usr/lib/gcc/arm-linux-gnueabihf/11/:/usr/lib/gcc/arm-linux-gnueabihf/11/../../../arm-linux-gnueabihf/:/usr/lib/gcc/arm-linux-gnueabihf/11/../../../:/lib/arm-linux-gnueabihf/:/lib/:/usr/lib/arm-linux-gnueabihf/:/usr/lib/]
  ignore line: [COLLECT_GCC_OPTIONS='-v' '-o' 'cmTC_9c825' '-shared-libgcc'  '-mfloat-abi=hard' '-mtls-dialect=gnu' '-mthumb' '-mlibarch=armv7-a+fp' '-march=armv7-a+fp' '-dumpdir' 'cmTC_9c825.']
  link line: [ /usr/lib/gcc/arm-linux-gnueabihf/11/collect2 -plugin /usr/lib/gcc/arm-linux-gnueabihf/11/liblto_plugin.so -plugin-opt=/usr/lib/gcc/arm-linux-gnueabihf/11/lto-wrapper -plugin-opt=-fresolution=/tmp/ccySsloy.res -plugin-opt=-pass-through=-lgcc_s -plugin-opt=-pass-through=-lgcc -plugin-opt=-pass-through=-lc -plugin-opt=-pass-through=-lgcc_s -plugin-opt=-pass-through=-lgcc --build-id --eh-frame-hdr -dynamic-linker /lib/ld-linux-armhf.so.3 -X --hash-style=gnu --as-needed -m armelf_linux_eabi -pie -z now -z relro -o cmTC_9c825 /usr/lib/gcc/arm-linux-gnueabihf/11/../../../arm-linux-gnueabihf/Scrt1.o /usr/lib/gcc/arm-linux-gnueabihf/11/../../../arm-linux-gnueabihf/crti.o /usr/lib/gcc/arm-linux-gnueabihf/11/crtbeginS.o -L/usr/lib/gcc/arm-linux-gnueabihf/11 -L/usr/lib/gcc/arm-linux-gnueabihf/11/../../../arm-linux-gnueabihf -L/usr/lib/gcc/arm-linux-gnueabihf/11/../../.. -L/lib/arm-linux-gnueabihf -L/usr/lib/arm-linux-gnueabihf CMakeFiles/cmTC_9c825.dir/CMakeCXXCompilerABI.cpp.o -lstdc++ -lm -lgcc_s -lgcc -lc -lgcc_s -lgcc /usr/lib/gcc/arm-linux-gnueabihf/11/crtendS.o /usr/lib/gcc/arm-linux-gnueabihf/11/../../../arm-linux-gnueabihf/crtn.o]
    arg [/usr/lib/gcc/arm-linux-gnueabihf/11/collect2] ==> ignore
    arg [-plugin] ==> ignore
    arg [/usr/lib/gcc/arm-linux-gnueabihf/11/liblto_plugin.so] ==> ignore
    arg [-plugin-opt=/usr/lib/gcc/arm-linux-gnueabihf/11/lto-wrapper] ==> ignore
    arg [-plugin-opt=-fresolution=/tmp/ccySsloy.res] ==> ignore
    arg [-plugin-opt=-pass-through=-lgcc_s] ==> ignore
    arg [-plugin-opt=-pass-through=-lgcc] ==> ignore
    arg [-plugin-opt=-pass-through=-lc] ==> ignore
    arg [-plugin-opt=-pass-through=-lgcc_s] ==> ignore
    arg [-plugin-opt=-pass-through=-lgcc] ==> ignore
    arg [--build-id] ==> ignore
    arg [--eh-frame-hdr] ==> ignore
    arg [-dynamic-linker] ==> ignore
    arg [/lib/ld-linux-armhf.so.3] ==> ignore
    arg [-X] ==> ignore
    arg [--hash-style=gnu] ==> ignore
    arg [--as-needed] ==> ignore
    arg [-m] ==> ignore
    arg [armelf_linux_eabi] ==> ignore
    arg [-pie] ==> ignore
    arg [-znow] ==> ignore
    arg [-zrelro] ==> ignore
    arg [-o] ==> ignore
    arg [cmTC_9c825] ==> ignore
    arg [/usr/lib/gcc/arm-linux-gnueabihf/11/../../../arm-linux-gnueabihf/Scrt1.o] ==> obj [/usr/lib/gcc/arm-linux-gnueabihf/11/../../../arm-linux-gnueabihf/Scrt1.o]
    arg [/usr/lib/gcc/arm-linux-gnueabihf/11/../../../arm-linux-gnueabihf/crti.o] ==> obj [/usr/lib/gcc/arm-linux-gnueabihf/11/../../../arm-linux-gnueabihf/crti.o]
    arg [/usr/lib/gcc/arm-linux-gnueabihf/11/crtbeginS.o] ==> obj [/usr/lib/gcc/arm-linux-gnueabihf/11/crtbeginS.o]
    arg [-L/usr/lib/gcc/arm-linux-gnueabihf/11] ==> dir [/usr/lib/gcc/arm-linux-gnueabihf/11]
    arg [-L/usr/lib/gcc/arm-linux-gnueabihf/11/../../../arm-linux-gnueabihf] ==> dir [/usr/lib/gcc/arm-linux-gnueabihf/11/../../../arm-linux-gnueabihf]
    arg [-L/usr/lib/gcc/arm-linux-gnueabihf/11/../../..] ==> dir [/usr/lib/gcc/arm-linux-gnueabihf/11/../../..]
    arg [-L/lib/arm-linux-gnueabihf] ==> dir [/lib/arm-linux-gnueabihf]
    arg [-L/usr/lib/arm-linux-gnueabihf] ==> dir [/usr/lib/arm-linux-gnueabihf]
    arg [CMakeFiles/cmTC_9c825.dir/CMakeCXXCompilerABI.cpp.o] ==> ignore
    arg [-lstdc++] ==> lib [stdc++]
    arg [-lm] ==> lib [m]
    arg [-lgcc_s] ==> lib [gcc_s]
    arg [-lgcc] ==> lib [gcc]
    arg [-lc] ==> lib [c]
    arg [-lgcc_s] ==> lib [gcc_s]
    arg [-lgcc] ==> lib [gcc]
    arg [/usr/lib/gcc/arm-linux-gnueabihf/11/crtendS.o] ==> obj [/usr/lib/gcc/arm-linux-gnueabihf/11/crtendS.o]
    arg [/usr/lib/gcc/arm-linux-gnueabihf/11/../../../arm-linux-gnueabihf/crtn.o] ==> obj [/usr/lib/gcc/arm-linux-gnueabihf/11/../../../arm-linux-gnueabihf/crtn.o]
  collapse obj [/usr/lib/gcc/arm-linux-gnueabihf/11/../../../arm-linux-gnueabihf/Scrt1.o] ==> [/usr/lib/arm-linux-gnueabihf/Scrt1.o]
  collapse obj [/usr/lib/gcc/arm-linux-gnueabihf/11/../../../arm-linux-gnueabihf/crti.o] ==> [/usr/lib/arm-linux-gnueabihf/crti.o]
  collapse obj [/usr/lib/gcc/arm-linux-gnueabihf/11/../../../arm-linux-gnueabihf/crtn.o] ==> [/usr/lib/arm-linux-gnueabihf/crtn.o]
  collapse library dir [/usr/lib/gcc/arm-linux-gnueabihf/11] ==> [/usr/lib/gcc/arm-linux-gnueabihf/11]
  collapse library dir [/usr/lib/gcc/arm-linux-gnueabihf/11/../../../arm-linux-gnueabihf] ==> [/usr/lib/arm-linux-gnueabihf]
  collapse library dir [/usr/lib/gcc/arm-linux-gnueabihf/11/../../..] ==> [/usr/lib]
  collapse library dir [/lib/arm-linux-gnueabihf] ==> [/lib/arm-linux-gnueabihf]
  collapse library dir [/usr/lib/arm-linux-gnueabihf] ==> [/usr/lib/arm-linux-gnueabihf]
  implicit libs: [stdc++;m;gcc_s;gcc;c;gcc_s;gcc]
  implicit objs: [/usr/lib/arm-linux-gnueabihf/Scrt1.o;/usr/lib/arm-linux-gnueabihf/crti.o;/usr/lib/gcc/arm-linux-gnueabihf/11/crtbeginS.o;/usr/lib/gcc/arm-linux-gnueabihf/11/crtendS.o;/usr/lib/arm-linux-gnueabihf/crtn.o]
  implicit dirs: [/usr/lib/gcc/arm-linux-gnueabihf/11;/usr/lib/arm-linux-gnueabihf;/usr/lib;/lib/arm-linux-gnueabihf]
  implicit fwks: []


Detecting C OpenMP compiler ABI info compiled with the following output:
Change Dir: /home/nanodet/demo_ncnn/build/CMakeFiles/CMakeTmp

Run Build Command(s):/usr/bin/gmake -f Makefile cmTC_e36a3/fast && /usr/bin/gmake  -f CMakeFiles/cmTC_e36a3.dir/build.make CMakeFiles/cmTC_e36a3.dir/build
gmake[1]: Entering directory '/home/nanodet/demo_ncnn/build/CMakeFiles/CMakeTmp'
Building C object CMakeFiles/cmTC_e36a3.dir/OpenMPTryFlag.c.o
/usr/bin/cc   -fopenmp -v -o CMakeFiles/cmTC_e36a3.dir/OpenMPTryFlag.c.o -c /home/nanodet/demo_ncnn/build/CMakeFiles/FindOpenMP/OpenMPTryFlag.c
Using built-in specs.
COLLECT_GCC=/usr/bin/cc
Target: arm-linux-gnueabihf
Configured with: ../src/configure -v --with-pkgversion='Ubuntu 11.3.0-1ubuntu1~22.04' --with-bugurl=file:///usr/share/doc/gcc-11/README.Bugs --enable-languages=c,ada,c++,go,d,fortran,objc,obj-c++,m2 --prefix=/usr --with-gcc-major-version-only --program-suffix=-11 --program-prefix=arm-linux-gnueabihf- --enable-shared --enable-linker-build-id --libexecdir=/usr/lib --without-included-gettext --enable-threads=posix --libdir=/usr/lib --enable-nls --enable-bootstrap --enable-clocale=gnu --enable-libstdcxx-debug --enable-libstdcxx-time=yes --with-default-libstdcxx-abi=new --enable-gnu-unique-object --disable-libitm --disable-libquadmath --disable-libquadmath-support --enable-plugin --enable-default-pie --with-system-zlib --enable-libphobos-checking=release --with-target-system-zlib=auto --enable-objc-gc=auto --enable-multiarch --disable-sjlj-exceptions --with-arch=armv7-a+fp --with-float=hard --with-mode=thumb --disable-werror --enable-checking=release --build=arm-linux-gnueabihf --host=arm-linux-gnueabihf --target=arm-linux-gnueabihf
Thread model: posix
Supported LTO compression algorithms: zlib zstd
gcc version 11.3.0 (Ubuntu 11.3.0-1ubuntu1~22.04) 
COLLECT_GCC_OPTIONS='-fopenmp' '-v' '-o' 'CMakeFiles/cmTC_e36a3.dir/OpenMPTryFlag.c.o' '-c'  '-mfloat-abi=hard' '-mtls-dialect=gnu' '-mthumb' '-mlibarch=armv7-a+fp' '-march=armv7-a+fp' '-pthread' '-dumpdir' 'CMakeFiles/cmTC_e36a3.dir/'
 /usr/lib/gcc/arm-linux-gnueabihf/11/cc1 -quiet -v -imultilib . -imultiarch arm-linux-gnueabihf -D_REENTRANT /home/nanodet/demo_ncnn/build/CMakeFiles/FindOpenMP/OpenMPTryFlag.c -quiet -dumpdir CMakeFiles/cmTC_e36a3.dir/ -dumpbase OpenMPTryFlag.c.c -dumpbase-ext .c -mfloat-abi=hard -mtls-dialect=gnu -mthumb -mlibarch=armv7-a+fp -march=armv7-a+fp -version -fopenmp -fstack-protector-strong -Wformat -Wformat-security -o /tmp/ccU1JyjM.s
GNU C17 (Ubuntu 11.3.0-1ubuntu1~22.04) version 11.3.0 (arm-linux-gnueabihf)
	compiled by GNU C version 11.3.0, GMP version 6.2.1, MPFR version 4.1.0, MPC version 1.2.1, isl version isl-0.24-GMP

GGC heuristics: --param ggc-min-expand=100 --param ggc-min-heapsize=131072
ignoring nonexistent directory "/usr/local/include/arm-linux-gnueabihf"
ignoring nonexistent directory "/usr/lib/gcc/arm-linux-gnueabihf/11/include-fixed"
ignoring nonexistent directory "/usr/lib/gcc/arm-linux-gnueabihf/11/../../../../arm-linux-gnueabihf/include"
#include "..." search starts here:
#include <...> search starts here:
 /usr/lib/gcc/arm-linux-gnueabihf/11/include
 /usr/local/include
 /usr/include/arm-linux-gnueabihf
 /usr/include
End of search list.
GNU C17 (Ubuntu 11.3.0-1ubuntu1~22.04) version 11.3.0 (arm-linux-gnueabihf)
	compiled by GNU C version 11.3.0, GMP version 6.2.1, MPFR version 4.1.0, MPC version 1.2.1, isl version isl-0.24-GMP

GGC heuristics: --param ggc-min-expand=100 --param ggc-min-heapsize=131072
Compiler executable checksum: d7401bf2273b6cc8b73cdd1092c26419
COLLECT_GCC_OPTIONS='-fopenmp' '-v' '-o' 'CMakeFiles/cmTC_e36a3.dir/OpenMPTryFlag.c.o' '-c'  '-mfloat-abi=hard' '-mtls-dialect=gnu' '-mthumb' '-mlibarch=armv7-a+fp' '-march=armv7-a+fp' '-pthread' '-dumpdir' 'CMakeFiles/cmTC_e36a3.dir/'
 as -v -march=armv7-a -mfloat-abi=hard -meabi=5 -o CMakeFiles/cmTC_e36a3.dir/OpenMPTryFlag.c.o /tmp/ccU1JyjM.s
GNU assembler version 2.38 (arm-linux-gnueabihf) using BFD version (GNU Binutils for Ubuntu) 2.38
COMPILER_PATH=/usr/lib/gcc/arm-linux-gnueabihf/11/:/usr/lib/gcc/arm-linux-gnueabihf/11/:/usr/lib/gcc/arm-linux-gnueabihf/:/usr/lib/gcc/arm-linux-gnueabihf/11/:/usr/lib/gcc/arm-linux-gnueabihf/
LIBRARY_PATH=/usr/lib/gcc/arm-linux-gnueabihf/11/:/usr/lib/gcc/arm-linux-gnueabihf/11/../../../arm-linux-gnueabihf/:/usr/lib/gcc/arm-linux-gnueabihf/11/../../../:/lib/arm-linux-gnueabihf/:/lib/:/usr/lib/arm-linux-gnueabihf/:/usr/lib/
COLLECT_GCC_OPTIONS='-fopenmp' '-v' '-o' 'CMakeFiles/cmTC_e36a3.dir/OpenMPTryFlag.c.o' '-c'  '-mfloat-abi=hard' '-mtls-dialect=gnu' '-mthumb' '-mlibarch=armv7-a+fp' '-march=armv7-a+fp' '-pthread' '-dumpdir' 'CMakeFiles/cmTC_e36a3.dir/OpenMPTryFlag.c.'
Linking C executable cmTC_e36a3
/usr/bin/cmake -E cmake_link_script CMakeFiles/cmTC_e36a3.dir/link.txt --verbose=1
/usr/bin/cc  -fopenmp -v CMakeFiles/cmTC_e36a3.dir/OpenMPTryFlag.c.o -o cmTC_e36a3  -v 
Using built-in specs.
COLLECT_GCC=/usr/bin/cc
COLLECT_LTO_WRAPPER=/usr/lib/gcc/arm-linux-gnueabihf/11/lto-wrapper
Target: arm-linux-gnueabihf
Configured with: ../src/configure -v --with-pkgversion='Ubuntu 11.3.0-1ubuntu1~22.04' --with-bugurl=file:///usr/share/doc/gcc-11/README.Bugs --enable-languages=c,ada,c++,go,d,fortran,objc,obj-c++,m2 --prefix=/usr --with-gcc-major-version-only --program-suffix=-11 --program-prefix=arm-linux-gnueabihf- --enable-shared --enable-linker-build-id --libexecdir=/usr/lib --without-included-gettext --enable-threads=posix --libdir=/usr/lib --enable-nls --enable-bootstrap --enable-clocale=gnu --enable-libstdcxx-debug --enable-libstdcxx-time=yes --with-default-libstdcxx-abi=new --enable-gnu-unique-object --disable-libitm --disable-libquadmath --disable-libquadmath-support --enable-plugin --enable-default-pie --with-system-zlib --enable-libphobos-checking=release --with-target-system-zlib=auto --enable-objc-gc=auto --enable-multiarch --disable-sjlj-exceptions --with-arch=armv7-a+fp --with-float=hard --with-mode=thumb --disable-werror --enable-checking=release --build=arm-linux-gnueabihf --host=arm-linux-gnueabihf --target=arm-linux-gnueabihf
Thread model: posix
Supported LTO compression algorithms: zlib zstd
gcc version 11.3.0 (Ubuntu 11.3.0-1ubuntu1~22.04) 
COMPILER_PATH=/usr/lib/gcc/arm-linux-gnueabihf/11/:/usr/lib/gcc/arm-linux-gnueabihf/11/:/usr/lib/gcc/arm-linux-gnueabihf/:/usr/lib/gcc/arm-linux-gnueabihf/11/:/usr/lib/gcc/arm-linux-gnueabihf/
LIBRARY_PATH=/usr/lib/gcc/arm-linux-gnueabihf/11/:/usr/lib/gcc/arm-linux-gnueabihf/11/../../../arm-linux-gnueabihf/:/usr/lib/gcc/arm-linux-gnueabihf/11/../../../:/lib/arm-linux-gnueabihf/:/lib/:/usr/lib/arm-linux-gnueabihf/:/usr/lib/
Reading specs from /usr/lib/gcc/arm-linux-gnueabihf/11/libgomp.spec
COLLECT_GCC_OPTIONS='-fopenmp' '-v' '-o' 'cmTC_e36a3' '-v'  '-mfloat-abi=hard' '-mtls-dialect=gnu' '-mthumb' '-mlibarch=armv7-a+fp' '-march=armv7-a+fp' '-pthread' '-dumpdir' 'cmTC_e36a3.'
 /usr/lib/gcc/arm-linux-gnueabihf/11/collect2 -plugin /usr/lib/gcc/arm-linux-gnueabihf/11/liblto_plugin.so -plugin-opt=/usr/lib/gcc/arm-linux-gnueabihf/11/lto-wrapper -plugin-opt=-fresolution=/tmp/ccaqPFYt.res -plugin-opt=-pass-through=-lgcc -plugin-opt=-pass-through=-lgcc_s -plugin-opt=-pass-through=-lpthread -plugin-opt=-pass-through=-lc -plugin-opt=-pass-through=-lgcc -plugin-opt=-pass-through=-lgcc_s --build-id --eh-frame-hdr -dynamic-linker /lib/ld-linux-armhf.so.3 -X --hash-style=gnu --as-needed -m armelf_linux_eabi -pie -z now -z relro -o cmTC_e36a3 /usr/lib/gcc/arm-linux-gnueabihf/11/../../../arm-linux-gnueabihf/Scrt1.o /usr/lib/gcc/arm-linux-gnueabihf/11/../../../arm-linux-gnueabihf/crti.o /usr/lib/gcc/arm-linux-gnueabihf/11/crtbeginS.o -L/usr/lib/gcc/arm-linux-gnueabihf/11 -L/usr/lib/gcc/arm-linux-gnueabihf/11/../../../arm-linux-gnueabihf -L/usr/lib/gcc/arm-linux-gnueabihf/11/../../.. -L/lib/arm-linux-gnueabihf -L/usr/lib/arm-linux-gnueabihf CMakeFiles/cmTC_e36a3.dir/OpenMPTryFlag.c.o -lgomp -lgcc --push-state --as-needed -lgcc_s --pop-state -lpthread -lc -lgcc --push-state --as-needed -lgcc_s --pop-state /usr/lib/gcc/arm-linux-gnueabihf/11/crtendS.o /usr/lib/gcc/arm-linux-gnueabihf/11/../../../arm-linux-gnueabihf/crtn.o
COLLECT_GCC_OPTIONS='-fopenmp' '-v' '-o' 'cmTC_e36a3' '-v'  '-mfloat-abi=hard' '-mtls-dialect=gnu' '-mthumb' '-mlibarch=armv7-a+fp' '-march=armv7-a+fp' '-pthread' '-dumpdir' 'cmTC_e36a3.'
gmake[1]: Leaving directory '/home/nanodet/demo_ncnn/build/CMakeFiles/CMakeTmp'



Parsed C OpenMP implicit link information from above output:
  link line regex: [^( *|.*[/\])(ld|CMAKE_LINK_STARTFILE-NOTFOUND|([^/\]+-)?ld|collect2)[^/\]*( |$)]
  ignore line: [Change Dir: /home/nanodet/demo_ncnn/build/CMakeFiles/CMakeTmp]
  ignore line: []
  ignore line: [Run Build Command(s):/usr/bin/gmake -f Makefile cmTC_e36a3/fast && /usr/bin/gmake  -f CMakeFiles/cmTC_e36a3.dir/build.make CMakeFiles/cmTC_e36a3.dir/build]
  ignore line: [gmake[1]: Entering directory '/home/nanodet/demo_ncnn/build/CMakeFiles/CMakeTmp']
  ignore line: [Building C object CMakeFiles/cmTC_e36a3.dir/OpenMPTryFlag.c.o]
  ignore line: [/usr/bin/cc   -fopenmp -v -o CMakeFiles/cmTC_e36a3.dir/OpenMPTryFlag.c.o -c /home/nanodet/demo_ncnn/build/CMakeFiles/FindOpenMP/OpenMPTryFlag.c]
  ignore line: [Using built-in specs.]
  ignore line: [COLLECT_GCC=/usr/bin/cc]
  ignore line: [Target: arm-linux-gnueabihf]
  ignore line: [Configured with: ../src/configure -v --with-pkgversion='Ubuntu 11.3.0-1ubuntu1~22.04' --with-bugurl=file:///usr/share/doc/gcc-11/README.Bugs --enable-languages=c ada c++ go d fortran objc obj-c++ m2 --prefix=/usr --with-gcc-major-version-only --program-suffix=-11 --program-prefix=arm-linux-gnueabihf- --enable-shared --enable-linker-build-id --libexecdir=/usr/lib --without-included-gettext --enable-threads=posix --libdir=/usr/lib --enable-nls --enable-bootstrap --enable-clocale=gnu --enable-libstdcxx-debug --enable-libstdcxx-time=yes --with-default-libstdcxx-abi=new --enable-gnu-unique-object --disable-libitm --disable-libquadmath --disable-libquadmath-support --enable-plugin --enable-default-pie --with-system-zlib --enable-libphobos-checking=release --with-target-system-zlib=auto --enable-objc-gc=auto --enable-multiarch --disable-sjlj-exceptions --with-arch=armv7-a+fp --with-float=hard --with-mode=thumb --disable-werror --enable-checking=release --build=arm-linux-gnueabihf --host=arm-linux-gnueabihf --target=arm-linux-gnueabihf]
  ignore line: [Thread model: posix]
  ignore line: [Supported LTO compression algorithms: zlib zstd]
  ignore line: [gcc version 11.3.0 (Ubuntu 11.3.0-1ubuntu1~22.04) ]
  ignore line: [COLLECT_GCC_OPTIONS='-fopenmp' '-v' '-o' 'CMakeFiles/cmTC_e36a3.dir/OpenMPTryFlag.c.o' '-c'  '-mfloat-abi=hard' '-mtls-dialect=gnu' '-mthumb' '-mlibarch=armv7-a+fp' '-march=armv7-a+fp' '-pthread' '-dumpdir' 'CMakeFiles/cmTC_e36a3.dir/']
  ignore line: [ /usr/lib/gcc/arm-linux-gnueabihf/11/cc1 -quiet -v -imultilib . -imultiarch arm-linux-gnueabihf -D_REENTRANT /home/nanodet/demo_ncnn/build/CMakeFiles/FindOpenMP/OpenMPTryFlag.c -quiet -dumpdir CMakeFiles/cmTC_e36a3.dir/ -dumpbase OpenMPTryFlag.c.c -dumpbase-ext .c -mfloat-abi=hard -mtls-dialect=gnu -mthumb -mlibarch=armv7-a+fp -march=armv7-a+fp -version -fopenmp -fstack-protector-strong -Wformat -Wformat-security -o /tmp/ccU1JyjM.s]
  ignore line: [GNU C17 (Ubuntu 11.3.0-1ubuntu1~22.04) version 11.3.0 (arm-linux-gnueabihf)]
  ignore line: [	compiled by GNU C version 11.3.0  GMP version 6.2.1  MPFR version 4.1.0  MPC version 1.2.1  isl version isl-0.24-GMP]
  ignore line: []
  ignore line: [GGC heuristics: --param ggc-min-expand=100 --param ggc-min-heapsize=131072]
  ignore line: [ignoring nonexistent directory "/usr/local/include/arm-linux-gnueabihf"]
  ignore line: [ignoring nonexistent directory "/usr/lib/gcc/arm-linux-gnueabihf/11/include-fixed"]
  ignore line: [ignoring nonexistent directory "/usr/lib/gcc/arm-linux-gnueabihf/11/../../../../arm-linux-gnueabihf/include"]
  ignore line: [#include "..." search starts here:]
  ignore line: [#include <...> search starts here:]
  ignore line: [ /usr/lib/gcc/arm-linux-gnueabihf/11/include]
  ignore line: [ /usr/local/include]
  ignore line: [ /usr/include/arm-linux-gnueabihf]
  ignore line: [ /usr/include]
  ignore line: [End of search list.]
  ignore line: [GNU C17 (Ubuntu 11.3.0-1ubuntu1~22.04) version 11.3.0 (arm-linux-gnueabihf)]
  ignore line: [	compiled by GNU C version 11.3.0  GMP version 6.2.1  MPFR version 4.1.0  MPC version 1.2.1  isl version isl-0.24-GMP]
  ignore line: []
  ignore line: [GGC heuristics: --param ggc-min-expand=100 --param ggc-min-heapsize=131072]
  ignore line: [Compiler executable checksum: d7401bf2273b6cc8b73cdd1092c26419]
  ignore line: [COLLECT_GCC_OPTIONS='-fopenmp' '-v' '-o' 'CMakeFiles/cmTC_e36a3.dir/OpenMPTryFlag.c.o' '-c'  '-mfloat-abi=hard' '-mtls-dialect=gnu' '-mthumb' '-mlibarch=armv7-a+fp' '-march=armv7-a+fp' '-pthread' '-dumpdir' 'CMakeFiles/cmTC_e36a3.dir/']
  ignore line: [ as -v -march=armv7-a -mfloat-abi=hard -meabi=5 -o CMakeFiles/cmTC_e36a3.dir/OpenMPTryFlag.c.o /tmp/ccU1JyjM.s]
  ignore line: [GNU assembler version 2.38 (arm-linux-gnueabihf) using BFD version (GNU Binutils for Ubuntu) 2.38]
  ignore line: [COMPILER_PATH=/usr/lib/gcc/arm-linux-gnueabihf/11/:/usr/lib/gcc/arm-linux-gnueabihf/11/:/usr/lib/gcc/arm-linux-gnueabihf/:/usr/lib/gcc/arm-linux-gnueabihf/11/:/usr/lib/gcc/arm-linux-gnueabihf/]
  ignore line: [LIBRARY_PATH=/usr/lib/gcc/arm-linux-gnueabihf/11/:/usr/lib/gcc/arm-linux-gnueabihf/11/../../../arm-linux-gnueabihf/:/usr/lib/gcc/arm-linux-gnueabihf/11/../../../:/lib/arm-linux-gnueabihf/:/lib/:/usr/lib/arm-linux-gnueabihf/:/usr/lib/]
  ignore line: [COLLECT_GCC_OPTIONS='-fopenmp' '-v' '-o' 'CMakeFiles/cmTC_e36a3.dir/OpenMPTryFlag.c.o' '-c'  '-mfloat-abi=hard' '-mtls-dialect=gnu' '-mthumb' '-mlibarch=armv7-a+fp' '-march=armv7-a+fp' '-pthread' '-dumpdir' 'CMakeFiles/cmTC_e36a3.dir/OpenMPTryFlag.c.']
  ignore line: [Linking C executable cmTC_e36a3]
  ignore line: [/usr/bin/cmake -E cmake_link_script CMakeFiles/cmTC_e36a3.dir/link.txt --verbose=1]
  ignore line: [/usr/bin/cc  -fopenmp -v CMakeFiles/cmTC_e36a3.dir/OpenMPTryFlag.c.o -o cmTC_e36a3  -v ]
  ignore line: [Using built-in specs.]
  ignore line: [COLLECT_GCC=/usr/bin/cc]
  ignore line: [COLLECT_LTO_WRAPPER=/usr/lib/gcc/arm-linux-gnueabihf/11/lto-wrapper]
  ignore line: [Target: arm-linux-gnueabihf]
  ignore line: [Configured with: ../src/configure -v --with-pkgversion='Ubuntu 11.3.0-1ubuntu1~22.04' --with-bugurl=file:///usr/share/doc/gcc-11/README.Bugs --enable-languages=c ada c++ go d fortran objc obj-c++ m2 --prefix=/usr --with-gcc-major-version-only --program-suffix=-11 --program-prefix=arm-linux-gnueabihf- --enable-shared --enable-linker-build-id --libexecdir=/usr/lib --without-included-gettext --enable-threads=posix --libdir=/usr/lib --enable-nls --enable-bootstrap --enable-clocale=gnu --enable-libstdcxx-debug --enable-libstdcxx-time=yes --with-default-libstdcxx-abi=new --enable-gnu-unique-object --disable-libitm --disable-libquadmath --disable-libquadmath-support --enable-plugin --enable-default-pie --with-system-zlib --enable-libphobos-checking=release --with-target-system-zlib=auto --enable-objc-gc=auto --enable-multiarch --disable-sjlj-exceptions --with-arch=armv7-a+fp --with-float=hard --with-mode=thumb --disable-werror --enable-checking=release --build=arm-linux-gnueabihf --host=arm-linux-gnueabihf --target=arm-linux-gnueabihf]
  ignore line: [Thread model: posix]
  ignore line: [Supported LTO compression algorithms: zlib zstd]
  ignore line: [gcc version 11.3.0 (Ubuntu 11.3.0-1ubuntu1~22.04) ]
  ignore line: [COMPILER_PATH=/usr/lib/gcc/arm-linux-gnueabihf/11/:/usr/lib/gcc/arm-linux-gnueabihf/11/:/usr/lib/gcc/arm-linux-gnueabihf/:/usr/lib/gcc/arm-linux-gnueabihf/11/:/usr/lib/gcc/arm-linux-gnueabihf/]
  ignore line: [LIBRARY_PATH=/usr/lib/gcc/arm-linux-gnueabihf/11/:/usr/lib/gcc/arm-linux-gnueabihf/11/../../../arm-linux-gnueabihf/:/usr/lib/gcc/arm-linux-gnueabihf/11/../../../:/lib/arm-linux-gnueabihf/:/lib/:/usr/lib/arm-linux-gnueabihf/:/usr/lib/]
  ignore line: [Reading specs from /usr/lib/gcc/arm-linux-gnueabihf/11/libgomp.spec]
  ignore line: [COLLECT_GCC_OPTIONS='-fopenmp' '-v' '-o' 'cmTC_e36a3' '-v'  '-mfloat-abi=hard' '-mtls-dialect=gnu' '-mthumb' '-mlibarch=armv7-a+fp' '-march=armv7-a+fp' '-pthread' '-dumpdir' 'cmTC_e36a3.']
  link line: [ /usr/lib/gcc/arm-linux-gnueabihf/11/collect2 -plugin /usr/lib/gcc/arm-linux-gnueabihf/11/liblto_plugin.so -plugin-opt=/usr/lib/gcc/arm-linux-gnueabihf/11/lto-wrapper -plugin-opt=-fresolution=/tmp/ccaqPFYt.res -plugin-opt=-pass-through=-lgcc -plugin-opt=-pass-through=-lgcc_s -plugin-opt=-pass-through=-lpthread -plugin-opt=-pass-through=-lc -plugin-opt=-pass-through=-lgcc -plugin-opt=-pass-through=-lgcc_s --build-id --eh-frame-hdr -dynamic-linker /lib/ld-linux-armhf.so.3 -X --hash-style=gnu --as-needed -m armelf_linux_eabi -pie -z now -z relro -o cmTC_e36a3 /usr/lib/gcc/arm-linux-gnueabihf/11/../../../arm-linux-gnueabihf/Scrt1.o /usr/lib/gcc/arm-linux-gnueabihf/11/../../../arm-linux-gnueabihf/crti.o /usr/lib/gcc/arm-linux-gnueabihf/11/crtbeginS.o -L/usr/lib/gcc/arm-linux-gnueabihf/11 -L/usr/lib/gcc/arm-linux-gnueabihf/11/../../../arm-linux-gnueabihf -L/usr/lib/gcc/arm-linux-gnueabihf/11/../../.. -L/lib/arm-linux-gnueabihf -L/usr/lib/arm-linux-gnueabihf CMakeFiles/cmTC_e36a3.dir/OpenMPTryFlag.c.o -lgomp -lgcc --push-state --as-needed -lgcc_s --pop-state -lpthread -lc -lgcc --push-state --as-needed -lgcc_s --pop-state /usr/lib/gcc/arm-linux-gnueabihf/11/crtendS.o /usr/lib/gcc/arm-linux-gnueabihf/11/../../../arm-linux-gnueabihf/crtn.o]
    arg [/usr/lib/gcc/arm-linux-gnueabihf/11/collect2] ==> ignore
    arg [-plugin] ==> ignore
    arg [/usr/lib/gcc/arm-linux-gnueabihf/11/liblto_plugin.so] ==> ignore
    arg [-plugin-opt=/usr/lib/gcc/arm-linux-gnueabihf/11/lto-wrapper] ==> ignore
    arg [-plugin-opt=-fresolution=/tmp/ccaqPFYt.res] ==> ignore
    arg [-plugin-opt=-pass-through=-lgcc] ==> ignore
    arg [-plugin-opt=-pass-through=-lgcc_s] ==> ignore
    arg [-plugin-opt=-pass-through=-lpthread] ==> ignore
    arg [-plugin-opt=-pass-through=-lc] ==> ignore
    arg [-plugin-opt=-pass-through=-lgcc] ==> ignore
    arg [-plugin-opt=-pass-through=-lgcc_s] ==> ignore
    arg [--build-id] ==> ignore
    arg [--eh-frame-hdr] ==> ignore
    arg [-dynamic-linker] ==> ignore
    arg [/lib/ld-linux-armhf.so.3] ==> ignore
    arg [-X] ==> ignore
    arg [--hash-style=gnu] ==> ignore
    arg [--as-needed] ==> ignore
    arg [-m] ==> ignore
    arg [armelf_linux_eabi] ==> ignore
    arg [-pie] ==> ignore
    arg [-znow] ==> ignore
    arg [-zrelro] ==> ignore
    arg [-o] ==> ignore
    arg [cmTC_e36a3] ==> ignore
    arg [-L/usr/lib/gcc/arm-linux-gnueabihf/11] ==> dir [/usr/lib/gcc/arm-linux-gnueabihf/11]
    arg [-L/usr/lib/gcc/arm-linux-gnueabihf/11/../../../arm-linux-gnueabihf] ==> dir [/usr/lib/gcc/arm-linux-gnueabihf/11/../../../arm-linux-gnueabihf]
    arg [-L/usr/lib/gcc/arm-linux-gnueabihf/11/../../..] ==> dir [/usr/lib/gcc/arm-linux-gnueabihf/11/../../..]
    arg [-L/lib/arm-linux-gnueabihf] ==> dir [/lib/arm-linux-gnueabihf]
    arg [-L/usr/lib/arm-linux-gnueabihf] ==> dir [/usr/lib/arm-linux-gnueabihf]
    arg [CMakeFiles/cmTC_e36a3.dir/OpenMPTryFlag.c.o] ==> ignore
    arg [-lgomp] ==> lib [gomp]
    arg [-lgcc] ==> lib [gcc]
    arg [--push-state] ==> ignore
    arg [--as-needed] ==> ignore
    arg [-lgcc_s] ==> lib [gcc_s]
    arg [--pop-state] ==> ignore
    arg [-lpthread] ==> lib [pthread]
    arg [-lc] ==> lib [c]
    arg [-lgcc] ==> lib [gcc]
    arg [--push-state] ==> ignore
    arg [--as-needed] ==> ignore
    arg [-lgcc_s] ==> lib [gcc_s]
    arg [--pop-state] ==> ignore
  collapse library dir [/usr/lib/gcc/arm-linux-gnueabihf/11] ==> [/usr/lib/gcc/arm-linux-gnueabihf/11]
  collapse library dir [/usr/lib/gcc/arm-linux-gnueabihf/11/../../../arm-linux-gnueabihf] ==> [/usr/lib/arm-linux-gnueabihf]
  collapse library dir [/usr/lib/gcc/arm-linux-gnueabihf/11/../../..] ==> [/usr/lib]
  collapse library dir [/lib/arm-linux-gnueabihf] ==> [/lib/arm-linux-gnueabihf]
  collapse library dir [/usr/lib/arm-linux-gnueabihf] ==> [/usr/lib/arm-linux-gnueabihf]
  implicit libs: [gomp;gcc;gcc_s;pthread;c;gcc;gcc_s]
  implicit objs: []
  implicit dirs: [/usr/lib/gcc/arm-linux-gnueabihf/11;/usr/lib/arm-linux-gnueabihf;/usr/lib;/lib/arm-linux-gnueabihf]
  implicit fwks: []


Detecting CXX OpenMP compiler ABI info compiled with the following output:
Change Dir: /home/nanodet/demo_ncnn/build/CMakeFiles/CMakeTmp

Run Build Command(s):/usr/bin/gmake -f Makefile cmTC_66dc1/fast && /usr/bin/gmake  -f CMakeFiles/cmTC_66dc1.dir/build.make CMakeFiles/cmTC_66dc1.dir/build
gmake[1]: Entering directory '/home/nanodet/demo_ncnn/build/CMakeFiles/CMakeTmp'
Building CXX object CMakeFiles/cmTC_66dc1.dir/OpenMPTryFlag.cpp.o
/usr/bin/c++   -fopenmp -v -o CMakeFiles/cmTC_66dc1.dir/OpenMPTryFlag.cpp.o -c /home/nanodet/demo_ncnn/build/CMakeFiles/FindOpenMP/OpenMPTryFlag.cpp
Using built-in specs.
COLLECT_GCC=/usr/bin/c++
Target: arm-linux-gnueabihf
Configured with: ../src/configure -v --with-pkgversion='Ubuntu 11.3.0-1ubuntu1~22.04' --with-bugurl=file:///usr/share/doc/gcc-11/README.Bugs --enable-languages=c,ada,c++,go,d,fortran,objc,obj-c++,m2 --prefix=/usr --with-gcc-major-version-only --program-suffix=-11 --program-prefix=arm-linux-gnueabihf- --enable-shared --enable-linker-build-id --libexecdir=/usr/lib --without-included-gettext --enable-threads=posix --libdir=/usr/lib --enable-nls --enable-bootstrap --enable-clocale=gnu --enable-libstdcxx-debug --enable-libstdcxx-time=yes --with-default-libstdcxx-abi=new --enable-gnu-unique-object --disable-libitm --disable-libquadmath --disable-libquadmath-support --enable-plugin --enable-default-pie --with-system-zlib --enable-libphobos-checking=release --with-target-system-zlib=auto --enable-objc-gc=auto --enable-multiarch --disable-sjlj-exceptions --with-arch=armv7-a+fp --with-float=hard --with-mode=thumb --disable-werror --enable-checking=release --build=arm-linux-gnueabihf --host=arm-linux-gnueabihf --target=arm-linux-gnueabihf
Thread model: posix
Supported LTO compression algorithms: zlib zstd
gcc version 11.3.0 (Ubuntu 11.3.0-1ubuntu1~22.04) 
COLLECT_GCC_OPTIONS='-fopenmp' '-v' '-o' 'CMakeFiles/cmTC_66dc1.dir/OpenMPTryFlag.cpp.o' '-c' '-shared-libgcc'  '-mfloat-abi=hard' '-mtls-dialect=gnu' '-mthumb' '-mlibarch=armv7-a+fp' '-march=armv7-a+fp' '-pthread' '-dumpdir' 'CMakeFiles/cmTC_66dc1.dir/'
 /usr/lib/gcc/arm-linux-gnueabihf/11/cc1plus -quiet -v -imultilib . -imultiarch arm-linux-gnueabihf -D_GNU_SOURCE -D_REENTRANT /home/nanodet/demo_ncnn/build/CMakeFiles/FindOpenMP/OpenMPTryFlag.cpp -quiet -dumpdir CMakeFiles/cmTC_66dc1.dir/ -dumpbase OpenMPTryFlag.cpp.cpp -dumpbase-ext .cpp -mfloat-abi=hard -mtls-dialect=gnu -mthumb -mlibarch=armv7-a+fp -march=armv7-a+fp -version -fopenmp -fstack-protector-strong -Wformat -Wformat-security -o /tmp/ccsZNU4Y.s
GNU C++17 (Ubuntu 11.3.0-1ubuntu1~22.04) version 11.3.0 (arm-linux-gnueabihf)
	compiled by GNU C version 11.3.0, GMP version 6.2.1, MPFR version 4.1.0, MPC version 1.2.1, isl version isl-0.24-GMP

GGC heuristics: --param ggc-min-expand=100 --param ggc-min-heapsize=131072
ignoring duplicate directory "/usr/include/arm-linux-gnueabihf/c++/11"
ignoring nonexistent directory "/usr/local/include/arm-linux-gnueabihf"
ignoring nonexistent directory "/usr/lib/gcc/arm-linux-gnueabihf/11/include-fixed"
ignoring nonexistent directory "/usr/lib/gcc/arm-linux-gnueabihf/11/../../../../arm-linux-gnueabihf/include"
#include "..." search starts here:
#include <...> search starts here:
 /usr/include/c++/11
 /usr/include/arm-linux-gnueabihf/c++/11
 /usr/include/c++/11/backward
 /usr/lib/gcc/arm-linux-gnueabihf/11/include
 /usr/local/include
 /usr/include/arm-linux-gnueabihf
 /usr/include
End of search list.
GNU C++17 (Ubuntu 11.3.0-1ubuntu1~22.04) version 11.3.0 (arm-linux-gnueabihf)
	compiled by GNU C version 11.3.0, GMP version 6.2.1, MPFR version 4.1.0, MPC version 1.2.1, isl version isl-0.24-GMP

GGC heuristics: --param ggc-min-expand=100 --param ggc-min-heapsize=131072
Compiler executable checksum: e9308bb36dba8d45aea3ac1aa6a35bdb
COLLECT_GCC_OPTIONS='-fopenmp' '-v' '-o' 'CMakeFiles/cmTC_66dc1.dir/OpenMPTryFlag.cpp.o' '-c' '-shared-libgcc'  '-mfloat-abi=hard' '-mtls-dialect=gnu' '-mthumb' '-mlibarch=armv7-a+fp' '-march=armv7-a+fp' '-pthread' '-dumpdir' 'CMakeFiles/cmTC_66dc1.dir/'
 as -v -march=armv7-a -mfloat-abi=hard -meabi=5 -o CMakeFiles/cmTC_66dc1.dir/OpenMPTryFlag.cpp.o /tmp/ccsZNU4Y.s
GNU assembler version 2.38 (arm-linux-gnueabihf) using BFD version (GNU Binutils for Ubuntu) 2.38
COMPILER_PATH=/usr/lib/gcc/arm-linux-gnueabihf/11/:/usr/lib/gcc/arm-linux-gnueabihf/11/:/usr/lib/gcc/arm-linux-gnueabihf/:/usr/lib/gcc/arm-linux-gnueabihf/11/:/usr/lib/gcc/arm-linux-gnueabihf/
LIBRARY_PATH=/usr/lib/gcc/arm-linux-gnueabihf/11/:/usr/lib/gcc/arm-linux-gnueabihf/11/../../../arm-linux-gnueabihf/:/usr/lib/gcc/arm-linux-gnueabihf/11/../../../:/lib/arm-linux-gnueabihf/:/lib/:/usr/lib/arm-linux-gnueabihf/:/usr/lib/
COLLECT_GCC_OPTIONS='-fopenmp' '-v' '-o' 'CMakeFiles/cmTC_66dc1.dir/OpenMPTryFlag.cpp.o' '-c' '-shared-libgcc'  '-mfloat-abi=hard' '-mtls-dialect=gnu' '-mthumb' '-mlibarch=armv7-a+fp' '-march=armv7-a+fp' '-pthread' '-dumpdir' 'CMakeFiles/cmTC_66dc1.dir/OpenMPTryFlag.cpp.'
Linking CXX executable cmTC_66dc1
/usr/bin/cmake -E cmake_link_script CMakeFiles/cmTC_66dc1.dir/link.txt --verbose=1
/usr/bin/c++  -fopenmp -v CMakeFiles/cmTC_66dc1.dir/OpenMPTryFlag.cpp.o -o cmTC_66dc1  -v 
Using built-in specs.
COLLECT_GCC=/usr/bin/c++
COLLECT_LTO_WRAPPER=/usr/lib/gcc/arm-linux-gnueabihf/11/lto-wrapper
Target: arm-linux-gnueabihf
Configured with: ../src/configure -v --with-pkgversion='Ubuntu 11.3.0-1ubuntu1~22.04' --with-bugurl=file:///usr/share/doc/gcc-11/README.Bugs --enable-languages=c,ada,c++,go,d,fortran,objc,obj-c++,m2 --prefix=/usr --with-gcc-major-version-only --program-suffix=-11 --program-prefix=arm-linux-gnueabihf- --enable-shared --enable-linker-build-id --libexecdir=/usr/lib --without-included-gettext --enable-threads=posix --libdir=/usr/lib --enable-nls --enable-bootstrap --enable-clocale=gnu --enable-libstdcxx-debug --enable-libstdcxx-time=yes --with-default-libstdcxx-abi=new --enable-gnu-unique-object --disable-libitm --disable-libquadmath --disable-libquadmath-support --enable-plugin --enable-default-pie --with-system-zlib --enable-libphobos-checking=release --with-target-system-zlib=auto --enable-objc-gc=auto --enable-multiarch --disable-sjlj-exceptions --with-arch=armv7-a+fp --with-float=hard --with-mode=thumb --disable-werror --enable-checking=release --build=arm-linux-gnueabihf --host=arm-linux-gnueabihf --target=arm-linux-gnueabihf
Thread model: posix
Supported LTO compression algorithms: zlib zstd
gcc version 11.3.0 (Ubuntu 11.3.0-1ubuntu1~22.04) 
COMPILER_PATH=/usr/lib/gcc/arm-linux-gnueabihf/11/:/usr/lib/gcc/arm-linux-gnueabihf/11/:/usr/lib/gcc/arm-linux-gnueabihf/:/usr/lib/gcc/arm-linux-gnueabihf/11/:/usr/lib/gcc/arm-linux-gnueabihf/
LIBRARY_PATH=/usr/lib/gcc/arm-linux-gnueabihf/11/:/usr/lib/gcc/arm-linux-gnueabihf/11/../../../arm-linux-gnueabihf/:/usr/lib/gcc/arm-linux-gnueabihf/11/../../../:/lib/arm-linux-gnueabihf/:/lib/:/usr/lib/arm-linux-gnueabihf/:/usr/lib/
Reading specs from /usr/lib/gcc/arm-linux-gnueabihf/11/libgomp.spec
COLLECT_GCC_OPTIONS='-fopenmp' '-v' '-o' 'cmTC_66dc1' '-v' '-shared-libgcc'  '-mfloat-abi=hard' '-mtls-dialect=gnu' '-mthumb' '-mlibarch=armv7-a+fp' '-march=armv7-a+fp' '-pthread' '-dumpdir' 'cmTC_66dc1.'
 /usr/lib/gcc/arm-linux-gnueabihf/11/collect2 -plugin /usr/lib/gcc/arm-linux-gnueabihf/11/liblto_plugin.so -plugin-opt=/usr/lib/gcc/arm-linux-gnueabihf/11/lto-wrapper -plugin-opt=-fresolution=/tmp/ccb2bXG5.res -plugin-opt=-pass-through=-lgcc_s -plugin-opt=-pass-through=-lgcc -plugin-opt=-pass-through=-lpthread -plugin-opt=-pass-through=-lc -plugin-opt=-pass-through=-lgcc_s -plugin-opt=-pass-through=-lgcc --build-id --eh-frame-hdr -dynamic-linker /lib/ld-linux-armhf.so.3 -X --hash-style=gnu --as-needed -m armelf_linux_eabi -pie -z now -z relro -o cmTC_66dc1 /usr/lib/gcc/arm-linux-gnueabihf/11/../../../arm-linux-gnueabihf/Scrt1.o /usr/lib/gcc/arm-linux-gnueabihf/11/../../../arm-linux-gnueabihf/crti.o /usr/lib/gcc/arm-linux-gnueabihf/11/crtbeginS.o -L/usr/lib/gcc/arm-linux-gnueabihf/11 -L/usr/lib/gcc/arm-linux-gnueabihf/11/../../../arm-linux-gnueabihf -L/usr/lib/gcc/arm-linux-gnueabihf/11/../../.. -L/lib/arm-linux-gnueabihf -L/usr/lib/arm-linux-gnueabihf CMakeFiles/cmTC_66dc1.dir/OpenMPTryFlag.cpp.o -lstdc++ -lm -lgomp -lgcc_s -lgcc -lpthread -lc -lgcc_s -lgcc /usr/lib/gcc/arm-linux-gnueabihf/11/crtendS.o /usr/lib/gcc/arm-linux-gnueabihf/11/../../../arm-linux-gnueabihf/crtn.o
COLLECT_GCC_OPTIONS='-fopenmp' '-v' '-o' 'cmTC_66dc1' '-v' '-shared-libgcc'  '-mfloat-abi=hard' '-mtls-dialect=gnu' '-mthumb' '-mlibarch=armv7-a+fp' '-march=armv7-a+fp' '-pthread' '-dumpdir' 'cmTC_66dc1.'
gmake[1]: Leaving directory '/home/nanodet/demo_ncnn/build/CMakeFiles/CMakeTmp'



Parsed CXX OpenMP implicit link information from above output:
  link line regex: [^( *|.*[/\])(ld|CMAKE_LINK_STARTFILE-NOTFOUND|([^/\]+-)?ld|collect2)[^/\]*( |$)]
  ignore line: [Change Dir: /home/nanodet/demo_ncnn/build/CMakeFiles/CMakeTmp]
  ignore line: []
  ignore line: [Run Build Command(s):/usr/bin/gmake -f Makefile cmTC_66dc1/fast && /usr/bin/gmake  -f CMakeFiles/cmTC_66dc1.dir/build.make CMakeFiles/cmTC_66dc1.dir/build]
  ignore line: [gmake[1]: Entering directory '/home/nanodet/demo_ncnn/build/CMakeFiles/CMakeTmp']
  ignore line: [Building CXX object CMakeFiles/cmTC_66dc1.dir/OpenMPTryFlag.cpp.o]
  ignore line: [/usr/bin/c++   -fopenmp -v -o CMakeFiles/cmTC_66dc1.dir/OpenMPTryFlag.cpp.o -c /home/nanodet/demo_ncnn/build/CMakeFiles/FindOpenMP/OpenMPTryFlag.cpp]
  ignore line: [Using built-in specs.]
  ignore line: [COLLECT_GCC=/usr/bin/c++]
  ignore line: [Target: arm-linux-gnueabihf]
  ignore line: [Configured with: ../src/configure -v --with-pkgversion='Ubuntu 11.3.0-1ubuntu1~22.04' --with-bugurl=file:///usr/share/doc/gcc-11/README.Bugs --enable-languages=c ada c++ go d fortran objc obj-c++ m2 --prefix=/usr --with-gcc-major-version-only --program-suffix=-11 --program-prefix=arm-linux-gnueabihf- --enable-shared --enable-linker-build-id --libexecdir=/usr/lib --without-included-gettext --enable-threads=posix --libdir=/usr/lib --enable-nls --enable-bootstrap --enable-clocale=gnu --enable-libstdcxx-debug --enable-libstdcxx-time=yes --with-default-libstdcxx-abi=new --enable-gnu-unique-object --disable-libitm --disable-libquadmath --disable-libquadmath-support --enable-plugin --enable-default-pie --with-system-zlib --enable-libphobos-checking=release --with-target-system-zlib=auto --enable-objc-gc=auto --enable-multiarch --disable-sjlj-exceptions --with-arch=armv7-a+fp --with-float=hard --with-mode=thumb --disable-werror --enable-checking=release --build=arm-linux-gnueabihf --host=arm-linux-gnueabihf --target=arm-linux-gnueabihf]
  ignore line: [Thread model: posix]
  ignore line: [Supported LTO compression algorithms: zlib zstd]
  ignore line: [gcc version 11.3.0 (Ubuntu 11.3.0-1ubuntu1~22.04) ]
  ignore line: [COLLECT_GCC_OPTIONS='-fopenmp' '-v' '-o' 'CMakeFiles/cmTC_66dc1.dir/OpenMPTryFlag.cpp.o' '-c' '-shared-libgcc'  '-mfloat-abi=hard' '-mtls-dialect=gnu' '-mthumb' '-mlibarch=armv7-a+fp' '-march=armv7-a+fp' '-pthread' '-dumpdir' 'CMakeFiles/cmTC_66dc1.dir/']
  ignore line: [ /usr/lib/gcc/arm-linux-gnueabihf/11/cc1plus -quiet -v -imultilib . -imultiarch arm-linux-gnueabihf -D_GNU_SOURCE -D_REENTRANT /home/nanodet/demo_ncnn/build/CMakeFiles/FindOpenMP/OpenMPTryFlag.cpp -quiet -dumpdir CMakeFiles/cmTC_66dc1.dir/ -dumpbase OpenMPTryFlag.cpp.cpp -dumpbase-ext .cpp -mfloat-abi=hard -mtls-dialect=gnu -mthumb -mlibarch=armv7-a+fp -march=armv7-a+fp -version -fopenmp -fstack-protector-strong -Wformat -Wformat-security -o /tmp/ccsZNU4Y.s]
  ignore line: [GNU C++17 (Ubuntu 11.3.0-1ubuntu1~22.04) version 11.3.0 (arm-linux-gnueabihf)]
  ignore line: [	compiled by GNU C version 11.3.0  GMP version 6.2.1  MPFR version 4.1.0  MPC version 1.2.1  isl version isl-0.24-GMP]
  ignore line: []
  ignore line: [GGC heuristics: --param ggc-min-expand=100 --param ggc-min-heapsize=131072]
  ignore line: [ignoring duplicate directory "/usr/include/arm-linux-gnueabihf/c++/11"]
  ignore line: [ignoring nonexistent directory "/usr/local/include/arm-linux-gnueabihf"]
  ignore line: [ignoring nonexistent directory "/usr/lib/gcc/arm-linux-gnueabihf/11/include-fixed"]
  ignore line: [ignoring nonexistent directory "/usr/lib/gcc/arm-linux-gnueabihf/11/../../../../arm-linux-gnueabihf/include"]
  ignore line: [#include "..." search starts here:]
  ignore line: [#include <...> search starts here:]
  ignore line: [ /usr/include/c++/11]
  ignore line: [ /usr/include/arm-linux-gnueabihf/c++/11]
  ignore line: [ /usr/include/c++/11/backward]
  ignore line: [ /usr/lib/gcc/arm-linux-gnueabihf/11/include]
  ignore line: [ /usr/local/include]
  ignore line: [ /usr/include/arm-linux-gnueabihf]
  ignore line: [ /usr/include]
  ignore line: [End of search list.]
  ignore line: [GNU C++17 (Ubuntu 11.3.0-1ubuntu1~22.04) version 11.3.0 (arm-linux-gnueabihf)]
  ignore line: [	compiled by GNU C version 11.3.0  GMP version 6.2.1  MPFR version 4.1.0  MPC version 1.2.1  isl version isl-0.24-GMP]
  ignore line: []
  ignore line: [GGC heuristics: --param ggc-min-expand=100 --param ggc-min-heapsize=131072]
  ignore line: [Compiler executable checksum: e9308bb36dba8d45aea3ac1aa6a35bdb]
  ignore line: [COLLECT_GCC_OPTIONS='-fopenmp' '-v' '-o' 'CMakeFiles/cmTC_66dc1.dir/OpenMPTryFlag.cpp.o' '-c' '-shared-libgcc'  '-mfloat-abi=hard' '-mtls-dialect=gnu' '-mthumb' '-mlibarch=armv7-a+fp' '-march=armv7-a+fp' '-pthread' '-dumpdir' 'CMakeFiles/cmTC_66dc1.dir/']
  ignore line: [ as -v -march=armv7-a -mfloat-abi=hard -meabi=5 -o CMakeFiles/cmTC_66dc1.dir/OpenMPTryFlag.cpp.o /tmp/ccsZNU4Y.s]
  ignore line: [GNU assembler version 2.38 (arm-linux-gnueabihf) using BFD version (GNU Binutils for Ubuntu) 2.38]
  ignore line: [COMPILER_PATH=/usr/lib/gcc/arm-linux-gnueabihf/11/:/usr/lib/gcc/arm-linux-gnueabihf/11/:/usr/lib/gcc/arm-linux-gnueabihf/:/usr/lib/gcc/arm-linux-gnueabihf/11/:/usr/lib/gcc/arm-linux-gnueabihf/]
  ignore line: [LIBRARY_PATH=/usr/lib/gcc/arm-linux-gnueabihf/11/:/usr/lib/gcc/arm-linux-gnueabihf/11/../../../arm-linux-gnueabihf/:/usr/lib/gcc/arm-linux-gnueabihf/11/../../../:/lib/arm-linux-gnueabihf/:/lib/:/usr/lib/arm-linux-gnueabihf/:/usr/lib/]
  ignore line: [COLLECT_GCC_OPTIONS='-fopenmp' '-v' '-o' 'CMakeFiles/cmTC_66dc1.dir/OpenMPTryFlag.cpp.o' '-c' '-shared-libgcc'  '-mfloat-abi=hard' '-mtls-dialect=gnu' '-mthumb' '-mlibarch=armv7-a+fp' '-march=armv7-a+fp' '-pthread' '-dumpdir' 'CMakeFiles/cmTC_66dc1.dir/OpenMPTryFlag.cpp.']
  ignore line: [Linking CXX executable cmTC_66dc1]
  ignore line: [/usr/bin/cmake -E cmake_link_script CMakeFiles/cmTC_66dc1.dir/link.txt --verbose=1]
  ignore line: [/usr/bin/c++  -fopenmp -v CMakeFiles/cmTC_66dc1.dir/OpenMPTryFlag.cpp.o -o cmTC_66dc1  -v ]
  ignore line: [Using built-in specs.]
  ignore line: [COLLECT_GCC=/usr/bin/c++]
  ignore line: [COLLECT_LTO_WRAPPER=/usr/lib/gcc/arm-linux-gnueabihf/11/lto-wrapper]
  ignore line: [Target: arm-linux-gnueabihf]
  ignore line: [Configured with: ../src/configure -v --with-pkgversion='Ubuntu 11.3.0-1ubuntu1~22.04' --with-bugurl=file:///usr/share/doc/gcc-11/README.Bugs --enable-languages=c ada c++ go d fortran objc obj-c++ m2 --prefix=/usr --with-gcc-major-version-only --program-suffix=-11 --program-prefix=arm-linux-gnueabihf- --enable-shared --enable-linker-build-id --libexecdir=/usr/lib --without-included-gettext --enable-threads=posix --libdir=/usr/lib --enable-nls --enable-bootstrap --enable-clocale=gnu --enable-libstdcxx-debug --enable-libstdcxx-time=yes --with-default-libstdcxx-abi=new --enable-gnu-unique-object --disable-libitm --disable-libquadmath --disable-libquadmath-support --enable-plugin --enable-default-pie --with-system-zlib --enable-libphobos-checking=release --with-target-system-zlib=auto --enable-objc-gc=auto --enable-multiarch --disable-sjlj-exceptions --with-arch=armv7-a+fp --with-float=hard --with-mode=thumb --disable-werror --enable-checking=release --build=arm-linux-gnueabihf --host=arm-linux-gnueabihf --target=arm-linux-gnueabihf]
  ignore line: [Thread model: posix]
  ignore line: [Supported LTO compression algorithms: zlib zstd]
  ignore line: [gcc version 11.3.0 (Ubuntu 11.3.0-1ubuntu1~22.04) ]
  ignore line: [COMPILER_PATH=/usr/lib/gcc/arm-linux-gnueabihf/11/:/usr/lib/gcc/arm-linux-gnueabihf/11/:/usr/lib/gcc/arm-linux-gnueabihf/:/usr/lib/gcc/arm-linux-gnueabihf/11/:/usr/lib/gcc/arm-linux-gnueabihf/]
  ignore line: [LIBRARY_PATH=/usr/lib/gcc/arm-linux-gnueabihf/11/:/usr/lib/gcc/arm-linux-gnueabihf/11/../../../arm-linux-gnueabihf/:/usr/lib/gcc/arm-linux-gnueabihf/11/../../../:/lib/arm-linux-gnueabihf/:/lib/:/usr/lib/arm-linux-gnueabihf/:/usr/lib/]
  ignore line: [Reading specs from /usr/lib/gcc/arm-linux-gnueabihf/11/libgomp.spec]
  ignore line: [COLLECT_GCC_OPTIONS='-fopenmp' '-v' '-o' 'cmTC_66dc1' '-v' '-shared-libgcc'  '-mfloat-abi=hard' '-mtls-dialect=gnu' '-mthumb' '-mlibarch=armv7-a+fp' '-march=armv7-a+fp' '-pthread' '-dumpdir' 'cmTC_66dc1.']
  link line: [ /usr/lib/gcc/arm-linux-gnueabihf/11/collect2 -plugin /usr/lib/gcc/arm-linux-gnueabihf/11/liblto_plugin.so -plugin-opt=/usr/lib/gcc/arm-linux-gnueabihf/11/lto-wrapper -plugin-opt=-fresolution=/tmp/ccb2bXG5.res -plugin-opt=-pass-through=-lgcc_s -plugin-opt=-pass-through=-lgcc -plugin-opt=-pass-through=-lpthread -plugin-opt=-pass-through=-lc -plugin-opt=-pass-through=-lgcc_s -plugin-opt=-pass-through=-lgcc --build-id --eh-frame-hdr -dynamic-linker /lib/ld-linux-armhf.so.3 -X --hash-style=gnu --as-needed -m armelf_linux_eabi -pie -z now -z relro -o cmTC_66dc1 /usr/lib/gcc/arm-linux-gnueabihf/11/../../../arm-linux-gnueabihf/Scrt1.o /usr/lib/gcc/arm-linux-gnueabihf/11/../../../arm-linux-gnueabihf/crti.o /usr/lib/gcc/arm-linux-gnueabihf/11/crtbeginS.o -L/usr/lib/gcc/arm-linux-gnueabihf/11 -L/usr/lib/gcc/arm-linux-gnueabihf/11/../../../arm-linux-gnueabihf -L/usr/lib/gcc/arm-linux-gnueabihf/11/../../.. -L/lib/arm-linux-gnueabihf -L/usr/lib/arm-linux-gnueabihf CMakeFiles/cmTC_66dc1.dir/OpenMPTryFlag.cpp.o -lstdc++ -lm -lgomp -lgcc_s -lgcc -lpthread -lc -lgcc_s -lgcc /usr/lib/gcc/arm-linux-gnueabihf/11/crtendS.o /usr/lib/gcc/arm-linux-gnueabihf/11/../../../arm-linux-gnueabihf/crtn.o]
    arg [/usr/lib/gcc/arm-linux-gnueabihf/11/collect2] ==> ignore
    arg [-plugin] ==> ignore
    arg [/usr/lib/gcc/arm-linux-gnueabihf/11/liblto_plugin.so] ==> ignore
    arg [-plugin-opt=/usr/lib/gcc/arm-linux-gnueabihf/11/lto-wrapper] ==> ignore
    arg [-plugin-opt=-fresolution=/tmp/ccb2bXG5.res] ==> ignore
    arg [-plugin-opt=-pass-through=-lgcc_s] ==> ignore
    arg [-plugin-opt=-pass-through=-lgcc] ==> ignore
    arg [-plugin-opt=-pass-through=-lpthread] ==> ignore
    arg [-plugin-opt=-pass-through=-lc] ==> ignore
    arg [-plugin-opt=-pass-through=-lgcc_s] ==> ignore
    arg [-plugin-opt=-pass-through=-lgcc] ==> ignore
    arg [--build-id] ==> ignore
    arg [--eh-frame-hdr] ==> ignore
    arg [-dynamic-linker] ==> ignore
    arg [/lib/ld-linux-armhf.so.3] ==> ignore
    arg [-X] ==> ignore
    arg [--hash-style=gnu] ==> ignore
    arg [--as-needed] ==> ignore
    arg [-m] ==> ignore
    arg [armelf_linux_eabi] ==> ignore
    arg [-pie] ==> ignore
    arg [-znow] ==> ignore
    arg [-zrelro] ==> ignore
    arg [-o] ==> ignore
    arg [cmTC_66dc1] ==> ignore
    arg [-L/usr/lib/gcc/arm-linux-gnueabihf/11] ==> dir [/usr/lib/gcc/arm-linux-gnueabihf/11]
    arg [-L/usr/lib/gcc/arm-linux-gnueabihf/11/../../../arm-linux-gnueabihf] ==> dir [/usr/lib/gcc/arm-linux-gnueabihf/11/../../../arm-linux-gnueabihf]
    arg [-L/usr/lib/gcc/arm-linux-gnueabihf/11/../../..] ==> dir [/usr/lib/gcc/arm-linux-gnueabihf/11/../../..]
    arg [-L/lib/arm-linux-gnueabihf] ==> dir [/lib/arm-linux-gnueabihf]
    arg [-L/usr/lib/arm-linux-gnueabihf] ==> dir [/usr/lib/arm-linux-gnueabihf]
    arg [CMakeFiles/cmTC_66dc1.dir/OpenMPTryFlag.cpp.o] ==> ignore
    arg [-lstdc++] ==> lib [stdc++]
    arg [-lm] ==> lib [m]
    arg [-lgomp] ==> lib [gomp]
    arg [-lgcc_s] ==> lib [gcc_s]
    arg [-lgcc] ==> lib [gcc]
    arg [-lpthread] ==> lib [pthread]
    arg [-lc] ==> lib [c]
    arg [-lgcc_s] ==> lib [gcc_s]
    arg [-lgcc] ==> lib [gcc]
  collapse library dir [/usr/lib/gcc/arm-linux-gnueabihf/11] ==> [/usr/lib/gcc/arm-linux-gnueabihf/11]
  collapse library dir [/usr/lib/gcc/arm-linux-gnueabihf/11/../../../arm-linux-gnueabihf] ==> [/usr/lib/arm-linux-gnueabihf]
  collapse library dir [/usr/lib/gcc/arm-linux-gnueabihf/11/../../..] ==> [/usr/lib]
  collapse library dir [/lib/arm-linux-gnueabihf] ==> [/lib/arm-linux-gnueabihf]
  collapse library dir [/usr/lib/arm-linux-gnueabihf] ==> [/usr/lib/arm-linux-gnueabihf]
  implicit libs: [stdc++;m;gomp;gcc_s;gcc;pthread;c;gcc_s;gcc]
  implicit objs: []
  implicit dirs: [/usr/lib/gcc/arm-linux-gnueabihf/11;/usr/lib/arm-linux-gnueabihf;/usr/lib;/lib/arm-linux-gnueabihf]
  implicit fwks: []


Determining if the include file pthread.h exists passed with the following output:
Change Dir: /home/nanodet/demo_ncnn/build/CMakeFiles/CMakeTmp

Run Build Command(s):/usr/bin/gmake -f Makefile cmTC_9b451/fast && /usr/bin/gmake  -f CMakeFiles/cmTC_9b451.dir/build.make CMakeFiles/cmTC_9b451.dir/build
gmake[1]: Entering directory '/home/nanodet/demo_ncnn/build/CMakeFiles/CMakeTmp'
Building C object CMakeFiles/cmTC_9b451.dir/CheckIncludeFile.c.o
/usr/bin/cc   -fopenmp  -o CMakeFiles/cmTC_9b451.dir/CheckIncludeFile.c.o -c /home/nanodet/demo_ncnn/build/CMakeFiles/CMakeTmp/CheckIncludeFile.c
Linking C executable cmTC_9b451
/usr/bin/cmake -E cmake_link_script CMakeFiles/cmTC_9b451.dir/link.txt --verbose=1
/usr/bin/cc  -fopenmp  CMakeFiles/cmTC_9b451.dir/CheckIncludeFile.c.o -o cmTC_9b451 
gmake[1]: Leaving directory '/home/nanodet/demo_ncnn/build/CMakeFiles/CMakeTmp'



Performing C SOURCE FILE Test CMAKE_HAVE_LIBC_PTHREAD succeeded with the following output:
Change Dir: /home/nanodet/demo_ncnn/build/CMakeFiles/CMakeTmp

Run Build Command(s):/usr/bin/gmake -f Makefile cmTC_8b697/fast && /usr/bin/gmake  -f CMakeFiles/cmTC_8b697.dir/build.make CMakeFiles/cmTC_8b697.dir/build
gmake[1]: Entering directory '/home/nanodet/demo_ncnn/build/CMakeFiles/CMakeTmp'
Building C object CMakeFiles/cmTC_8b697.dir/src.c.o
/usr/bin/cc -DCMAKE_HAVE_LIBC_PTHREAD  -fopenmp  -o CMakeFiles/cmTC_8b697.dir/src.c.o -c /home/nanodet/demo_ncnn/build/CMakeFiles/CMakeTmp/src.c
Linking C executable cmTC_8b697
/usr/bin/cmake -E cmake_link_script CMakeFiles/cmTC_8b697.dir/link.txt --verbose=1
/usr/bin/cc  -fopenmp  CMakeFiles/cmTC_8b697.dir/src.c.o -o cmTC_8b697 
gmake[1]: Leaving directory '/home/nanodet/demo_ncnn/build/CMakeFiles/CMakeTmp'


Source file was:
#include <pthread.h>

static void* test_func(void* data)
{
  return data;
}

int main(void)
{
  pthread_t thread;
  pthread_create(&thread, NULL, test_func, NULL);
  pthread_detach(thread);
  pthread_cancel(thread);
  pthread_join(thread, NULL);
  pthread_atfork(NULL, NULL, NULL);
  pthread_exit(NULL);

  return 0;
}

