The target system is: Emscripten - 1 - x86
The host system is: Darwin - 20.6.0 - x86_64
Performing C SOURCE FILE Test CMAKE_HAVE_LIBC_PTHREAD succeeded with the following output:
Change Dir: /Users/sasha/Documents/code/repos/ncnn-webassembly-nanodet/build/CMakeFiles/CMakeScratch/TryCompile-H0LUwJ

Run Build Command(s):/usr/bin/make -f Makefile cmTC_3b113/fast && /Library/Developer/CommandLineTools/usr/bin/make  -f CMakeFiles/cmTC_3b113.dir/build.make CMakeFiles/cmTC_3b113.dir/build
Building C object CMakeFiles/cmTC_3b113.dir/src.c.o
/Users/sasha/Documents/code/repos/emsdk/upstream/emscripten/emcc -DCMAKE_HAVE_LIBC_PTHREAD   -MD -MT CMakeFiles/cmTC_3b113.dir/src.c.o -MF CMakeFiles/cmTC_3b113.dir/src.c.o.d -o CMakeFiles/cmTC_3b113.dir/src.c.o -c /Users/sasha/Documents/code/repos/ncnn-webassembly-nanodet/build/CMakeFiles/CMakeScratch/TryCompile-H0LUwJ/src.c
Linking C executable cmTC_3b113.js
/usr/local/Cellar/cmake/3.25.1/bin/cmake -E cmake_link_script CMakeFiles/cmTC_3b113.dir/link.txt --verbose=1
/Users/sasha/Documents/code/repos/emsdk/upstream/emscripten/emcc @CMakeFiles/cmTC_3b113.dir/objects1 -o cmTC_3b113.js 


Source file was:
#include <pthread.h>

static void* test_func(void* data)
{
  return data;
}

int main(void)
{
  pthread_t thread;
  pthread_create(&thread, NULL, test_func, NULL);
  pthread_detach(thread);
  pthread_cancel(thread);
  pthread_join(thread, NULL);
  pthread_atfork(NULL, NULL, NULL);
  pthread_exit(NULL);

  return 0;
}


