Detecting C OpenMP failed with the following output:
Change Dir: /Users/sasha/Documents/code/repos/IE-minor/kinect-nn/build/CMakeFiles/CMakeScratch/TryCompile-SCjv7W

Run Build Command(s):/usr/bin/make -f Makefile cmTC_63b40/fast && /Library/Developer/CommandLineTools/usr/bin/make  -f CMakeFiles/cmTC_63b40.dir/build.make CMakeFiles/cmTC_63b40.dir/build
Building C object CMakeFiles/cmTC_63b40.dir/OpenMPTryFlag.c.o
/Library/Developer/CommandLineTools/usr/bin/cc   -fopenmp=libomp -v -isysroot /Library/Developer/CommandLineTools/SDKs/MacOSX12.1.sdk -mmacosx-version-min=11.7 -MD -MT CMakeFiles/cmTC_63b40.dir/OpenMPTryFlag.c.o -MF CMakeFiles/cmTC_63b40.dir/OpenMPTryFlag.c.o.d -o CMakeFiles/cmTC_63b40.dir/OpenMPTryFlag.c.o -c /Users/sasha/Documents/code/repos/IE-minor/kinect-nn/build/CMakeFiles/CMakeScratch/TryCompile-SCjv7W/OpenMPTryFlag.c
Apple clang version 13.0.0 (clang-1300.0.29.30)
Target: x86_64-apple-darwin20.6.0
Thread model: posix
InstalledDir: /Library/Developer/CommandLineTools/usr/bin
clang: error: unsupported argument 'libomp' to option 'fopenmp='
make[1]: *** [CMakeFiles/cmTC_63b40.dir/OpenMPTryFlag.c.o] Error 1
make: *** [cmTC_63b40/fast] Error 2



Detecting C OpenMP failed with the following output:
Change Dir: /Users/sasha/Documents/code/repos/IE-minor/kinect-nn/build/CMakeFiles/CMakeScratch/TryCompile-Sqcjnm

Run Build Command(s):/usr/bin/make -f Makefile cmTC_1fd3a/fast && /Library/Developer/CommandLineTools/usr/bin/make  -f CMakeFiles/cmTC_1fd3a.dir/build.make CMakeFiles/cmTC_1fd3a.dir/build
Building C object CMakeFiles/cmTC_1fd3a.dir/OpenMPTryFlag.c.o
/Library/Developer/CommandLineTools/usr/bin/cc   -fopenmp=libiomp5 -v -isysroot /Library/Developer/CommandLineTools/SDKs/MacOSX12.1.sdk -mmacosx-version-min=11.7 -MD -MT CMakeFiles/cmTC_1fd3a.dir/OpenMPTryFlag.c.o -MF CMakeFiles/cmTC_1fd3a.dir/OpenMPTryFlag.c.o.d -o CMakeFiles/cmTC_1fd3a.dir/OpenMPTryFlag.c.o -c /Users/sasha/Documents/code/repos/IE-minor/kinect-nn/build/CMakeFiles/CMakeScratch/TryCompile-Sqcjnm/OpenMPTryFlag.c
Apple clang version 13.0.0 (clang-1300.0.29.30)
Target: x86_64-apple-darwin20.6.0
Thread model: posix
InstalledDir: /Library/Developer/CommandLineTools/usr/bin
clang: error: unsupported argument 'libiomp5' to option 'fopenmp='
make[1]: *** [CMakeFiles/cmTC_1fd3a.dir/OpenMPTryFlag.c.o] Error 1
make: *** [cmTC_1fd3a/fast] Error 2



Detecting C OpenMP failed with the following output:
Change Dir: /Users/sasha/Documents/code/repos/IE-minor/kinect-nn/build/CMakeFiles/CMakeScratch/TryCompile-5AFKY3

Run Build Command(s):/usr/bin/make -f Makefile cmTC_b9180/fast && /Library/Developer/CommandLineTools/usr/bin/make  -f CMakeFiles/cmTC_b9180.dir/build.make CMakeFiles/cmTC_b9180.dir/build
Building C object CMakeFiles/cmTC_b9180.dir/OpenMPTryFlag.c.o
/Library/Developer/CommandLineTools/usr/bin/cc   -fopenmp -v -isysroot /Library/Developer/CommandLineTools/SDKs/MacOSX12.1.sdk -mmacosx-version-min=11.7 -MD -MT CMakeFiles/cmTC_b9180.dir/OpenMPTryFlag.c.o -MF CMakeFiles/cmTC_b9180.dir/OpenMPTryFlag.c.o.d -o CMakeFiles/cmTC_b9180.dir/OpenMPTryFlag.c.o -c /Users/sasha/Documents/code/repos/IE-minor/kinect-nn/build/CMakeFiles/CMakeScratch/TryCompile-5AFKY3/OpenMPTryFlag.c
Apple clang version 13.0.0 (clang-1300.0.29.30)
Target: x86_64-apple-darwin20.6.0
Thread model: posix
InstalledDir: /Library/Developer/CommandLineTools/usr/bin
clang: error: unsupported option '-fopenmp'
make[1]: *** [CMakeFiles/cmTC_b9180.dir/OpenMPTryFlag.c.o] Error 1
make: *** [cmTC_b9180/fast] Error 2



Detecting C OpenMP failed with the following output:
Change Dir: /Users/sasha/Documents/code/repos/IE-minor/kinect-nn/build/CMakeFiles/CMakeScratch/TryCompile-9Ioft0

Run Build Command(s):/usr/bin/make -f Makefile cmTC_af34a/fast && /Library/Developer/CommandLineTools/usr/bin/make  -f CMakeFiles/cmTC_af34a.dir/build.make CMakeFiles/cmTC_af34a.dir/build
Building C object CMakeFiles/cmTC_af34a.dir/OpenMPTryFlag.c.o
/Library/Developer/CommandLineTools/usr/bin/cc   -Xclang -fopenmp -v -isysroot /Library/Developer/CommandLineTools/SDKs/MacOSX12.1.sdk -mmacosx-version-min=11.7 -MD -MT CMakeFiles/cmTC_af34a.dir/OpenMPTryFlag.c.o -MF CMakeFiles/cmTC_af34a.dir/OpenMPTryFlag.c.o.d -o CMakeFiles/cmTC_af34a.dir/OpenMPTryFlag.c.o -c /Users/sasha/Documents/code/repos/IE-minor/kinect-nn/build/CMakeFiles/CMakeScratch/TryCompile-9Ioft0/OpenMPTryFlag.c
Apple clang version 13.0.0 (clang-1300.0.29.30)
Target: x86_64-apple-darwin20.6.0
Thread model: posix
InstalledDir: /Library/Developer/CommandLineTools/usr/bin
 "/Library/Developer/CommandLineTools/usr/bin/clang" -cc1 -triple x86_64-apple-macosx11.7.0 -Wundef-prefix=TARGET_OS_ -Wdeprecated-objc-isa-usage -Werror=deprecated-objc-isa-usage -Werror=implicit-function-declaration -emit-obj -mrelax-all --mrelax-relocations -disable-free -disable-llvm-verifier -discard-value-names -main-file-name OpenMPTryFlag.c -mrelocation-model pic -pic-level 2 -mframe-pointer=all -fno-strict-return -fno-rounding-math -munwind-tables -target-sdk-version=12.1 -fvisibility-inlines-hidden-static-local-var -target-cpu penryn -tune-cpu generic -debugger-tuning=lldb -target-linker-version 711 -v -resource-dir /Library/Developer/CommandLineTools/usr/lib/clang/13.0.0 -dependency-file CMakeFiles/cmTC_af34a.dir/OpenMPTryFlag.c.o.d -skip-unused-modulemap-deps -MT CMakeFiles/cmTC_af34a.dir/OpenMPTryFlag.c.o -sys-header-deps -isysroot /Library/Developer/CommandLineTools/SDKs/MacOSX12.1.sdk -internal-isystem /Library/Developer/CommandLineTools/SDKs/MacOSX12.1.sdk/usr/local/include -internal-isystem /Library/Developer/CommandLineTools/usr/lib/clang/13.0.0/include -internal-externc-isystem /Library/Developer/CommandLineTools/SDKs/MacOSX12.1.sdk/usr/include -internal-externc-isystem /Library/Developer/CommandLineTools/usr/include -Wno-reorder-init-list -Wno-implicit-int-float-conversion -Wno-c99-designator -Wno-final-dtor-non-final-class -Wno-extra-semi-stmt -Wno-misleading-indentation -Wno-quoted-include-in-framework-header -Wno-implicit-fallthrough -Wno-enum-enum-conversion -Wno-enum-float-conversion -Wno-elaborated-enum-base -fdebug-compilation-dir /Users/sasha/Documents/code/repos/IE-minor/kinect-nn/build/CMakeFiles/CMakeScratch/TryCompile-9Ioft0 -ferror-limit 19 -stack-protector 1 -fstack-check -mdarwin-stkchk-strong-link -fblocks -fencode-extended-block-signature -fregister-global-dtors-with-atexit -fgnuc-version=4.2.1 -fmax-type-align=16 -fcommon -fopenmp -clang-vendor-feature=+nullptrToBoolConversion -clang-vendor-feature=+messageToSelfInClassMethodIdReturnType -clang-vendor-feature=+disableInferNewAvailabilityFromInit -clang-vendor-feature=+disableNeonImmediateRangeCheck -clang-vendor-feature=+disableNonDependentMemberExprInCurrentInstantiation -fno-odr-hash-protocols -clang-vendor-feature=+revert09abecef7bbf -mllvm -disable-aligned-alloc-awareness=1 -mllvm -enable-dse-memoryssa=0 -o CMakeFiles/cmTC_af34a.dir/OpenMPTryFlag.c.o -x c /Users/sasha/Documents/code/repos/IE-minor/kinect-nn/build/CMakeFiles/CMakeScratch/TryCompile-9Ioft0/OpenMPTryFlag.c
clang -cc1 version 13.0.0 (clang-1300.0.29.30) default target x86_64-apple-darwin20.6.0
ignoring nonexistent directory "/Library/Developer/CommandLineTools/SDKs/MacOSX12.1.sdk/usr/local/include"
ignoring nonexistent directory "/Library/Developer/CommandLineTools/SDKs/MacOSX12.1.sdk/Library/Frameworks"
#include "..." search starts here:
#include <...> search starts here:
 /Library/Developer/CommandLineTools/usr/lib/clang/13.0.0/include
 /Library/Developer/CommandLineTools/SDKs/MacOSX12.1.sdk/usr/include
 /Library/Developer/CommandLineTools/usr/include
 /Library/Developer/CommandLineTools/SDKs/MacOSX12.1.sdk/System/Library/Frameworks (framework directory)
End of search list.
/Users/sasha/Documents/code/repos/IE-minor/kinect-nn/build/CMakeFiles/CMakeScratch/TryCompile-9Ioft0/OpenMPTryFlag.c:2:10: fatal error: 'omp.h' file not found
#include <omp.h>
         ^~~~~~~
1 error generated.
make[1]: *** [CMakeFiles/cmTC_af34a.dir/OpenMPTryFlag.c.o] Error 1
make: *** [cmTC_af34a/fast] Error 2



Detecting CXX OpenMP failed with the following output:
Change Dir: /Users/sasha/Documents/code/repos/IE-minor/kinect-nn/build/CMakeFiles/CMakeScratch/TryCompile-TdgzVB

Run Build Command(s):/usr/bin/make -f Makefile cmTC_8f7c5/fast && /Library/Developer/CommandLineTools/usr/bin/make  -f CMakeFiles/cmTC_8f7c5.dir/build.make CMakeFiles/cmTC_8f7c5.dir/build
Building CXX object CMakeFiles/cmTC_8f7c5.dir/OpenMPTryFlag.cpp.o
/Library/Developer/CommandLineTools/usr/bin/c++   -fopenmp=libomp -v -isysroot /Library/Developer/CommandLineTools/SDKs/MacOSX12.1.sdk -mmacosx-version-min=11.7 -MD -MT CMakeFiles/cmTC_8f7c5.dir/OpenMPTryFlag.cpp.o -MF CMakeFiles/cmTC_8f7c5.dir/OpenMPTryFlag.cpp.o.d -o CMakeFiles/cmTC_8f7c5.dir/OpenMPTryFlag.cpp.o -c /Users/sasha/Documents/code/repos/IE-minor/kinect-nn/build/CMakeFiles/CMakeScratch/TryCompile-TdgzVB/OpenMPTryFlag.cpp
Apple clang version 13.0.0 (clang-1300.0.29.30)
Target: x86_64-apple-darwin20.6.0
Thread model: posix
InstalledDir: /Library/Developer/CommandLineTools/usr/bin
clang: error: unsupported argument 'libomp' to option 'fopenmp='
make[1]: *** [CMakeFiles/cmTC_8f7c5.dir/OpenMPTryFlag.cpp.o] Error 1
make: *** [cmTC_8f7c5/fast] Error 2



Detecting CXX OpenMP failed with the following output:
Change Dir: /Users/sasha/Documents/code/repos/IE-minor/kinect-nn/build/CMakeFiles/CMakeScratch/TryCompile-sVYNye

Run Build Command(s):/usr/bin/make -f Makefile cmTC_cb55f/fast && /Library/Developer/CommandLineTools/usr/bin/make  -f CMakeFiles/cmTC_cb55f.dir/build.make CMakeFiles/cmTC_cb55f.dir/build
Building CXX object CMakeFiles/cmTC_cb55f.dir/OpenMPTryFlag.cpp.o
/Library/Developer/CommandLineTools/usr/bin/c++   -fopenmp=libiomp5 -v -isysroot /Library/Developer/CommandLineTools/SDKs/MacOSX12.1.sdk -mmacosx-version-min=11.7 -MD -MT CMakeFiles/cmTC_cb55f.dir/OpenMPTryFlag.cpp.o -MF CMakeFiles/cmTC_cb55f.dir/OpenMPTryFlag.cpp.o.d -o CMakeFiles/cmTC_cb55f.dir/OpenMPTryFlag.cpp.o -c /Users/sasha/Documents/code/repos/IE-minor/kinect-nn/build/CMakeFiles/CMakeScratch/TryCompile-sVYNye/OpenMPTryFlag.cpp
Apple clang version 13.0.0 (clang-1300.0.29.30)
Target: x86_64-apple-darwin20.6.0
Thread model: posix
InstalledDir: /Library/Developer/CommandLineTools/usr/bin
clang: error: unsupported argument 'libiomp5' to option 'fopenmp='
make[1]: *** [CMakeFiles/cmTC_cb55f.dir/OpenMPTryFlag.cpp.o] Error 1
make: *** [cmTC_cb55f/fast] Error 2



Detecting CXX OpenMP failed with the following output:
Change Dir: /Users/sasha/Documents/code/repos/IE-minor/kinect-nn/build/CMakeFiles/CMakeScratch/TryCompile-adUtLj

Run Build Command(s):/usr/bin/make -f Makefile cmTC_7ba37/fast && /Library/Developer/CommandLineTools/usr/bin/make  -f CMakeFiles/cmTC_7ba37.dir/build.make CMakeFiles/cmTC_7ba37.dir/build
Building CXX object CMakeFiles/cmTC_7ba37.dir/OpenMPTryFlag.cpp.o
/Library/Developer/CommandLineTools/usr/bin/c++   -fopenmp -v -isysroot /Library/Developer/CommandLineTools/SDKs/MacOSX12.1.sdk -mmacosx-version-min=11.7 -MD -MT CMakeFiles/cmTC_7ba37.dir/OpenMPTryFlag.cpp.o -MF CMakeFiles/cmTC_7ba37.dir/OpenMPTryFlag.cpp.o.d -o CMakeFiles/cmTC_7ba37.dir/OpenMPTryFlag.cpp.o -c /Users/sasha/Documents/code/repos/IE-minor/kinect-nn/build/CMakeFiles/CMakeScratch/TryCompile-adUtLj/OpenMPTryFlag.cpp
Apple clang version 13.0.0 (clang-1300.0.29.30)
Target: x86_64-apple-darwin20.6.0
Thread model: posix
InstalledDir: /Library/Developer/CommandLineTools/usr/bin
clang: error: unsupported option '-fopenmp'
make[1]: *** [CMakeFiles/cmTC_7ba37.dir/OpenMPTryFlag.cpp.o] Error 1
make: *** [cmTC_7ba37/fast] Error 2



Detecting CXX OpenMP failed with the following output:
Change Dir: /Users/sasha/Documents/code/repos/IE-minor/kinect-nn/build/CMakeFiles/CMakeScratch/TryCompile-8F4j9K

Run Build Command(s):/usr/bin/make -f Makefile cmTC_e8682/fast && /Library/Developer/CommandLineTools/usr/bin/make  -f CMakeFiles/cmTC_e8682.dir/build.make CMakeFiles/cmTC_e8682.dir/build
Building CXX object CMakeFiles/cmTC_e8682.dir/OpenMPTryFlag.cpp.o
/Library/Developer/CommandLineTools/usr/bin/c++   -Xclang -fopenmp -v -isysroot /Library/Developer/CommandLineTools/SDKs/MacOSX12.1.sdk -mmacosx-version-min=11.7 -MD -MT CMakeFiles/cmTC_e8682.dir/OpenMPTryFlag.cpp.o -MF CMakeFiles/cmTC_e8682.dir/OpenMPTryFlag.cpp.o.d -o CMakeFiles/cmTC_e8682.dir/OpenMPTryFlag.cpp.o -c /Users/sasha/Documents/code/repos/IE-minor/kinect-nn/build/CMakeFiles/CMakeScratch/TryCompile-8F4j9K/OpenMPTryFlag.cpp
Apple clang version 13.0.0 (clang-1300.0.29.30)
Target: x86_64-apple-darwin20.6.0
Thread model: posix
InstalledDir: /Library/Developer/CommandLineTools/usr/bin
 "/Library/Developer/CommandLineTools/usr/bin/clang" -cc1 -triple x86_64-apple-macosx11.7.0 -Wundef-prefix=TARGET_OS_ -Wdeprecated-objc-isa-usage -Werror=deprecated-objc-isa-usage -Werror=implicit-function-declaration -emit-obj -mrelax-all --mrelax-relocations -disable-free -disable-llvm-verifier -discard-value-names -main-file-name OpenMPTryFlag.cpp -mrelocation-model pic -pic-level 2 -mframe-pointer=all -fno-strict-return -fno-rounding-math -munwind-tables -target-sdk-version=12.1 -fvisibility-inlines-hidden-static-local-var -target-cpu penryn -tune-cpu generic -debugger-tuning=lldb -target-linker-version 711 -v -resource-dir /Library/Developer/CommandLineTools/usr/lib/clang/13.0.0 -dependency-file CMakeFiles/cmTC_e8682.dir/OpenMPTryFlag.cpp.o.d -skip-unused-modulemap-deps -MT CMakeFiles/cmTC_e8682.dir/OpenMPTryFlag.cpp.o -sys-header-deps -isysroot /Library/Developer/CommandLineTools/SDKs/MacOSX12.1.sdk -stdlib=libc++ -internal-isystem /Library/Developer/CommandLineTools/SDKs/MacOSX12.1.sdk/usr/include/c++/v1 -internal-isystem /Library/Developer/CommandLineTools/SDKs/MacOSX12.1.sdk/usr/local/include -internal-isystem /Library/Developer/CommandLineTools/usr/lib/clang/13.0.0/include -internal-externc-isystem /Library/Developer/CommandLineTools/SDKs/MacOSX12.1.sdk/usr/include -internal-externc-isystem /Library/Developer/CommandLineTools/usr/include -Wno-reorder-init-list -Wno-implicit-int-float-conversion -Wno-c99-designator -Wno-final-dtor-non-final-class -Wno-extra-semi-stmt -Wno-misleading-indentation -Wno-quoted-include-in-framework-header -Wno-implicit-fallthrough -Wno-enum-enum-conversion -Wno-enum-float-conversion -Wno-elaborated-enum-base -fdeprecated-macro -fdebug-compilation-dir /Users/sasha/Documents/code/repos/IE-minor/kinect-nn/build/CMakeFiles/CMakeScratch/TryCompile-8F4j9K -ferror-limit 19 -stack-protector 1 -fstack-check -mdarwin-stkchk-strong-link -fblocks -fencode-extended-block-signature -fregister-global-dtors-with-atexit -fgnuc-version=4.2.1 -fno-cxx-modules -fcxx-exceptions -fexceptions -fmax-type-align=16 -fcommon -fopenmp -clang-vendor-feature=+nullptrToBoolConversion -clang-vendor-feature=+messageToSelfInClassMethodIdReturnType -clang-vendor-feature=+disableInferNewAvailabilityFromInit -clang-vendor-feature=+disableNeonImmediateRangeCheck -clang-vendor-feature=+disableNonDependentMemberExprInCurrentInstantiation -fno-odr-hash-protocols -clang-vendor-feature=+revert09abecef7bbf -mllvm -disable-aligned-alloc-awareness=1 -mllvm -enable-dse-memoryssa=0 -o CMakeFiles/cmTC_e8682.dir/OpenMPTryFlag.cpp.o -x c++ /Users/sasha/Documents/code/repos/IE-minor/kinect-nn/build/CMakeFiles/CMakeScratch/TryCompile-8F4j9K/OpenMPTryFlag.cpp
clang -cc1 version 13.0.0 (clang-1300.0.29.30) default target x86_64-apple-darwin20.6.0
ignoring nonexistent directory "/Library/Developer/CommandLineTools/SDKs/MacOSX12.1.sdk/usr/local/include"
ignoring nonexistent directory "/Library/Developer/CommandLineTools/SDKs/MacOSX12.1.sdk/Library/Frameworks"
#include "..." search starts here:
#include <...> search starts here:
 /Library/Developer/CommandLineTools/SDKs/MacOSX12.1.sdk/usr/include/c++/v1
 /Library/Developer/CommandLineTools/usr/lib/clang/13.0.0/include
 /Library/Developer/CommandLineTools/SDKs/MacOSX12.1.sdk/usr/include
 /Library/Developer/CommandLineTools/usr/include
 /Library/Developer/CommandLineTools/SDKs/MacOSX12.1.sdk/System/Library/Frameworks (framework directory)
End of search list.
/Users/sasha/Documents/code/repos/IE-minor/kinect-nn/build/CMakeFiles/CMakeScratch/TryCompile-8F4j9K/OpenMPTryFlag.cpp:2:10: fatal error: 'omp.h' file not found
#include <omp.h>
         ^~~~~~~
1 error generated.
make[1]: *** [CMakeFiles/cmTC_e8682.dir/OpenMPTryFlag.cpp.o] Error 1
make: *** [cmTC_e8682/fast] Error 2



Detecting C OpenMP failed with the following output:
Change Dir: /Users/sasha/Documents/code/repos/IE-minor/kinect-nn/build/CMakeFiles/CMakeScratch/TryCompile-yQYvBX

Run Build Command(s):/usr/bin/make -f Makefile cmTC_b6b51/fast && /Library/Developer/CommandLineTools/usr/bin/make  -f CMakeFiles/cmTC_b6b51.dir/build.make CMakeFiles/cmTC_b6b51.dir/build
Building C object CMakeFiles/cmTC_b6b51.dir/OpenMPTryFlag.c.o
/Library/Developer/CommandLineTools/usr/bin/cc   -fopenmp=libomp -v -isysroot /Library/Developer/CommandLineTools/SDKs/MacOSX12.1.sdk -mmacosx-version-min=11.7 -MD -MT CMakeFiles/cmTC_b6b51.dir/OpenMPTryFlag.c.o -MF CMakeFiles/cmTC_b6b51.dir/OpenMPTryFlag.c.o.d -o CMakeFiles/cmTC_b6b51.dir/OpenMPTryFlag.c.o -c /Users/sasha/Documents/code/repos/IE-minor/kinect-nn/build/CMakeFiles/CMakeScratch/TryCompile-yQYvBX/OpenMPTryFlag.c
Apple clang version 13.0.0 (clang-1300.0.29.30)
Target: x86_64-apple-darwin20.6.0
Thread model: posix
InstalledDir: /Library/Developer/CommandLineTools/usr/bin
clang: error: unsupported argument 'libomp' to option 'fopenmp='
make[1]: *** [CMakeFiles/cmTC_b6b51.dir/OpenMPTryFlag.c.o] Error 1
make: *** [cmTC_b6b51/fast] Error 2



Detecting C OpenMP failed with the following output:
Change Dir: /Users/sasha/Documents/code/repos/IE-minor/kinect-nn/build/CMakeFiles/CMakeScratch/TryCompile-hoV64Q

Run Build Command(s):/usr/bin/make -f Makefile cmTC_467ab/fast && /Library/Developer/CommandLineTools/usr/bin/make  -f CMakeFiles/cmTC_467ab.dir/build.make CMakeFiles/cmTC_467ab.dir/build
Building C object CMakeFiles/cmTC_467ab.dir/OpenMPTryFlag.c.o
/Library/Developer/CommandLineTools/usr/bin/cc   -fopenmp=libiomp5 -v -isysroot /Library/Developer/CommandLineTools/SDKs/MacOSX12.1.sdk -mmacosx-version-min=11.7 -MD -MT CMakeFiles/cmTC_467ab.dir/OpenMPTryFlag.c.o -MF CMakeFiles/cmTC_467ab.dir/OpenMPTryFlag.c.o.d -o CMakeFiles/cmTC_467ab.dir/OpenMPTryFlag.c.o -c /Users/sasha/Documents/code/repos/IE-minor/kinect-nn/build/CMakeFiles/CMakeScratch/TryCompile-hoV64Q/OpenMPTryFlag.c
Apple clang version 13.0.0 (clang-1300.0.29.30)
Target: x86_64-apple-darwin20.6.0
Thread model: posix
InstalledDir: /Library/Developer/CommandLineTools/usr/bin
clang: error: unsupported argument 'libiomp5' to option 'fopenmp='
make[1]: *** [CMakeFiles/cmTC_467ab.dir/OpenMPTryFlag.c.o] Error 1
make: *** [cmTC_467ab/fast] Error 2



Detecting C OpenMP failed with the following output:
Change Dir: /Users/sasha/Documents/code/repos/IE-minor/kinect-nn/build/CMakeFiles/CMakeScratch/TryCompile-y4wQKS

Run Build Command(s):/usr/bin/make -f Makefile cmTC_202d7/fast && /Library/Developer/CommandLineTools/usr/bin/make  -f CMakeFiles/cmTC_202d7.dir/build.make CMakeFiles/cmTC_202d7.dir/build
Building C object CMakeFiles/cmTC_202d7.dir/OpenMPTryFlag.c.o
/Library/Developer/CommandLineTools/usr/bin/cc   -fopenmp -v -isysroot /Library/Developer/CommandLineTools/SDKs/MacOSX12.1.sdk -mmacosx-version-min=11.7 -MD -MT CMakeFiles/cmTC_202d7.dir/OpenMPTryFlag.c.o -MF CMakeFiles/cmTC_202d7.dir/OpenMPTryFlag.c.o.d -o CMakeFiles/cmTC_202d7.dir/OpenMPTryFlag.c.o -c /Users/sasha/Documents/code/repos/IE-minor/kinect-nn/build/CMakeFiles/CMakeScratch/TryCompile-y4wQKS/OpenMPTryFlag.c
Apple clang version 13.0.0 (clang-1300.0.29.30)
Target: x86_64-apple-darwin20.6.0
Thread model: posix
InstalledDir: /Library/Developer/CommandLineTools/usr/bin
clang: error: unsupported option '-fopenmp'
make[1]: *** [CMakeFiles/cmTC_202d7.dir/OpenMPTryFlag.c.o] Error 1
make: *** [cmTC_202d7/fast] Error 2



Detecting C OpenMP failed with the following output:
Change Dir: /Users/sasha/Documents/code/repos/IE-minor/kinect-nn/build/CMakeFiles/CMakeScratch/TryCompile-S5igbK

Run Build Command(s):/usr/bin/make -f Makefile cmTC_455e3/fast && /Library/Developer/CommandLineTools/usr/bin/make  -f CMakeFiles/cmTC_455e3.dir/build.make CMakeFiles/cmTC_455e3.dir/build
Building C object CMakeFiles/cmTC_455e3.dir/OpenMPTryFlag.c.o
/Library/Developer/CommandLineTools/usr/bin/cc   -Xclang -fopenmp -v -isysroot /Library/Developer/CommandLineTools/SDKs/MacOSX12.1.sdk -mmacosx-version-min=11.7 -MD -MT CMakeFiles/cmTC_455e3.dir/OpenMPTryFlag.c.o -MF CMakeFiles/cmTC_455e3.dir/OpenMPTryFlag.c.o.d -o CMakeFiles/cmTC_455e3.dir/OpenMPTryFlag.c.o -c /Users/sasha/Documents/code/repos/IE-minor/kinect-nn/build/CMakeFiles/CMakeScratch/TryCompile-S5igbK/OpenMPTryFlag.c
Apple clang version 13.0.0 (clang-1300.0.29.30)
Target: x86_64-apple-darwin20.6.0
Thread model: posix
InstalledDir: /Library/Developer/CommandLineTools/usr/bin
 "/Library/Developer/CommandLineTools/usr/bin/clang" -cc1 -triple x86_64-apple-macosx11.7.0 -Wundef-prefix=TARGET_OS_ -Wdeprecated-objc-isa-usage -Werror=deprecated-objc-isa-usage -Werror=implicit-function-declaration -emit-obj -mrelax-all --mrelax-relocations -disable-free -disable-llvm-verifier -discard-value-names -main-file-name OpenMPTryFlag.c -mrelocation-model pic -pic-level 2 -mframe-pointer=all -fno-strict-return -fno-rounding-math -munwind-tables -target-sdk-version=12.1 -fvisibility-inlines-hidden-static-local-var -target-cpu penryn -tune-cpu generic -debugger-tuning=lldb -target-linker-version 711 -v -resource-dir /Library/Developer/CommandLineTools/usr/lib/clang/13.0.0 -dependency-file CMakeFiles/cmTC_455e3.dir/OpenMPTryFlag.c.o.d -skip-unused-modulemap-deps -MT CMakeFiles/cmTC_455e3.dir/OpenMPTryFlag.c.o -sys-header-deps -isysroot /Library/Developer/CommandLineTools/SDKs/MacOSX12.1.sdk -internal-isystem /Library/Developer/CommandLineTools/SDKs/MacOSX12.1.sdk/usr/local/include -internal-isystem /Library/Developer/CommandLineTools/usr/lib/clang/13.0.0/include -internal-externc-isystem /Library/Developer/CommandLineTools/SDKs/MacOSX12.1.sdk/usr/include -internal-externc-isystem /Library/Developer/CommandLineTools/usr/include -Wno-reorder-init-list -Wno-implicit-int-float-conversion -Wno-c99-designator -Wno-final-dtor-non-final-class -Wno-extra-semi-stmt -Wno-misleading-indentation -Wno-quoted-include-in-framework-header -Wno-implicit-fallthrough -Wno-enum-enum-conversion -Wno-enum-float-conversion -Wno-elaborated-enum-base -fdebug-compilation-dir /Users/sasha/Documents/code/repos/IE-minor/kinect-nn/build/CMakeFiles/CMakeScratch/TryCompile-S5igbK -ferror-limit 19 -stack-protector 1 -fstack-check -mdarwin-stkchk-strong-link -fblocks -fencode-extended-block-signature -fregister-global-dtors-with-atexit -fgnuc-version=4.2.1 -fmax-type-align=16 -fcommon -fopenmp -clang-vendor-feature=+nullptrToBoolConversion -clang-vendor-feature=+messageToSelfInClassMethodIdReturnType -clang-vendor-feature=+disableInferNewAvailabilityFromInit -clang-vendor-feature=+disableNeonImmediateRangeCheck -clang-vendor-feature=+disableNonDependentMemberExprInCurrentInstantiation -fno-odr-hash-protocols -clang-vendor-feature=+revert09abecef7bbf -mllvm -disable-aligned-alloc-awareness=1 -mllvm -enable-dse-memoryssa=0 -o CMakeFiles/cmTC_455e3.dir/OpenMPTryFlag.c.o -x c /Users/sasha/Documents/code/repos/IE-minor/kinect-nn/build/CMakeFiles/CMakeScratch/TryCompile-S5igbK/OpenMPTryFlag.c
clang -cc1 version 13.0.0 (clang-1300.0.29.30) default target x86_64-apple-darwin20.6.0
ignoring nonexistent directory "/Library/Developer/CommandLineTools/SDKs/MacOSX12.1.sdk/usr/local/include"
ignoring nonexistent directory "/Library/Developer/CommandLineTools/SDKs/MacOSX12.1.sdk/Library/Frameworks"
#include "..." search starts here:
#include <...> search starts here:
 /Library/Developer/CommandLineTools/usr/lib/clang/13.0.0/include
 /Library/Developer/CommandLineTools/SDKs/MacOSX12.1.sdk/usr/include
 /Library/Developer/CommandLineTools/usr/include
 /Library/Developer/CommandLineTools/SDKs/MacOSX12.1.sdk/System/Library/Frameworks (framework directory)
End of search list.
/Users/sasha/Documents/code/repos/IE-minor/kinect-nn/build/CMakeFiles/CMakeScratch/TryCompile-S5igbK/OpenMPTryFlag.c:2:10: fatal error: 'omp.h' file not found
#include <omp.h>
         ^~~~~~~
1 error generated.
make[1]: *** [CMakeFiles/cmTC_455e3.dir/OpenMPTryFlag.c.o] Error 1
make: *** [cmTC_455e3/fast] Error 2



Detecting CXX OpenMP failed with the following output:
Change Dir: /Users/sasha/Documents/code/repos/IE-minor/kinect-nn/build/CMakeFiles/CMakeScratch/TryCompile-gGdwFF

Run Build Command(s):/usr/bin/make -f Makefile cmTC_c8e3f/fast && /Library/Developer/CommandLineTools/usr/bin/make  -f CMakeFiles/cmTC_c8e3f.dir/build.make CMakeFiles/cmTC_c8e3f.dir/build
Building CXX object CMakeFiles/cmTC_c8e3f.dir/OpenMPTryFlag.cpp.o
/Library/Developer/CommandLineTools/usr/bin/c++   -fopenmp=libomp -v -isysroot /Library/Developer/CommandLineTools/SDKs/MacOSX12.1.sdk -mmacosx-version-min=11.7 -MD -MT CMakeFiles/cmTC_c8e3f.dir/OpenMPTryFlag.cpp.o -MF CMakeFiles/cmTC_c8e3f.dir/OpenMPTryFlag.cpp.o.d -o CMakeFiles/cmTC_c8e3f.dir/OpenMPTryFlag.cpp.o -c /Users/sasha/Documents/code/repos/IE-minor/kinect-nn/build/CMakeFiles/CMakeScratch/TryCompile-gGdwFF/OpenMPTryFlag.cpp
Apple clang version 13.0.0 (clang-1300.0.29.30)
Target: x86_64-apple-darwin20.6.0
Thread model: posix
InstalledDir: /Library/Developer/CommandLineTools/usr/bin
clang: error: unsupported argument 'libomp' to option 'fopenmp='
make[1]: *** [CMakeFiles/cmTC_c8e3f.dir/OpenMPTryFlag.cpp.o] Error 1
make: *** [cmTC_c8e3f/fast] Error 2



Detecting CXX OpenMP failed with the following output:
Change Dir: /Users/sasha/Documents/code/repos/IE-minor/kinect-nn/build/CMakeFiles/CMakeScratch/TryCompile-PAXdRb

Run Build Command(s):/usr/bin/make -f Makefile cmTC_27ea6/fast && /Library/Developer/CommandLineTools/usr/bin/make  -f CMakeFiles/cmTC_27ea6.dir/build.make CMakeFiles/cmTC_27ea6.dir/build
Building CXX object CMakeFiles/cmTC_27ea6.dir/OpenMPTryFlag.cpp.o
/Library/Developer/CommandLineTools/usr/bin/c++   -fopenmp=libiomp5 -v -isysroot /Library/Developer/CommandLineTools/SDKs/MacOSX12.1.sdk -mmacosx-version-min=11.7 -MD -MT CMakeFiles/cmTC_27ea6.dir/OpenMPTryFlag.cpp.o -MF CMakeFiles/cmTC_27ea6.dir/OpenMPTryFlag.cpp.o.d -o CMakeFiles/cmTC_27ea6.dir/OpenMPTryFlag.cpp.o -c /Users/sasha/Documents/code/repos/IE-minor/kinect-nn/build/CMakeFiles/CMakeScratch/TryCompile-PAXdRb/OpenMPTryFlag.cpp
Apple clang version 13.0.0 (clang-1300.0.29.30)
Target: x86_64-apple-darwin20.6.0
Thread model: posix
InstalledDir: /Library/Developer/CommandLineTools/usr/bin
clang: error: unsupported argument 'libiomp5' to option 'fopenmp='
make[1]: *** [CMakeFiles/cmTC_27ea6.dir/OpenMPTryFlag.cpp.o] Error 1
make: *** [cmTC_27ea6/fast] Error 2



Detecting CXX OpenMP failed with the following output:
Change Dir: /Users/sasha/Documents/code/repos/IE-minor/kinect-nn/build/CMakeFiles/CMakeScratch/TryCompile-gopVb3

Run Build Command(s):/usr/bin/make -f Makefile cmTC_124bf/fast && /Library/Developer/CommandLineTools/usr/bin/make  -f CMakeFiles/cmTC_124bf.dir/build.make CMakeFiles/cmTC_124bf.dir/build
Building CXX object CMakeFiles/cmTC_124bf.dir/OpenMPTryFlag.cpp.o
/Library/Developer/CommandLineTools/usr/bin/c++   -fopenmp -v -isysroot /Library/Developer/CommandLineTools/SDKs/MacOSX12.1.sdk -mmacosx-version-min=11.7 -MD -MT CMakeFiles/cmTC_124bf.dir/OpenMPTryFlag.cpp.o -MF CMakeFiles/cmTC_124bf.dir/OpenMPTryFlag.cpp.o.d -o CMakeFiles/cmTC_124bf.dir/OpenMPTryFlag.cpp.o -c /Users/sasha/Documents/code/repos/IE-minor/kinect-nn/build/CMakeFiles/CMakeScratch/TryCompile-gopVb3/OpenMPTryFlag.cpp
Apple clang version 13.0.0 (clang-1300.0.29.30)
Target: x86_64-apple-darwin20.6.0
Thread model: posix
InstalledDir: /Library/Developer/CommandLineTools/usr/bin
clang: error: unsupported option '-fopenmp'
make[1]: *** [CMakeFiles/cmTC_124bf.dir/OpenMPTryFlag.cpp.o] Error 1
make: *** [cmTC_124bf/fast] Error 2



Detecting CXX OpenMP failed with the following output:
Change Dir: /Users/sasha/Documents/code/repos/IE-minor/kinect-nn/build/CMakeFiles/CMakeScratch/TryCompile-Ooo5t1

Run Build Command(s):/usr/bin/make -f Makefile cmTC_246ec/fast && /Library/Developer/CommandLineTools/usr/bin/make  -f CMakeFiles/cmTC_246ec.dir/build.make CMakeFiles/cmTC_246ec.dir/build
Building CXX object CMakeFiles/cmTC_246ec.dir/OpenMPTryFlag.cpp.o
/Library/Developer/CommandLineTools/usr/bin/c++   -Xclang -fopenmp -v -isysroot /Library/Developer/CommandLineTools/SDKs/MacOSX12.1.sdk -mmacosx-version-min=11.7 -MD -MT CMakeFiles/cmTC_246ec.dir/OpenMPTryFlag.cpp.o -MF CMakeFiles/cmTC_246ec.dir/OpenMPTryFlag.cpp.o.d -o CMakeFiles/cmTC_246ec.dir/OpenMPTryFlag.cpp.o -c /Users/sasha/Documents/code/repos/IE-minor/kinect-nn/build/CMakeFiles/CMakeScratch/TryCompile-Ooo5t1/OpenMPTryFlag.cpp
Apple clang version 13.0.0 (clang-1300.0.29.30)
Target: x86_64-apple-darwin20.6.0
Thread model: posix
InstalledDir: /Library/Developer/CommandLineTools/usr/bin
 "/Library/Developer/CommandLineTools/usr/bin/clang" -cc1 -triple x86_64-apple-macosx11.7.0 -Wundef-prefix=TARGET_OS_ -Wdeprecated-objc-isa-usage -Werror=deprecated-objc-isa-usage -Werror=implicit-function-declaration -emit-obj -mrelax-all --mrelax-relocations -disable-free -disable-llvm-verifier -discard-value-names -main-file-name OpenMPTryFlag.cpp -mrelocation-model pic -pic-level 2 -mframe-pointer=all -fno-strict-return -fno-rounding-math -munwind-tables -target-sdk-version=12.1 -fvisibility-inlines-hidden-static-local-var -target-cpu penryn -tune-cpu generic -debugger-tuning=lldb -target-linker-version 711 -v -resource-dir /Library/Developer/CommandLineTools/usr/lib/clang/13.0.0 -dependency-file CMakeFiles/cmTC_246ec.dir/OpenMPTryFlag.cpp.o.d -skip-unused-modulemap-deps -MT CMakeFiles/cmTC_246ec.dir/OpenMPTryFlag.cpp.o -sys-header-deps -isysroot /Library/Developer/CommandLineTools/SDKs/MacOSX12.1.sdk -stdlib=libc++ -internal-isystem /Library/Developer/CommandLineTools/SDKs/MacOSX12.1.sdk/usr/include/c++/v1 -internal-isystem /Library/Developer/CommandLineTools/SDKs/MacOSX12.1.sdk/usr/local/include -internal-isystem /Library/Developer/CommandLineTools/usr/lib/clang/13.0.0/include -internal-externc-isystem /Library/Developer/CommandLineTools/SDKs/MacOSX12.1.sdk/usr/include -internal-externc-isystem /Library/Developer/CommandLineTools/usr/include -Wno-reorder-init-list -Wno-implicit-int-float-conversion -Wno-c99-designator -Wno-final-dtor-non-final-class -Wno-extra-semi-stmt -Wno-misleading-indentation -Wno-quoted-include-in-framework-header -Wno-implicit-fallthrough -Wno-enum-enum-conversion -Wno-enum-float-conversion -Wno-elaborated-enum-base -fdeprecated-macro -fdebug-compilation-dir /Users/sasha/Documents/code/repos/IE-minor/kinect-nn/build/CMakeFiles/CMakeScratch/TryCompile-Ooo5t1 -ferror-limit 19 -stack-protector 1 -fstack-check -mdarwin-stkchk-strong-link -fblocks -fencode-extended-block-signature -fregister-global-dtors-with-atexit -fgnuc-version=4.2.1 -fno-cxx-modules -fcxx-exceptions -fexceptions -fmax-type-align=16 -fcommon -fopenmp -clang-vendor-feature=+nullptrToBoolConversion -clang-vendor-feature=+messageToSelfInClassMethodIdReturnType -clang-vendor-feature=+disableInferNewAvailabilityFromInit -clang-vendor-feature=+disableNeonImmediateRangeCheck -clang-vendor-feature=+disableNonDependentMemberExprInCurrentInstantiation -fno-odr-hash-protocols -clang-vendor-feature=+revert09abecef7bbf -mllvm -disable-aligned-alloc-awareness=1 -mllvm -enable-dse-memoryssa=0 -o CMakeFiles/cmTC_246ec.dir/OpenMPTryFlag.cpp.o -x c++ /Users/sasha/Documents/code/repos/IE-minor/kinect-nn/build/CMakeFiles/CMakeScratch/TryCompile-Ooo5t1/OpenMPTryFlag.cpp
clang -cc1 version 13.0.0 (clang-1300.0.29.30) default target x86_64-apple-darwin20.6.0
ignoring nonexistent directory "/Library/Developer/CommandLineTools/SDKs/MacOSX12.1.sdk/usr/local/include"
ignoring nonexistent directory "/Library/Developer/CommandLineTools/SDKs/MacOSX12.1.sdk/Library/Frameworks"
#include "..." search starts here:
#include <...> search starts here:
 /Library/Developer/CommandLineTools/SDKs/MacOSX12.1.sdk/usr/include/c++/v1
 /Library/Developer/CommandLineTools/usr/lib/clang/13.0.0/include
 /Library/Developer/CommandLineTools/SDKs/MacOSX12.1.sdk/usr/include
 /Library/Developer/CommandLineTools/usr/include
 /Library/Developer/CommandLineTools/SDKs/MacOSX12.1.sdk/System/Library/Frameworks (framework directory)
End of search list.
/Users/sasha/Documents/code/repos/IE-minor/kinect-nn/build/CMakeFiles/CMakeScratch/TryCompile-Ooo5t1/OpenMPTryFlag.cpp:2:10: fatal error: 'omp.h' file not found
#include <omp.h>
         ^~~~~~~
1 error generated.
make[1]: *** [CMakeFiles/cmTC_246ec.dir/OpenMPTryFlag.cpp.o] Error 1
make: *** [cmTC_246ec/fast] Error 2



Detecting C OpenMP failed with the following output:
Change Dir: /Users/sasha/Documents/code/repos/IE-minor/kinect-nn/build/CMakeFiles/CMakeScratch/TryCompile-fZAnH0

Run Build Command(s):/usr/bin/make -f Makefile cmTC_c8969/fast && /Library/Developer/CommandLineTools/usr/bin/make  -f CMakeFiles/cmTC_c8969.dir/build.make CMakeFiles/cmTC_c8969.dir/build
Building C object CMakeFiles/cmTC_c8969.dir/OpenMPTryFlag.c.o
/Library/Developer/CommandLineTools/usr/bin/cc   -fopenmp=libomp -v -isysroot /Library/Developer/CommandLineTools/SDKs/MacOSX12.1.sdk -mmacosx-version-min=11.7 -MD -MT CMakeFiles/cmTC_c8969.dir/OpenMPTryFlag.c.o -MF CMakeFiles/cmTC_c8969.dir/OpenMPTryFlag.c.o.d -o CMakeFiles/cmTC_c8969.dir/OpenMPTryFlag.c.o -c /Users/sasha/Documents/code/repos/IE-minor/kinect-nn/build/CMakeFiles/CMakeScratch/TryCompile-fZAnH0/OpenMPTryFlag.c
Apple clang version 13.0.0 (clang-1300.0.29.30)
Target: x86_64-apple-darwin20.6.0
Thread model: posix
InstalledDir: /Library/Developer/CommandLineTools/usr/bin
clang: error: unsupported argument 'libomp' to option 'fopenmp='
make[1]: *** [CMakeFiles/cmTC_c8969.dir/OpenMPTryFlag.c.o] Error 1
make: *** [cmTC_c8969/fast] Error 2



Detecting C OpenMP failed with the following output:
Change Dir: /Users/sasha/Documents/code/repos/IE-minor/kinect-nn/build/CMakeFiles/CMakeScratch/TryCompile-bJ0J3j

Run Build Command(s):/usr/bin/make -f Makefile cmTC_a9a4d/fast && /Library/Developer/CommandLineTools/usr/bin/make  -f CMakeFiles/cmTC_a9a4d.dir/build.make CMakeFiles/cmTC_a9a4d.dir/build
Building C object CMakeFiles/cmTC_a9a4d.dir/OpenMPTryFlag.c.o
/Library/Developer/CommandLineTools/usr/bin/cc   -fopenmp=libiomp5 -v -isysroot /Library/Developer/CommandLineTools/SDKs/MacOSX12.1.sdk -mmacosx-version-min=11.7 -MD -MT CMakeFiles/cmTC_a9a4d.dir/OpenMPTryFlag.c.o -MF CMakeFiles/cmTC_a9a4d.dir/OpenMPTryFlag.c.o.d -o CMakeFiles/cmTC_a9a4d.dir/OpenMPTryFlag.c.o -c /Users/sasha/Documents/code/repos/IE-minor/kinect-nn/build/CMakeFiles/CMakeScratch/TryCompile-bJ0J3j/OpenMPTryFlag.c
Apple clang version 13.0.0 (clang-1300.0.29.30)
Target: x86_64-apple-darwin20.6.0
Thread model: posix
InstalledDir: /Library/Developer/CommandLineTools/usr/bin
clang: error: unsupported argument 'libiomp5' to option 'fopenmp='
make[1]: *** [CMakeFiles/cmTC_a9a4d.dir/OpenMPTryFlag.c.o] Error 1
make: *** [cmTC_a9a4d/fast] Error 2



Detecting C OpenMP failed with the following output:
Change Dir: /Users/sasha/Documents/code/repos/IE-minor/kinect-nn/build/CMakeFiles/CMakeScratch/TryCompile-m4BczC

Run Build Command(s):/usr/bin/make -f Makefile cmTC_59c93/fast && /Library/Developer/CommandLineTools/usr/bin/make  -f CMakeFiles/cmTC_59c93.dir/build.make CMakeFiles/cmTC_59c93.dir/build
Building C object CMakeFiles/cmTC_59c93.dir/OpenMPTryFlag.c.o
/Library/Developer/CommandLineTools/usr/bin/cc   -fopenmp -v -isysroot /Library/Developer/CommandLineTools/SDKs/MacOSX12.1.sdk -mmacosx-version-min=11.7 -MD -MT CMakeFiles/cmTC_59c93.dir/OpenMPTryFlag.c.o -MF CMakeFiles/cmTC_59c93.dir/OpenMPTryFlag.c.o.d -o CMakeFiles/cmTC_59c93.dir/OpenMPTryFlag.c.o -c /Users/sasha/Documents/code/repos/IE-minor/kinect-nn/build/CMakeFiles/CMakeScratch/TryCompile-m4BczC/OpenMPTryFlag.c
Apple clang version 13.0.0 (clang-1300.0.29.30)
Target: x86_64-apple-darwin20.6.0
Thread model: posix
InstalledDir: /Library/Developer/CommandLineTools/usr/bin
clang: error: unsupported option '-fopenmp'
make[1]: *** [CMakeFiles/cmTC_59c93.dir/OpenMPTryFlag.c.o] Error 1
make: *** [cmTC_59c93/fast] Error 2



Detecting C OpenMP failed with the following output:
Change Dir: /Users/sasha/Documents/code/repos/IE-minor/kinect-nn/build/CMakeFiles/CMakeScratch/TryCompile-BoJL5e

Run Build Command(s):/usr/bin/make -f Makefile cmTC_edd68/fast && /Library/Developer/CommandLineTools/usr/bin/make  -f CMakeFiles/cmTC_edd68.dir/build.make CMakeFiles/cmTC_edd68.dir/build
Building C object CMakeFiles/cmTC_edd68.dir/OpenMPTryFlag.c.o
/Library/Developer/CommandLineTools/usr/bin/cc   -Xclang -fopenmp -v -isysroot /Library/Developer/CommandLineTools/SDKs/MacOSX12.1.sdk -mmacosx-version-min=11.7 -MD -MT CMakeFiles/cmTC_edd68.dir/OpenMPTryFlag.c.o -MF CMakeFiles/cmTC_edd68.dir/OpenMPTryFlag.c.o.d -o CMakeFiles/cmTC_edd68.dir/OpenMPTryFlag.c.o -c /Users/sasha/Documents/code/repos/IE-minor/kinect-nn/build/CMakeFiles/CMakeScratch/TryCompile-BoJL5e/OpenMPTryFlag.c
Apple clang version 13.0.0 (clang-1300.0.29.30)
Target: x86_64-apple-darwin20.6.0
Thread model: posix
InstalledDir: /Library/Developer/CommandLineTools/usr/bin
 "/Library/Developer/CommandLineTools/usr/bin/clang" -cc1 -triple x86_64-apple-macosx11.7.0 -Wundef-prefix=TARGET_OS_ -Wdeprecated-objc-isa-usage -Werror=deprecated-objc-isa-usage -Werror=implicit-function-declaration -emit-obj -mrelax-all --mrelax-relocations -disable-free -disable-llvm-verifier -discard-value-names -main-file-name OpenMPTryFlag.c -mrelocation-model pic -pic-level 2 -mframe-pointer=all -fno-strict-return -fno-rounding-math -munwind-tables -target-sdk-version=12.1 -fvisibility-inlines-hidden-static-local-var -target-cpu penryn -tune-cpu generic -debugger-tuning=lldb -target-linker-version 711 -v -resource-dir /Library/Developer/CommandLineTools/usr/lib/clang/13.0.0 -dependency-file CMakeFiles/cmTC_edd68.dir/OpenMPTryFlag.c.o.d -skip-unused-modulemap-deps -MT CMakeFiles/cmTC_edd68.dir/OpenMPTryFlag.c.o -sys-header-deps -isysroot /Library/Developer/CommandLineTools/SDKs/MacOSX12.1.sdk -internal-isystem /Library/Developer/CommandLineTools/SDKs/MacOSX12.1.sdk/usr/local/include -internal-isystem /Library/Developer/CommandLineTools/usr/lib/clang/13.0.0/include -internal-externc-isystem /Library/Developer/CommandLineTools/SDKs/MacOSX12.1.sdk/usr/include -internal-externc-isystem /Library/Developer/CommandLineTools/usr/include -Wno-reorder-init-list -Wno-implicit-int-float-conversion -Wno-c99-designator -Wno-final-dtor-non-final-class -Wno-extra-semi-stmt -Wno-misleading-indentation -Wno-quoted-include-in-framework-header -Wno-implicit-fallthrough -Wno-enum-enum-conversion -Wno-enum-float-conversion -Wno-elaborated-enum-base -fdebug-compilation-dir /Users/sasha/Documents/code/repos/IE-minor/kinect-nn/build/CMakeFiles/CMakeScratch/TryCompile-BoJL5e -ferror-limit 19 -stack-protector 1 -fstack-check -mdarwin-stkchk-strong-link -fblocks -fencode-extended-block-signature -fregister-global-dtors-with-atexit -fgnuc-version=4.2.1 -fmax-type-align=16 -fcommon -fopenmp -clang-vendor-feature=+nullptrToBoolConversion -clang-vendor-feature=+messageToSelfInClassMethodIdReturnType -clang-vendor-feature=+disableInferNewAvailabilityFromInit -clang-vendor-feature=+disableNeonImmediateRangeCheck -clang-vendor-feature=+disableNonDependentMemberExprInCurrentInstantiation -fno-odr-hash-protocols -clang-vendor-feature=+revert09abecef7bbf -mllvm -disable-aligned-alloc-awareness=1 -mllvm -enable-dse-memoryssa=0 -o CMakeFiles/cmTC_edd68.dir/OpenMPTryFlag.c.o -x c /Users/sasha/Documents/code/repos/IE-minor/kinect-nn/build/CMakeFiles/CMakeScratch/TryCompile-BoJL5e/OpenMPTryFlag.c
clang -cc1 version 13.0.0 (clang-1300.0.29.30) default target x86_64-apple-darwin20.6.0
ignoring nonexistent directory "/Library/Developer/CommandLineTools/SDKs/MacOSX12.1.sdk/usr/local/include"
ignoring nonexistent directory "/Library/Developer/CommandLineTools/SDKs/MacOSX12.1.sdk/Library/Frameworks"
#include "..." search starts here:
#include <...> search starts here:
 /Library/Developer/CommandLineTools/usr/lib/clang/13.0.0/include
 /Library/Developer/CommandLineTools/SDKs/MacOSX12.1.sdk/usr/include
 /Library/Developer/CommandLineTools/usr/include
 /Library/Developer/CommandLineTools/SDKs/MacOSX12.1.sdk/System/Library/Frameworks (framework directory)
End of search list.
/Users/sasha/Documents/code/repos/IE-minor/kinect-nn/build/CMakeFiles/CMakeScratch/TryCompile-BoJL5e/OpenMPTryFlag.c:2:10: fatal error: 'omp.h' file not found
#include <omp.h>
         ^~~~~~~
1 error generated.
make[1]: *** [CMakeFiles/cmTC_edd68.dir/OpenMPTryFlag.c.o] Error 1
make: *** [cmTC_edd68/fast] Error 2



Detecting CXX OpenMP failed with the following output:
Change Dir: /Users/sasha/Documents/code/repos/IE-minor/kinect-nn/build/CMakeFiles/CMakeScratch/TryCompile-rTjS1I

Run Build Command(s):/usr/bin/make -f Makefile cmTC_ab3ed/fast && /Library/Developer/CommandLineTools/usr/bin/make  -f CMakeFiles/cmTC_ab3ed.dir/build.make CMakeFiles/cmTC_ab3ed.dir/build
Building CXX object CMakeFiles/cmTC_ab3ed.dir/OpenMPTryFlag.cpp.o
/Library/Developer/CommandLineTools/usr/bin/c++   -fopenmp=libomp -v -isysroot /Library/Developer/CommandLineTools/SDKs/MacOSX12.1.sdk -mmacosx-version-min=11.7 -MD -MT CMakeFiles/cmTC_ab3ed.dir/OpenMPTryFlag.cpp.o -MF CMakeFiles/cmTC_ab3ed.dir/OpenMPTryFlag.cpp.o.d -o CMakeFiles/cmTC_ab3ed.dir/OpenMPTryFlag.cpp.o -c /Users/sasha/Documents/code/repos/IE-minor/kinect-nn/build/CMakeFiles/CMakeScratch/TryCompile-rTjS1I/OpenMPTryFlag.cpp
Apple clang version 13.0.0 (clang-1300.0.29.30)
Target: x86_64-apple-darwin20.6.0
Thread model: posix
InstalledDir: /Library/Developer/CommandLineTools/usr/bin
clang: error: unsupported argument 'libomp' to option 'fopenmp='
make[1]: *** [CMakeFiles/cmTC_ab3ed.dir/OpenMPTryFlag.cpp.o] Error 1
make: *** [cmTC_ab3ed/fast] Error 2



Detecting CXX OpenMP failed with the following output:
Change Dir: /Users/sasha/Documents/code/repos/IE-minor/kinect-nn/build/CMakeFiles/CMakeScratch/TryCompile-IQcrTt

Run Build Command(s):/usr/bin/make -f Makefile cmTC_ce91f/fast && /Library/Developer/CommandLineTools/usr/bin/make  -f CMakeFiles/cmTC_ce91f.dir/build.make CMakeFiles/cmTC_ce91f.dir/build
Building CXX object CMakeFiles/cmTC_ce91f.dir/OpenMPTryFlag.cpp.o
/Library/Developer/CommandLineTools/usr/bin/c++   -fopenmp=libiomp5 -v -isysroot /Library/Developer/CommandLineTools/SDKs/MacOSX12.1.sdk -mmacosx-version-min=11.7 -MD -MT CMakeFiles/cmTC_ce91f.dir/OpenMPTryFlag.cpp.o -MF CMakeFiles/cmTC_ce91f.dir/OpenMPTryFlag.cpp.o.d -o CMakeFiles/cmTC_ce91f.dir/OpenMPTryFlag.cpp.o -c /Users/sasha/Documents/code/repos/IE-minor/kinect-nn/build/CMakeFiles/CMakeScratch/TryCompile-IQcrTt/OpenMPTryFlag.cpp
Apple clang version 13.0.0 (clang-1300.0.29.30)
Target: x86_64-apple-darwin20.6.0
Thread model: posix
InstalledDir: /Library/Developer/CommandLineTools/usr/bin
clang: error: unsupported argument 'libiomp5' to option 'fopenmp='
make[1]: *** [CMakeFiles/cmTC_ce91f.dir/OpenMPTryFlag.cpp.o] Error 1
make: *** [cmTC_ce91f/fast] Error 2



Detecting CXX OpenMP failed with the following output:
Change Dir: /Users/sasha/Documents/code/repos/IE-minor/kinect-nn/build/CMakeFiles/CMakeScratch/TryCompile-oZdDGU

Run Build Command(s):/usr/bin/make -f Makefile cmTC_1f5c6/fast && /Library/Developer/CommandLineTools/usr/bin/make  -f CMakeFiles/cmTC_1f5c6.dir/build.make CMakeFiles/cmTC_1f5c6.dir/build
Building CXX object CMakeFiles/cmTC_1f5c6.dir/OpenMPTryFlag.cpp.o
/Library/Developer/CommandLineTools/usr/bin/c++   -fopenmp -v -isysroot /Library/Developer/CommandLineTools/SDKs/MacOSX12.1.sdk -mmacosx-version-min=11.7 -MD -MT CMakeFiles/cmTC_1f5c6.dir/OpenMPTryFlag.cpp.o -MF CMakeFiles/cmTC_1f5c6.dir/OpenMPTryFlag.cpp.o.d -o CMakeFiles/cmTC_1f5c6.dir/OpenMPTryFlag.cpp.o -c /Users/sasha/Documents/code/repos/IE-minor/kinect-nn/build/CMakeFiles/CMakeScratch/TryCompile-oZdDGU/OpenMPTryFlag.cpp
Apple clang version 13.0.0 (clang-1300.0.29.30)
Target: x86_64-apple-darwin20.6.0
Thread model: posix
InstalledDir: /Library/Developer/CommandLineTools/usr/bin
clang: error: unsupported option '-fopenmp'
make[1]: *** [CMakeFiles/cmTC_1f5c6.dir/OpenMPTryFlag.cpp.o] Error 1
make: *** [cmTC_1f5c6/fast] Error 2



Detecting CXX OpenMP failed with the following output:
Change Dir: /Users/sasha/Documents/code/repos/IE-minor/kinect-nn/build/CMakeFiles/CMakeScratch/TryCompile-qLfnIr

Run Build Command(s):/usr/bin/make -f Makefile cmTC_70fe1/fast && /Library/Developer/CommandLineTools/usr/bin/make  -f CMakeFiles/cmTC_70fe1.dir/build.make CMakeFiles/cmTC_70fe1.dir/build
Building CXX object CMakeFiles/cmTC_70fe1.dir/OpenMPTryFlag.cpp.o
/Library/Developer/CommandLineTools/usr/bin/c++   -Xclang -fopenmp -v -isysroot /Library/Developer/CommandLineTools/SDKs/MacOSX12.1.sdk -mmacosx-version-min=11.7 -MD -MT CMakeFiles/cmTC_70fe1.dir/OpenMPTryFlag.cpp.o -MF CMakeFiles/cmTC_70fe1.dir/OpenMPTryFlag.cpp.o.d -o CMakeFiles/cmTC_70fe1.dir/OpenMPTryFlag.cpp.o -c /Users/sasha/Documents/code/repos/IE-minor/kinect-nn/build/CMakeFiles/CMakeScratch/TryCompile-qLfnIr/OpenMPTryFlag.cpp
Apple clang version 13.0.0 (clang-1300.0.29.30)
Target: x86_64-apple-darwin20.6.0
Thread model: posix
InstalledDir: /Library/Developer/CommandLineTools/usr/bin
 "/Library/Developer/CommandLineTools/usr/bin/clang" -cc1 -triple x86_64-apple-macosx11.7.0 -Wundef-prefix=TARGET_OS_ -Wdeprecated-objc-isa-usage -Werror=deprecated-objc-isa-usage -Werror=implicit-function-declaration -emit-obj -mrelax-all --mrelax-relocations -disable-free -disable-llvm-verifier -discard-value-names -main-file-name OpenMPTryFlag.cpp -mrelocation-model pic -pic-level 2 -mframe-pointer=all -fno-strict-return -fno-rounding-math -munwind-tables -target-sdk-version=12.1 -fvisibility-inlines-hidden-static-local-var -target-cpu penryn -tune-cpu generic -debugger-tuning=lldb -target-linker-version 711 -v -resource-dir /Library/Developer/CommandLineTools/usr/lib/clang/13.0.0 -dependency-file CMakeFiles/cmTC_70fe1.dir/OpenMPTryFlag.cpp.o.d -skip-unused-modulemap-deps -MT CMakeFiles/cmTC_70fe1.dir/OpenMPTryFlag.cpp.o -sys-header-deps -isysroot /Library/Developer/CommandLineTools/SDKs/MacOSX12.1.sdk -stdlib=libc++ -internal-isystem /Library/Developer/CommandLineTools/SDKs/MacOSX12.1.sdk/usr/include/c++/v1 -internal-isystem /Library/Developer/CommandLineTools/SDKs/MacOSX12.1.sdk/usr/local/include -internal-isystem /Library/Developer/CommandLineTools/usr/lib/clang/13.0.0/include -internal-externc-isystem /Library/Developer/CommandLineTools/SDKs/MacOSX12.1.sdk/usr/include -internal-externc-isystem /Library/Developer/CommandLineTools/usr/include -Wno-reorder-init-list -Wno-implicit-int-float-conversion -Wno-c99-designator -Wno-final-dtor-non-final-class -Wno-extra-semi-stmt -Wno-misleading-indentation -Wno-quoted-include-in-framework-header -Wno-implicit-fallthrough -Wno-enum-enum-conversion -Wno-enum-float-conversion -Wno-elaborated-enum-base -fdeprecated-macro -fdebug-compilation-dir /Users/sasha/Documents/code/repos/IE-minor/kinect-nn/build/CMakeFiles/CMakeScratch/TryCompile-qLfnIr -ferror-limit 19 -stack-protector 1 -fstack-check -mdarwin-stkchk-strong-link -fblocks -fencode-extended-block-signature -fregister-global-dtors-with-atexit -fgnuc-version=4.2.1 -fno-cxx-modules -fcxx-exceptions -fexceptions -fmax-type-align=16 -fcommon -fopenmp -clang-vendor-feature=+nullptrToBoolConversion -clang-vendor-feature=+messageToSelfInClassMethodIdReturnType -clang-vendor-feature=+disableInferNewAvailabilityFromInit -clang-vendor-feature=+disableNeonImmediateRangeCheck -clang-vendor-feature=+disableNonDependentMemberExprInCurrentInstantiation -fno-odr-hash-protocols -clang-vendor-feature=+revert09abecef7bbf -mllvm -disable-aligned-alloc-awareness=1 -mllvm -enable-dse-memoryssa=0 -o CMakeFiles/cmTC_70fe1.dir/OpenMPTryFlag.cpp.o -x c++ /Users/sasha/Documents/code/repos/IE-minor/kinect-nn/build/CMakeFiles/CMakeScratch/TryCompile-qLfnIr/OpenMPTryFlag.cpp
clang -cc1 version 13.0.0 (clang-1300.0.29.30) default target x86_64-apple-darwin20.6.0
ignoring nonexistent directory "/Library/Developer/CommandLineTools/SDKs/MacOSX12.1.sdk/usr/local/include"
ignoring nonexistent directory "/Library/Developer/CommandLineTools/SDKs/MacOSX12.1.sdk/Library/Frameworks"
#include "..." search starts here:
#include <...> search starts here:
 /Library/Developer/CommandLineTools/SDKs/MacOSX12.1.sdk/usr/include/c++/v1
 /Library/Developer/CommandLineTools/usr/lib/clang/13.0.0/include
 /Library/Developer/CommandLineTools/SDKs/MacOSX12.1.sdk/usr/include
 /Library/Developer/CommandLineTools/usr/include
 /Library/Developer/CommandLineTools/SDKs/MacOSX12.1.sdk/System/Library/Frameworks (framework directory)
End of search list.
/Users/sasha/Documents/code/repos/IE-minor/kinect-nn/build/CMakeFiles/CMakeScratch/TryCompile-qLfnIr/OpenMPTryFlag.cpp:2:10: fatal error: 'omp.h' file not found
#include <omp.h>
         ^~~~~~~
1 error generated.
make[1]: *** [CMakeFiles/cmTC_70fe1.dir/OpenMPTryFlag.cpp.o] Error 1
make: *** [cmTC_70fe1/fast] Error 2



Detecting C OpenMP failed with the following output:
Change Dir: /Users/sasha/Documents/code/repos/IE-minor/kinect-nn/build/CMakeFiles/CMakeScratch/TryCompile-r6sILU

Run Build Command(s):/usr/bin/make -f Makefile cmTC_f06f4/fast && /Library/Developer/CommandLineTools/usr/bin/make  -f CMakeFiles/cmTC_f06f4.dir/build.make CMakeFiles/cmTC_f06f4.dir/build
Building C object CMakeFiles/cmTC_f06f4.dir/OpenMPTryFlag.c.o
/Library/Developer/CommandLineTools/usr/bin/cc   -fopenmp=libomp -v -isysroot /Library/Developer/CommandLineTools/SDKs/MacOSX12.1.sdk -mmacosx-version-min=11.7 -MD -MT CMakeFiles/cmTC_f06f4.dir/OpenMPTryFlag.c.o -MF CMakeFiles/cmTC_f06f4.dir/OpenMPTryFlag.c.o.d -o CMakeFiles/cmTC_f06f4.dir/OpenMPTryFlag.c.o -c /Users/sasha/Documents/code/repos/IE-minor/kinect-nn/build/CMakeFiles/CMakeScratch/TryCompile-r6sILU/OpenMPTryFlag.c
Apple clang version 13.0.0 (clang-1300.0.29.30)
Target: x86_64-apple-darwin20.6.0
Thread model: posix
InstalledDir: /Library/Developer/CommandLineTools/usr/bin
clang: error: unsupported argument 'libomp' to option 'fopenmp='
make[1]: *** [CMakeFiles/cmTC_f06f4.dir/OpenMPTryFlag.c.o] Error 1
make: *** [cmTC_f06f4/fast] Error 2



Detecting C OpenMP failed with the following output:
Change Dir: /Users/sasha/Documents/code/repos/IE-minor/kinect-nn/build/CMakeFiles/CMakeScratch/TryCompile-7ytlyK

Run Build Command(s):/usr/bin/make -f Makefile cmTC_347a1/fast && /Library/Developer/CommandLineTools/usr/bin/make  -f CMakeFiles/cmTC_347a1.dir/build.make CMakeFiles/cmTC_347a1.dir/build
Building C object CMakeFiles/cmTC_347a1.dir/OpenMPTryFlag.c.o
/Library/Developer/CommandLineTools/usr/bin/cc   -fopenmp=libiomp5 -v -isysroot /Library/Developer/CommandLineTools/SDKs/MacOSX12.1.sdk -mmacosx-version-min=11.7 -MD -MT CMakeFiles/cmTC_347a1.dir/OpenMPTryFlag.c.o -MF CMakeFiles/cmTC_347a1.dir/OpenMPTryFlag.c.o.d -o CMakeFiles/cmTC_347a1.dir/OpenMPTryFlag.c.o -c /Users/sasha/Documents/code/repos/IE-minor/kinect-nn/build/CMakeFiles/CMakeScratch/TryCompile-7ytlyK/OpenMPTryFlag.c
Apple clang version 13.0.0 (clang-1300.0.29.30)
Target: x86_64-apple-darwin20.6.0
Thread model: posix
InstalledDir: /Library/Developer/CommandLineTools/usr/bin
clang: error: unsupported argument 'libiomp5' to option 'fopenmp='
make[1]: *** [CMakeFiles/cmTC_347a1.dir/OpenMPTryFlag.c.o] Error 1
make: *** [cmTC_347a1/fast] Error 2



Detecting C OpenMP failed with the following output:
Change Dir: /Users/sasha/Documents/code/repos/IE-minor/kinect-nn/build/CMakeFiles/CMakeScratch/TryCompile-xD6IeU

Run Build Command(s):/usr/bin/make -f Makefile cmTC_b51d3/fast && /Library/Developer/CommandLineTools/usr/bin/make  -f CMakeFiles/cmTC_b51d3.dir/build.make CMakeFiles/cmTC_b51d3.dir/build
Building C object CMakeFiles/cmTC_b51d3.dir/OpenMPTryFlag.c.o
/Library/Developer/CommandLineTools/usr/bin/cc   -fopenmp -v -isysroot /Library/Developer/CommandLineTools/SDKs/MacOSX12.1.sdk -mmacosx-version-min=11.7 -MD -MT CMakeFiles/cmTC_b51d3.dir/OpenMPTryFlag.c.o -MF CMakeFiles/cmTC_b51d3.dir/OpenMPTryFlag.c.o.d -o CMakeFiles/cmTC_b51d3.dir/OpenMPTryFlag.c.o -c /Users/sasha/Documents/code/repos/IE-minor/kinect-nn/build/CMakeFiles/CMakeScratch/TryCompile-xD6IeU/OpenMPTryFlag.c
Apple clang version 13.0.0 (clang-1300.0.29.30)
Target: x86_64-apple-darwin20.6.0
Thread model: posix
InstalledDir: /Library/Developer/CommandLineTools/usr/bin
clang: error: unsupported option '-fopenmp'
make[1]: *** [CMakeFiles/cmTC_b51d3.dir/OpenMPTryFlag.c.o] Error 1
make: *** [cmTC_b51d3/fast] Error 2



Detecting C OpenMP failed with the following output:
Change Dir: /Users/sasha/Documents/code/repos/IE-minor/kinect-nn/build/CMakeFiles/CMakeScratch/TryCompile-Jrj3U0

Run Build Command(s):/usr/bin/make -f Makefile cmTC_f04ec/fast && /Library/Developer/CommandLineTools/usr/bin/make  -f CMakeFiles/cmTC_f04ec.dir/build.make CMakeFiles/cmTC_f04ec.dir/build
Building C object CMakeFiles/cmTC_f04ec.dir/OpenMPTryFlag.c.o
/Library/Developer/CommandLineTools/usr/bin/cc   -Xclang -fopenmp -v -isysroot /Library/Developer/CommandLineTools/SDKs/MacOSX12.1.sdk -mmacosx-version-min=11.7 -MD -MT CMakeFiles/cmTC_f04ec.dir/OpenMPTryFlag.c.o -MF CMakeFiles/cmTC_f04ec.dir/OpenMPTryFlag.c.o.d -o CMakeFiles/cmTC_f04ec.dir/OpenMPTryFlag.c.o -c /Users/sasha/Documents/code/repos/IE-minor/kinect-nn/build/CMakeFiles/CMakeScratch/TryCompile-Jrj3U0/OpenMPTryFlag.c
Apple clang version 13.0.0 (clang-1300.0.29.30)
Target: x86_64-apple-darwin20.6.0
Thread model: posix
InstalledDir: /Library/Developer/CommandLineTools/usr/bin
 "/Library/Developer/CommandLineTools/usr/bin/clang" -cc1 -triple x86_64-apple-macosx11.7.0 -Wundef-prefix=TARGET_OS_ -Wdeprecated-objc-isa-usage -Werror=deprecated-objc-isa-usage -Werror=implicit-function-declaration -emit-obj -mrelax-all --mrelax-relocations -disable-free -disable-llvm-verifier -discard-value-names -main-file-name OpenMPTryFlag.c -mrelocation-model pic -pic-level 2 -mframe-pointer=all -fno-strict-return -fno-rounding-math -munwind-tables -target-sdk-version=12.1 -fvisibility-inlines-hidden-static-local-var -target-cpu penryn -tune-cpu generic -debugger-tuning=lldb -target-linker-version 711 -v -resource-dir /Library/Developer/CommandLineTools/usr/lib/clang/13.0.0 -dependency-file CMakeFiles/cmTC_f04ec.dir/OpenMPTryFlag.c.o.d -skip-unused-modulemap-deps -MT CMakeFiles/cmTC_f04ec.dir/OpenMPTryFlag.c.o -sys-header-deps -isysroot /Library/Developer/CommandLineTools/SDKs/MacOSX12.1.sdk -internal-isystem /Library/Developer/CommandLineTools/SDKs/MacOSX12.1.sdk/usr/local/include -internal-isystem /Library/Developer/CommandLineTools/usr/lib/clang/13.0.0/include -internal-externc-isystem /Library/Developer/CommandLineTools/SDKs/MacOSX12.1.sdk/usr/include -internal-externc-isystem /Library/Developer/CommandLineTools/usr/include -Wno-reorder-init-list -Wno-implicit-int-float-conversion -Wno-c99-designator -Wno-final-dtor-non-final-class -Wno-extra-semi-stmt -Wno-misleading-indentation -Wno-quoted-include-in-framework-header -Wno-implicit-fallthrough -Wno-enum-enum-conversion -Wno-enum-float-conversion -Wno-elaborated-enum-base -fdebug-compilation-dir /Users/sasha/Documents/code/repos/IE-minor/kinect-nn/build/CMakeFiles/CMakeScratch/TryCompile-Jrj3U0 -ferror-limit 19 -stack-protector 1 -fstack-check -mdarwin-stkchk-strong-link -fblocks -fencode-extended-block-signature -fregister-global-dtors-with-atexit -fgnuc-version=4.2.1 -fmax-type-align=16 -fcommon -fopenmp -clang-vendor-feature=+nullptrToBoolConversion -clang-vendor-feature=+messageToSelfInClassMethodIdReturnType -clang-vendor-feature=+disableInferNewAvailabilityFromInit -clang-vendor-feature=+disableNeonImmediateRangeCheck -clang-vendor-feature=+disableNonDependentMemberExprInCurrentInstantiation -fno-odr-hash-protocols -clang-vendor-feature=+revert09abecef7bbf -mllvm -disable-aligned-alloc-awareness=1 -mllvm -enable-dse-memoryssa=0 -o CMakeFiles/cmTC_f04ec.dir/OpenMPTryFlag.c.o -x c /Users/sasha/Documents/code/repos/IE-minor/kinect-nn/build/CMakeFiles/CMakeScratch/TryCompile-Jrj3U0/OpenMPTryFlag.c
clang -cc1 version 13.0.0 (clang-1300.0.29.30) default target x86_64-apple-darwin20.6.0
ignoring nonexistent directory "/Library/Developer/CommandLineTools/SDKs/MacOSX12.1.sdk/usr/local/include"
ignoring nonexistent directory "/Library/Developer/CommandLineTools/SDKs/MacOSX12.1.sdk/Library/Frameworks"
#include "..." search starts here:
#include <...> search starts here:
 /Library/Developer/CommandLineTools/usr/lib/clang/13.0.0/include
 /Library/Developer/CommandLineTools/SDKs/MacOSX12.1.sdk/usr/include
 /Library/Developer/CommandLineTools/usr/include
 /Library/Developer/CommandLineTools/SDKs/MacOSX12.1.sdk/System/Library/Frameworks (framework directory)
End of search list.
/Users/sasha/Documents/code/repos/IE-minor/kinect-nn/build/CMakeFiles/CMakeScratch/TryCompile-Jrj3U0/OpenMPTryFlag.c:2:10: fatal error: 'omp.h' file not found
#include <omp.h>
         ^~~~~~~
1 error generated.
make[1]: *** [CMakeFiles/cmTC_f04ec.dir/OpenMPTryFlag.c.o] Error 1
make: *** [cmTC_f04ec/fast] Error 2



Detecting CXX OpenMP failed with the following output:
Change Dir: /Users/sasha/Documents/code/repos/IE-minor/kinect-nn/build/CMakeFiles/CMakeScratch/TryCompile-ttfWce

Run Build Command(s):/usr/bin/make -f Makefile cmTC_87439/fast && /Library/Developer/CommandLineTools/usr/bin/make  -f CMakeFiles/cmTC_87439.dir/build.make CMakeFiles/cmTC_87439.dir/build
Building CXX object CMakeFiles/cmTC_87439.dir/OpenMPTryFlag.cpp.o
/Library/Developer/CommandLineTools/usr/bin/c++   -fopenmp=libomp -v -isysroot /Library/Developer/CommandLineTools/SDKs/MacOSX12.1.sdk -mmacosx-version-min=11.7 -MD -MT CMakeFiles/cmTC_87439.dir/OpenMPTryFlag.cpp.o -MF CMakeFiles/cmTC_87439.dir/OpenMPTryFlag.cpp.o.d -o CMakeFiles/cmTC_87439.dir/OpenMPTryFlag.cpp.o -c /Users/sasha/Documents/code/repos/IE-minor/kinect-nn/build/CMakeFiles/CMakeScratch/TryCompile-ttfWce/OpenMPTryFlag.cpp
Apple clang version 13.0.0 (clang-1300.0.29.30)
Target: x86_64-apple-darwin20.6.0
Thread model: posix
InstalledDir: /Library/Developer/CommandLineTools/usr/bin
clang: error: unsupported argument 'libomp' to option 'fopenmp='
make[1]: *** [CMakeFiles/cmTC_87439.dir/OpenMPTryFlag.cpp.o] Error 1
make: *** [cmTC_87439/fast] Error 2



Detecting CXX OpenMP failed with the following output:
Change Dir: /Users/sasha/Documents/code/repos/IE-minor/kinect-nn/build/CMakeFiles/CMakeScratch/TryCompile-dNSziU

Run Build Command(s):/usr/bin/make -f Makefile cmTC_cd603/fast && /Library/Developer/CommandLineTools/usr/bin/make  -f CMakeFiles/cmTC_cd603.dir/build.make CMakeFiles/cmTC_cd603.dir/build
Building CXX object CMakeFiles/cmTC_cd603.dir/OpenMPTryFlag.cpp.o
/Library/Developer/CommandLineTools/usr/bin/c++   -fopenmp=libiomp5 -v -isysroot /Library/Developer/CommandLineTools/SDKs/MacOSX12.1.sdk -mmacosx-version-min=11.7 -MD -MT CMakeFiles/cmTC_cd603.dir/OpenMPTryFlag.cpp.o -MF CMakeFiles/cmTC_cd603.dir/OpenMPTryFlag.cpp.o.d -o CMakeFiles/cmTC_cd603.dir/OpenMPTryFlag.cpp.o -c /Users/sasha/Documents/code/repos/IE-minor/kinect-nn/build/CMakeFiles/CMakeScratch/TryCompile-dNSziU/OpenMPTryFlag.cpp
Apple clang version 13.0.0 (clang-1300.0.29.30)
Target: x86_64-apple-darwin20.6.0
Thread model: posix
InstalledDir: /Library/Developer/CommandLineTools/usr/bin
clang: error: unsupported argument 'libiomp5' to option 'fopenmp='
make[1]: *** [CMakeFiles/cmTC_cd603.dir/OpenMPTryFlag.cpp.o] Error 1
make: *** [cmTC_cd603/fast] Error 2



Detecting CXX OpenMP failed with the following output:
Change Dir: /Users/sasha/Documents/code/repos/IE-minor/kinect-nn/build/CMakeFiles/CMakeScratch/TryCompile-eA31fy

Run Build Command(s):/usr/bin/make -f Makefile cmTC_a942a/fast && /Library/Developer/CommandLineTools/usr/bin/make  -f CMakeFiles/cmTC_a942a.dir/build.make CMakeFiles/cmTC_a942a.dir/build
Building CXX object CMakeFiles/cmTC_a942a.dir/OpenMPTryFlag.cpp.o
/Library/Developer/CommandLineTools/usr/bin/c++   -fopenmp -v -isysroot /Library/Developer/CommandLineTools/SDKs/MacOSX12.1.sdk -mmacosx-version-min=11.7 -MD -MT CMakeFiles/cmTC_a942a.dir/OpenMPTryFlag.cpp.o -MF CMakeFiles/cmTC_a942a.dir/OpenMPTryFlag.cpp.o.d -o CMakeFiles/cmTC_a942a.dir/OpenMPTryFlag.cpp.o -c /Users/sasha/Documents/code/repos/IE-minor/kinect-nn/build/CMakeFiles/CMakeScratch/TryCompile-eA31fy/OpenMPTryFlag.cpp
Apple clang version 13.0.0 (clang-1300.0.29.30)
Target: x86_64-apple-darwin20.6.0
Thread model: posix
InstalledDir: /Library/Developer/CommandLineTools/usr/bin
clang: error: unsupported option '-fopenmp'
make[1]: *** [CMakeFiles/cmTC_a942a.dir/OpenMPTryFlag.cpp.o] Error 1
make: *** [cmTC_a942a/fast] Error 2



Detecting CXX OpenMP failed with the following output:
Change Dir: /Users/sasha/Documents/code/repos/IE-minor/kinect-nn/build/CMakeFiles/CMakeScratch/TryCompile-qUawf4

Run Build Command(s):/usr/bin/make -f Makefile cmTC_70c4c/fast && /Library/Developer/CommandLineTools/usr/bin/make  -f CMakeFiles/cmTC_70c4c.dir/build.make CMakeFiles/cmTC_70c4c.dir/build
Building CXX object CMakeFiles/cmTC_70c4c.dir/OpenMPTryFlag.cpp.o
/Library/Developer/CommandLineTools/usr/bin/c++   -Xclang -fopenmp -v -isysroot /Library/Developer/CommandLineTools/SDKs/MacOSX12.1.sdk -mmacosx-version-min=11.7 -MD -MT CMakeFiles/cmTC_70c4c.dir/OpenMPTryFlag.cpp.o -MF CMakeFiles/cmTC_70c4c.dir/OpenMPTryFlag.cpp.o.d -o CMakeFiles/cmTC_70c4c.dir/OpenMPTryFlag.cpp.o -c /Users/sasha/Documents/code/repos/IE-minor/kinect-nn/build/CMakeFiles/CMakeScratch/TryCompile-qUawf4/OpenMPTryFlag.cpp
Apple clang version 13.0.0 (clang-1300.0.29.30)
Target: x86_64-apple-darwin20.6.0
Thread model: posix
InstalledDir: /Library/Developer/CommandLineTools/usr/bin
 "/Library/Developer/CommandLineTools/usr/bin/clang" -cc1 -triple x86_64-apple-macosx11.7.0 -Wundef-prefix=TARGET_OS_ -Wdeprecated-objc-isa-usage -Werror=deprecated-objc-isa-usage -Werror=implicit-function-declaration -emit-obj -mrelax-all --mrelax-relocations -disable-free -disable-llvm-verifier -discard-value-names -main-file-name OpenMPTryFlag.cpp -mrelocation-model pic -pic-level 2 -mframe-pointer=all -fno-strict-return -fno-rounding-math -munwind-tables -target-sdk-version=12.1 -fvisibility-inlines-hidden-static-local-var -target-cpu penryn -tune-cpu generic -debugger-tuning=lldb -target-linker-version 711 -v -resource-dir /Library/Developer/CommandLineTools/usr/lib/clang/13.0.0 -dependency-file CMakeFiles/cmTC_70c4c.dir/OpenMPTryFlag.cpp.o.d -skip-unused-modulemap-deps -MT CMakeFiles/cmTC_70c4c.dir/OpenMPTryFlag.cpp.o -sys-header-deps -isysroot /Library/Developer/CommandLineTools/SDKs/MacOSX12.1.sdk -stdlib=libc++ -internal-isystem /Library/Developer/CommandLineTools/SDKs/MacOSX12.1.sdk/usr/include/c++/v1 -internal-isystem /Library/Developer/CommandLineTools/SDKs/MacOSX12.1.sdk/usr/local/include -internal-isystem /Library/Developer/CommandLineTools/usr/lib/clang/13.0.0/include -internal-externc-isystem /Library/Developer/CommandLineTools/SDKs/MacOSX12.1.sdk/usr/include -internal-externc-isystem /Library/Developer/CommandLineTools/usr/include -Wno-reorder-init-list -Wno-implicit-int-float-conversion -Wno-c99-designator -Wno-final-dtor-non-final-class -Wno-extra-semi-stmt -Wno-misleading-indentation -Wno-quoted-include-in-framework-header -Wno-implicit-fallthrough -Wno-enum-enum-conversion -Wno-enum-float-conversion -Wno-elaborated-enum-base -fdeprecated-macro -fdebug-compilation-dir /Users/sasha/Documents/code/repos/IE-minor/kinect-nn/build/CMakeFiles/CMakeScratch/TryCompile-qUawf4 -ferror-limit 19 -stack-protector 1 -fstack-check -mdarwin-stkchk-strong-link -fblocks -fencode-extended-block-signature -fregister-global-dtors-with-atexit -fgnuc-version=4.2.1 -fno-cxx-modules -fcxx-exceptions -fexceptions -fmax-type-align=16 -fcommon -fopenmp -clang-vendor-feature=+nullptrToBoolConversion -clang-vendor-feature=+messageToSelfInClassMethodIdReturnType -clang-vendor-feature=+disableInferNewAvailabilityFromInit -clang-vendor-feature=+disableNeonImmediateRangeCheck -clang-vendor-feature=+disableNonDependentMemberExprInCurrentInstantiation -fno-odr-hash-protocols -clang-vendor-feature=+revert09abecef7bbf -mllvm -disable-aligned-alloc-awareness=1 -mllvm -enable-dse-memoryssa=0 -o CMakeFiles/cmTC_70c4c.dir/OpenMPTryFlag.cpp.o -x c++ /Users/sasha/Documents/code/repos/IE-minor/kinect-nn/build/CMakeFiles/CMakeScratch/TryCompile-qUawf4/OpenMPTryFlag.cpp
clang -cc1 version 13.0.0 (clang-1300.0.29.30) default target x86_64-apple-darwin20.6.0
ignoring nonexistent directory "/Library/Developer/CommandLineTools/SDKs/MacOSX12.1.sdk/usr/local/include"
ignoring nonexistent directory "/Library/Developer/CommandLineTools/SDKs/MacOSX12.1.sdk/Library/Frameworks"
#include "..." search starts here:
#include <...> search starts here:
 /Library/Developer/CommandLineTools/SDKs/MacOSX12.1.sdk/usr/include/c++/v1
 /Library/Developer/CommandLineTools/usr/lib/clang/13.0.0/include
 /Library/Developer/CommandLineTools/SDKs/MacOSX12.1.sdk/usr/include
 /Library/Developer/CommandLineTools/usr/include
 /Library/Developer/CommandLineTools/SDKs/MacOSX12.1.sdk/System/Library/Frameworks (framework directory)
End of search list.
/Users/sasha/Documents/code/repos/IE-minor/kinect-nn/build/CMakeFiles/CMakeScratch/TryCompile-qUawf4/OpenMPTryFlag.cpp:2:10: fatal error: 'omp.h' file not found
#include <omp.h>
         ^~~~~~~
1 error generated.
make[1]: *** [CMakeFiles/cmTC_70c4c.dir/OpenMPTryFlag.cpp.o] Error 1
make: *** [cmTC_70c4c/fast] Error 2



